<?xml version="1.0" encoding="UTF-8"?>
<!-- Generated by org.testng.reporters.JUnitXMLReporter -->
<testsuite ignored="0" hostname="LAPTOP-GI44T3DT" failures="0" tests="3" name="Default test" time="0.056" errors="0" timestamp="2025-12-29T15:57:59 IST">
  <testcase classname="com.tests.BaseTest" name="@BeforeTest testSetup" time="-1.767004079253E9">
    <failure type="org.testng.TestNGException" message="
Parameter &amp;apos;browsername&amp;apos; is required by BeforeTest on method testSetup but has not been marked @Optional or defined
in C:\Users\Shriya\AppData\Local\Temp\testng-eclipse--332660298\testng-customsuite.xml">
      <![CDATA[org.testng.TestNGException: 
Parameter 'browsername' is required by BeforeTest on method testSetup but has not been marked @Optional or defined
in C:\Users\Shriya\AppData\Local\Temp\testng-eclipse--332660298\testng-customsuite.xml
at org.testng.internal.Parameters.createParams(Parameters.java:270)
at org.testng.internal.Parameters.createParametersForMethod(Parameters.java:358)
at org.testng.internal.Parameters.createParameters(Parameters.java:700)
at org.testng.internal.Parameters.createConfigurationParameters(Parameters.java:168)
at org.testng.internal.ConfigInvoker.invokeConfigurations(ConfigInvoker.java:302)
at org.testng.TestRunner.invokeTestConfigurations(TestRunner.java:637)
at org.testng.TestRunner.beforeRun(TestRunner.java:627)
at org.testng.TestRunner.run(TestRunner.java:589)
at org.testng.SuiteRunner.runTest(SuiteRunner.java:377)
at org.testng.SuiteRunner.runSequentially(SuiteRunner.java:371)
at org.testng.SuiteRunner.privateRun(SuiteRunner.java:332)
at org.testng.SuiteRunner.run(SuiteRunner.java:276)
at org.testng.SuiteRunnerWorker.runSuite(SuiteRunnerWorker.java:53)
at org.testng.SuiteRunnerWorker.run(SuiteRunnerWorker.java:96)
at org.testng.TestNG.runSuitesSequentially(TestNG.java:1212)
at org.testng.TestNG.runSuitesLocally(TestNG.java:1134)
at org.testng.TestNG.runSuites(TestNG.java:1063)
at org.testng.TestNG.run(TestNG.java:1031)
at org.testng.remote.AbstractRemoteTestNG.run(AbstractRemoteTestNG.java:115)
at org.testng.remote.RemoteTestNG.initAndRun(RemoteTestNG.java:251)
at org.testng.remote.RemoteTestNG.main(RemoteTestNG.java:77)
]]>
    </failure>
  </testcase> <!-- @BeforeTest testSetup -->
  <testcase classname="com.tests.HomePageTest" name="@BeforeClass setupClass" time="-1.767004079273E9">
    <skipped/>
  </testcase> <!-- @BeforeClass setupClass -->
  <testcase classname="com.tests.HomePageTest" name="@BeforeMethod waitSomeBefore" time="-1.767004079283E9">
    <skipped/>
  </testcase> <!-- @BeforeMethod waitSomeBefore -->
  <testcase classname="com.tests.HomePageTest" name="@AfterMethod waitSome" time="-1.767004079289E9">
    <skipped/>
  </testcase> <!-- @AfterMethod waitSome -->
  <testcase classname="com.tests.HomePageTest" name="@BeforeMethod waitSomeBefore" time="-1.767004079293E9">
    <skipped/>
  </testcase> <!-- @BeforeMethod waitSomeBefore -->
  <testcase classname="com.tests.HomePageTest" name="@AfterMethod waitSome" time="-1.767004079298E9">
    <skipped/>
  </testcase> <!-- @AfterMethod waitSome -->
  <testcase classname="com.tests.HomePageTest" name="@BeforeMethod waitSomeBefore" time="-1.767004079299E9">
    <skipped/>
  </testcase> <!-- @BeforeMethod waitSomeBefore -->
  <testcase classname="com.tests.HomePageTest" name="@AfterMethod waitSome" time="-1.767004079304E9">
    <skipped/>
  </testcase> <!-- @AfterMethod waitSome -->
  <testcase classname="com.tests.BaseTest" name="@AfterTest suiteTearDown" time="-1.767004079306E9">
    <skipped/>
  </testcase> <!-- @AfterTest suiteTearDown -->
  <testcase classname="com.tests.HomePageTest" name="testSearchBox" time="0.0">
    <skipped/>
  </testcase> <!-- testSearchBox -->
  <testcase classname="com.tests.HomePageTest" name="testSearchbtn" time="0.0">
    <skipped/>
  </testcase> <!-- testSearchbtn -->
  <testcase classname="com.tests.HomePageTest" name="testAddToCart" time="0.0">
    <skipped/>
  </testcase> <!-- testAddToCart -->
</testsuite> <!-- Default test -->
