<?xml version="1.0" encoding="UTF-8"?>
<!-- Generated by org.testng.reporters.JUnitXMLReporter -->
<testsuite ignored="0" hostname="PUN-PSALUNKE02" failures="0" tests="1" name="Default test" time="0.041" errors="0" timestamp="2025-12-28T13:45:35 IST">
  <testcase classname="com.tests.BaseTest" name="@BeforeSuite suitSetup" time="-1.76690973492E9">
    <failure type="org.testng.TestNGException" message="
Parameter &amp;apos;browsername&amp;apos; is required by BeforeSuite on method suitSetup but has not been marked @Optional or defined
in C:\Users\prateek.salunke\AppData\Local\Temp\testng-eclipse--552686295\testng-customsuite.xml">
      <![CDATA[org.testng.TestNGException: 
Parameter 'browsername' is required by BeforeSuite on method suitSetup but has not been marked @Optional or defined
in C:\Users\prateek.salunke\AppData\Local\Temp\testng-eclipse--552686295\testng-customsuite.xml
at org.testng.internal.Parameters.createParams(Parameters.java:268)
at org.testng.internal.Parameters.createParametersForMethod(Parameters.java:356)
at org.testng.internal.Parameters.createParameters(Parameters.java:700)
at org.testng.internal.Parameters.createConfigurationParameters(Parameters.java:166)
at org.testng.internal.ConfigInvoker.invokeConfigurations(ConfigInvoker.java:301)
at org.testng.SuiteRunner.privateRun(SuiteRunner.java:327)
at org.testng.SuiteRunner.run(SuiteRunner.java:286)
at org.testng.SuiteRunnerWorker.runSuite(SuiteRunnerWorker.java:53)
at org.testng.SuiteRunnerWorker.run(SuiteRunnerWorker.java:96)
at org.testng.TestNG.runSuitesSequentially(TestNG.java:1218)
at org.testng.TestNG.runSuitesLocally(TestNG.java:1140)
at org.testng.TestNG.runSuites(TestNG.java:1069)
at org.testng.TestNG.run(TestNG.java:1037)
at org.testng.remote.AbstractRemoteTestNG.run(AbstractRemoteTestNG.java:115)
at org.testng.remote.RemoteTestNG.initAndRun(RemoteTestNG.java:251)
at org.testng.remote.RemoteTestNG.main(RemoteTestNG.java:77)
]]>
    </failure>
  </testcase> <!-- @BeforeSuite suitSetup -->
  <testcase classname="com.tests.LoginPageTest" name="@BeforeClass pageSetup" time="-1.766909734946E9">
    <skipped/>
  </testcase> <!-- @BeforeClass pageSetup -->
  <testcase classname="com.tests.LoginPageTest" name="searchtest" time="0.0">
    <skipped/>
  </testcase> <!-- searchtest -->
</testsuite> <!-- Default test -->
