<?xml version="1.0" encoding="UTF-8"?>
<!-- Generated by org.testng.reporters.JUnitXMLReporter -->
<testsuite ignored="2" hostname="PUN-PSALUNKE02" failures="5" tests="6" name="Edge Test" time="24.91" errors="0" timestamp="2025-12-28T19:08:52 IST">
  <testcase classname="com.tests.BaseTest" name="@AfterTest suiteTearDown" time="0.519">
    <failure type="java.lang.NullPointerException" message="Cannot invoke &amp;quot;com.aventstack.extentreports.ExtentReports.flush()&amp;quot; because &amp;quot;this.reports&amp;quot; is null">
      <![CDATA[java.lang.NullPointerException: Cannot invoke "com.aventstack.extentreports.ExtentReports.flush()" because "this.reports" is null
at com.base.Base.tearDown(Base.java:70)
at com.tests.BaseTest.suiteTearDown(BaseTest.java:20)
... Removed 22 stack frames]]>
    </failure>
  </testcase> <!-- @AfterTest suiteTearDown -->
  <testcase classname="com.tests.HomePageTest" name="testSearchBox" time="0.323">
    <failure type="java.lang.AssertionError" message="expected [true] but found [false]">
      <![CDATA[java.lang.AssertionError: expected [true] but found [false]
at com.tests.HomePageTest.testSearchBox(HomePageTest.java:38)
at java.base/java.util.ArrayList.forEach(ArrayList.java:1597)
... Removed 29 stack frames]]>
    </failure>
  </testcase> <!-- testSearchBox -->
  <testcase classname="com.tests.HomePageTest" name="testSearchbtn" time="0.796"/>
  <testcase classname="com.tests.HomePageTest" name="testSearchbtn" time="0.797">
    <failure type="java.lang.NullPointerException" message="Cannot invoke &amp;quot;com.aventstack.extentreports.ExtentReports.createTest(String)&amp;quot; because &amp;quot;this.reports&amp;quot; is null">
      <![CDATA[java.lang.NullPointerException: Cannot invoke "com.aventstack.extentreports.ExtentReports.createTest(String)" because "this.reports" is null
at com.utils.Listeners.onTestSuccess(Listeners.java:44)
at java.base/java.util.ArrayList.forEach(ArrayList.java:1597)
... Removed 24 stack frames]]>
    </failure>
  </testcase> <!-- testSearchbtn -->
  <testcase classname="com.tests.HomePageTest" name="testAddToCart" time="0.1">
    <failure type="java.lang.NullPointerException" message="Cannot invoke &amp;quot;org.openqa.selenium.JavascriptExecutor.executeScript(String, Object[])&amp;quot; because &amp;quot;this.exe&amp;quot; is null">
      <![CDATA[java.lang.NullPointerException: Cannot invoke "org.openqa.selenium.JavascriptExecutor.executeScript(String, Object[])" because "this.exe" is null
at com.pages.HomePage.addProductToCart(HomePage.java:57)
at com.tests.HomePageTest.testAddToCart(HomePageTest.java:57)
at java.base/java.util.ArrayList.forEach(ArrayList.java:1597)
... Removed 25 stack frames]]>
    </failure>
  </testcase> <!-- testAddToCart -->
  <testcase classname="com.tests.ShoppingCartTest" name="testShoppingCartBtn" time="0.002">
    <failure type="java.lang.NullPointerException" message="Cannot invoke &amp;quot;org.openqa.selenium.SearchContext.findElement(org.openqa.selenium.By)&amp;quot; because &amp;quot;this.searchContext&amp;quot; is null">
      <![CDATA[java.lang.NullPointerException: Cannot invoke "org.openqa.selenium.SearchContext.findElement(org.openqa.selenium.By)" because "this.searchContext" is null
at org.openqa.selenium.support.pagefactory.DefaultElementLocator.findElement(DefaultElementLocator.java:68)
at org.openqa.selenium.support.pagefactory.internal.LocatingElementHandler.invoke(LocatingElementHandler.java:38)
at jdk.proxy2/jdk.proxy2.$Proxy32.click(Unknown Source)
at com.pages.ShoppingCartPage.clickShoppingCrtbtn(ShoppingCartPage.java:32)
at com.tests.ShoppingCartTest.testShoppingCartBtn(ShoppingCartTest.java:30)
at java.base/java.util.ArrayList.forEach(ArrayList.java:1597)
... Removed 25 stack frames]]>
    </failure>
  </testcase> <!-- testShoppingCartBtn -->
  <testcase classname="com.tests.ShoppingCartTest" name="testCheckoutBtn" time="0.0">
    <failure type="java.lang.NullPointerException" message="Cannot invoke &amp;quot;org.openqa.selenium.SearchContext.findElement(org.openqa.selenium.By)&amp;quot; because &amp;quot;this.searchContext&amp;quot; is null">
      <![CDATA[java.lang.NullPointerException: Cannot invoke "org.openqa.selenium.SearchContext.findElement(org.openqa.selenium.By)" because "this.searchContext" is null
at org.openqa.selenium.support.pagefactory.DefaultElementLocator.findElement(DefaultElementLocator.java:68)
at org.openqa.selenium.support.pagefactory.internal.LocatingElementHandler.invoke(LocatingElementHandler.java:38)
at jdk.proxy2/jdk.proxy2.$Proxy32.click(Unknown Source)
at com.pages.ShoppingCartPage.clickCheckOutBtn(ShoppingCartPage.java:42)
at com.tests.ShoppingCartTest.testCheckoutBtn(ShoppingCartTest.java:41)
at java.base/java.util.ArrayList.forEach(ArrayList.java:1597)
... Removed 25 stack frames]]>
    </failure>
  </testcase> <!-- testCheckoutBtn -->
  <testcase classname="com.tests.BaseTest" name="@AfterTest suiteTearDown" time="0.0">
    <ignored/>
  </testcase> <!-- @AfterTest suiteTearDown -->
  <testcase classname="com.tests.BaseTest" name="@BeforeTest suitSetup" time="0.0">
    <ignored/>
  </testcase> <!-- @BeforeTest suitSetup -->
</testsuite> <!-- Edge Test -->
