<?xml version="1.0" encoding="UTF-8"?>
<!-- Generated by org.testng.reporters.JUnitXMLReporter -->
<testsuite ignored="4" hostname="LAPTOP-GI44T3DT" failures="3" tests="5" name="edge Test" time="29.555" errors="0" timestamp="2025-12-29T16:06:54 IST">
  <testcase classname="com.tests.HomePageTest" name="testSearchBox" time="0.334">
    <failure type="java.lang.AssertionError" message="expected [true] but found [false]">
      <![CDATA[java.lang.AssertionError: expected [true] but found [false]
at com.tests.HomePageTest.testSearchBox(HomePageTest.java:49)
at java.base/java.util.ArrayList.forEach(ArrayList.java:1511)
at java.base/java.util.concurrent.FutureTask.run(FutureTask.java:264)
at java.base/java.util.concurrent.ThreadPoolExecutor.runWorker(ThreadPoolExecutor.java:1136)
at java.base/java.util.concurrent.ThreadPoolExecutor$Worker.run(ThreadPoolExecutor.java:635)
at java.base/java.lang.Thread.run(Thread.java:840)
... Removed 22 stack frames]]>
    </failure>
  </testcase> <!-- testSearchBox -->
  <testcase classname="com.tests.HomePageTest" name="testSearchbtn" time="0.734"/>
  <testcase classname="com.tests.HomePageTest" name="testAddToCart" time="3.334"/>
  <testcase classname="com.tests.ShoppingCartTest" name="testShoppingCartBtn" time="0.439">
    <failure type="java.lang.AssertionError" message="expected [true] but found [false]">
      <![CDATA[java.lang.AssertionError: expected [true] but found [false]
at com.tests.ShoppingCartTest.testShoppingCartBtn(ShoppingCartTest.java:35)
at java.base/java.util.ArrayList.forEach(ArrayList.java:1511)
at java.base/java.util.concurrent.FutureTask.run(FutureTask.java:264)
at java.base/java.util.concurrent.ThreadPoolExecutor.runWorker(ThreadPoolExecutor.java:1136)
at java.base/java.util.concurrent.ThreadPoolExecutor$Worker.run(ThreadPoolExecutor.java:635)
at java.base/java.lang.Thread.run(Thread.java:840)
... Removed 22 stack frames]]>
    </failure>
  </testcase> <!-- testShoppingCartBtn -->
  <testcase classname="com.tests.ShoppingCartTest" name="testCheckoutBtn" time="0.514">
    <failure type="java.lang.AssertionError" message="expected [true] but found [false]">
      <![CDATA[java.lang.AssertionError: expected [true] but found [false]
at com.tests.ShoppingCartTest.testCheckoutBtn(ShoppingCartTest.java:46)
at java.base/java.util.ArrayList.forEach(ArrayList.java:1511)
at java.base/java.util.concurrent.FutureTask.run(FutureTask.java:264)
at java.base/java.util.concurrent.ThreadPoolExecutor.runWorker(ThreadPoolExecutor.java:1136)
at java.base/java.util.concurrent.ThreadPoolExecutor$Worker.run(ThreadPoolExecutor.java:635)
at java.base/java.lang.Thread.run(Thread.java:840)
... Removed 22 stack frames]]>
    </failure>
  </testcase> <!-- testCheckoutBtn -->
  <testcase classname="com.tests.BaseTest" name="@BeforeSuite suitSetup" time="0.0">
    <ignored/>
  </testcase> <!-- @BeforeSuite suitSetup -->
  <testcase classname="com.tests.BaseTest" name="@AfterSuite suiteTeardownT" time="0.0">
    <ignored/>
  </testcase> <!-- @AfterSuite suiteTeardownT -->
  <testcase classname="com.tests.BaseTest" name="@AfterTest suiteTearDown" time="0.0">
    <ignored/>
  </testcase> <!-- @AfterTest suiteTearDown -->
  <testcase classname="com.tests.BaseTest" name="@BeforeTest testSetup" time="0.0">
    <ignored/>
  </testcase> <!-- @BeforeTest testSetup -->
</testsuite> <!-- edge Test -->
