<?xml version="1.0" encoding="UTF-8"?>
<!-- Generated by org.testng.reporters.JUnitXMLReporter -->
<testsuite ignored="2" hostname="LAPTOP-GI44T3DT" failures="2" tests="5" name="Test" time="28.876" errors="0" timestamp="2025-12-29T13:55:19 IST">
  <testcase classname="com.tests.HomePageTest" name="testSearchBox" time="0.202">
    <failure type="java.lang.AssertionError" message="expected [true] but found [false]">
      <![CDATA[java.lang.AssertionError: expected [true] but found [false]
at com.tests.HomePageTest.testSearchBox(HomePageTest.java:38)
at java.base/java.util.ArrayList.forEach(ArrayList.java:1511)
... Removed 31 stack frames]]>
    </failure>
  </testcase> <!-- testSearchBox -->
  <testcase classname="com.tests.HomePageTest" name="testSearchbtn" time="0.441"/>
  <testcase classname="com.tests.HomePageTest" name="testAddToCart" time="3.303"/>
  <testcase classname="com.tests.ShoppingCartTest" name="testShoppingCartBtn" time="0.441"/>
  <testcase classname="com.tests.ShoppingCartTest" name="testCheckoutBtn" time="0.516">
    <failure type="java.lang.AssertionError" message="expected [true] but found [false]">
      <![CDATA[java.lang.AssertionError: expected [true] but found [false]
at com.tests.ShoppingCartTest.testCheckoutBtn(ShoppingCartTest.java:46)
at java.base/java.util.ArrayList.forEach(ArrayList.java:1511)
... Removed 31 stack frames]]>
    </failure>
  </testcase> <!-- testCheckoutBtn -->
  <testcase classname="com.tests.BaseTest" name="@BeforeTest suitSetup" time="0.0">
    <ignored/>
  </testcase> <!-- @BeforeTest suitSetup -->
  <testcase classname="com.tests.BaseTest" name="@AfterTest suiteTearDown" time="0.0">
    <ignored/>
  </testcase> <!-- @AfterTest suiteTearDown -->
</testsuite> <!-- Test -->
