<?xml version="1.0" encoding="UTF-8"?>
<!-- Generated by org.testng.reporters.JUnitXMLReporter -->
<testsuite ignored="2" hostname="PUN-PSALUNKE02" failures="2" tests="5" name="Test" time="26.631" errors="0" timestamp="2025-12-28T17:41:14 IST">
  <testcase classname="com.tests.HomePageTest" name="testSearchBox" time="0.159">
    <failure type="java.lang.AssertionError" message="expected [true] but found [false]">
      <![CDATA[java.lang.AssertionError: expected [true] but found [false]
at com.tests.HomePageTest.testSearchBox(HomePageTest.java:37)
at java.base/java.util.ArrayList.forEach(ArrayList.java:1597)
... Removed 29 stack frames]]>
    </failure>
  </testcase> <!-- testSearchBox -->
  <testcase classname="com.tests.HomePageTest" name="testSearchbtn" time="0.619"/>
  <testcase classname="com.tests.HomePageTest" name="testAddToCart" time="3.235"/>
  <testcase classname="com.tests.ShoppingCartTest" name="testShoppingCartBtn" time="0.457"/>
  <testcase classname="com.tests.ShoppingCartTest" name="testCheckoutBtn" time="0.671">
    <failure type="java.lang.AssertionError" message="expected [true] but found [false]">
      <![CDATA[java.lang.AssertionError: expected [true] but found [false]
at com.tests.ShoppingCartTest.testCheckoutBtn(ShoppingCartTest.java:46)
at java.base/java.util.ArrayList.forEach(ArrayList.java:1597)
... Removed 29 stack frames]]>
    </failure>
  </testcase> <!-- testCheckoutBtn -->
  <testcase classname="com.tests.BaseTest" name="@AfterSuite suiteTearDown" time="0.0">
    <ignored/>
  </testcase> <!-- @AfterSuite suiteTearDown -->
  <testcase classname="com.tests.BaseTest" name="@BeforeSuite suitSetup" time="0.0">
    <ignored/>
  </testcase> <!-- @BeforeSuite suitSetup -->
</testsuite> <!-- Test -->
