<?xml version="1.0" encoding="UTF-8"?>
<!-- Generated by org.testng.reporters.JUnitXMLReporter -->
<testsuite ignored="4" hostname="LAPTOP-GI44T3DT" failures="2" tests="5" name="chrome Test" time="31.998" errors="0" timestamp="2025-12-30T09:29:47 IST">
  <testcase classname="com.tests.HomePageTest" name="testSearchBox" time="0.147">
    <failure type="java.lang.AssertionError" message="expected [true] but found [false]">
      <![CDATA[java.lang.AssertionError: expected [true] but found [false]
at com.tests.HomePageTest.testSearchBox(HomePageTest.java:49)
at java.base/java.util.ArrayList.forEach(ArrayList.java:1511)
... Removed 35 stack frames]]>
    </failure>
  </testcase> <!-- testSearchBox -->
  <testcase classname="com.tests.HomePageTest" name="testSearchbtn" time="0.758"/>
  <testcase classname="com.tests.HomePageTest" name="testAddToCart" time="3.275"/>
  <testcase classname="com.tests.ShoppingCartTest" name="testShoppingCartBtn" time="0.527"/>
  <testcase classname="com.tests.ShoppingCartTest" name="testCheckoutBtn" time="0.755">
    <failure type="java.lang.AssertionError" message="expected [true] but found [false]">
      <![CDATA[java.lang.AssertionError: expected [true] but found [false]
at com.tests.ShoppingCartTest.testCheckoutBtn(ShoppingCartTest.java:46)
at java.base/java.util.ArrayList.forEach(ArrayList.java:1511)
... Removed 35 stack frames]]>
    </failure>
  </testcase> <!-- testCheckoutBtn -->
  <testcase classname="com.tests.BaseTest" name="@AfterSuite suiteTeardownT" time="0.0">
    <ignored/>
  </testcase> <!-- @AfterSuite suiteTeardownT -->
  <testcase classname="com.tests.BaseTest" name="@BeforeTest testSetup" time="0.0">
    <ignored/>
  </testcase> <!-- @BeforeTest testSetup -->
  <testcase classname="com.tests.BaseTest" name="@AfterTest suiteTearDown" time="0.0">
    <ignored/>
  </testcase> <!-- @AfterTest suiteTearDown -->
  <testcase classname="com.tests.BaseTest" name="@BeforeSuite suitSetup" time="0.0">
    <ignored/>
  </testcase> <!-- @BeforeSuite suitSetup -->
</testsuite> <!-- chrome Test -->
