2025-12-26 19:38:33,160 [main] ERROR com.tests.LoginPageTest - java.io.FileNotFoundException: C:\Users\prateek.salunke\eclipse-workspace\FrameWorksrc\test\resources\config.properties (The system cannot find the path specified)
2025-12-26 19:42:30,070 [main] INFO com.tests.LoginPageTest - Starting the report generation part....
2025-12-26 19:42:30,399 [main] INFO com.tests.LoginPageTest - Test -> searchtest Is Starting
2025-12-26 19:42:30,522 [main] INFO com.tests.LoginPageTest - Test - >searchtest Is Passed
2025-12-26 19:42:30,951 [main] INFO com.tests.LoginPageTest - Test is Finished
2025-12-28 13:46:06,177 [main] INFO com.tests.LoginPageTest - Starting the report generation part....
2025-12-28 13:46:06,571 [main] INFO com.tests.LoginPageTest - Test -> searchtest Is Starting
2025-12-28 13:46:06,703 [main] INFO com.tests.LoginPageTest - Test - >searchtest Is Passed
2025-12-28 13:46:07,111 [main] INFO com.tests.LoginPageTest - Test is Finished
2025-12-28 16:28:01,456 [main] INFO com.tests.HomePageTest - Starting the report generation part....
2025-12-28 16:28:01,776 [main] INFO com.tests.HomePageTest - Test -> testSearchBox Is Starting
2025-12-28 16:28:01,921 [main] INFO com.tests.HomePageTest - Test -> testSearchbtn Is Starting
2025-12-28 16:28:02,592 [main] INFO com.tests.HomePageTest - Test - >testSearchbtn Is Passed
2025-12-28 16:28:02,594 [main] INFO com.tests.HomePageTest - Test -> testAddToCart Is Starting
2025-12-28 16:28:03,020 [main] INFO com.tests.HomePageTest - Test is Finished
2025-12-28 16:29:51,381 [main] INFO com.tests.HomePageTest - Starting the report generation part....
2025-12-28 16:29:51,708 [main] INFO com.tests.HomePageTest - Test -> testSearchBox Is Starting
2025-12-28 16:29:55,857 [main] INFO com.tests.HomePageTest - Test -> testSearchbtn Is Starting
2025-12-28 16:29:56,469 [main] INFO com.tests.HomePageTest - Test - >testSearchbtn Is Passed
2025-12-28 16:30:00,474 [main] INFO com.tests.HomePageTest - Test -> testAddToCart Is Starting
2025-12-28 16:30:04,913 [main] INFO com.tests.HomePageTest - Test is Finished
2025-12-28 16:32:48,269 [main] INFO com.tests.HomePageTest - Starting the report generation part....
2025-12-28 16:32:48,619 [main] INFO com.tests.HomePageTest - Test -> testSearchBox Is Starting
2025-12-28 16:32:48,712 [main] INFO com.tests.HomePageTest - Inside get getSearchvalue method
2025-12-28 16:32:48,726 [main] INFO com.tests.HomePageTest - The Value seacrched is = 
2025-12-28 16:32:52,784 [main] INFO com.tests.HomePageTest - Test -> testSearchbtn Is Starting
2025-12-28 16:32:53,415 [main] INFO com.tests.HomePageTest - Test - >testSearchbtn Is Passed
2025-12-28 16:32:57,425 [main] INFO com.tests.HomePageTest - Test -> testAddToCart Is Starting
2025-12-28 16:33:01,810 [main] INFO com.tests.HomePageTest - Test is Finished
2025-12-28 16:35:12,179 [main] INFO com.tests.HomePageTest - Starting the report generation part....
2025-12-28 16:35:12,533 [main] INFO com.tests.HomePageTest - Test -> testSearchBox Is Starting
2025-12-28 16:35:12,633 [main] INFO com.tests.HomePageTest - Inside get getSearchvalue method
2025-12-28 16:35:12,656 [main] INFO com.tests.HomePageTest - The Value seacrched is = 
2025-12-28 16:35:16,682 [main] INFO com.tests.HomePageTest - Test -> testSearchbtn Is Starting
2025-12-28 16:35:17,309 [main] INFO com.tests.HomePageTest - Test - >testSearchbtn Is Passed
2025-12-28 16:35:21,312 [main] INFO com.tests.HomePageTest - Test -> testAddToCart Is Starting
2025-12-28 16:35:25,785 [main] INFO com.tests.HomePageTest - Test is Finished
2025-12-28 16:39:42,076 [main] INFO com.tests.HomePageTest - Starting the report generation part....
2025-12-28 16:39:42,528 [main] INFO com.tests.HomePageTest - Test -> testSearchBox Is Starting
2025-12-28 16:39:42,662 [main] INFO com.tests.HomePageTest - Inside get getSearchvalue method
2025-12-28 16:39:42,662 [main] INFO com.tests.HomePageTest - The Value seacrched is = 
2025-12-28 16:39:46,676 [main] INFO com.tests.HomePageTest - Test -> testSearchbtn Is Starting
2025-12-28 16:39:47,332 [main] INFO com.tests.HomePageTest - Test - >testSearchbtn Is Passed
2025-12-28 16:39:51,338 [main] INFO com.tests.HomePageTest - Test -> testAddToCart Is Starting
2025-12-28 16:39:55,783 [main] INFO com.tests.HomePageTest - Test is Finished
2025-12-28 16:41:08,165 [main] INFO com.tests.HomePageTest - Starting the report generation part....
2025-12-28 16:41:08,510 [main] INFO com.tests.HomePageTest - Test -> testSearchBox Is Starting
2025-12-28 16:41:08,600 [main] INFO com.tests.HomePageTest - Inside get getSearchvalue method
2025-12-28 16:41:08,643 [main] INFO com.tests.HomePageTest - The Value seacrched is = iMac
2025-12-28 16:41:12,691 [main] INFO com.tests.HomePageTest - Test -> testSearchbtn Is Starting
2025-12-28 16:41:13,312 [main] INFO com.tests.HomePageTest - Test - >testSearchbtn Is Passed
2025-12-28 16:41:17,321 [main] INFO com.tests.HomePageTest - Test -> testAddToCart Is Starting
2025-12-28 16:41:21,698 [main] INFO com.tests.HomePageTest - Test is Finished
2025-12-28 16:45:54,425 [main] INFO com.tests.HomePageTest - Starting the report generation part....
2025-12-28 16:45:54,781 [main] INFO com.tests.HomePageTest - Test -> testSearchBox Is Starting
2025-12-28 16:45:54,868 [main] INFO com.tests.HomePageTest - Inside get getSearchvalue method
2025-12-28 16:45:54,894 [main] INFO com.tests.HomePageTest - The Value seacrched is = iMac
2025-12-28 16:45:58,934 [main] INFO com.tests.HomePageTest - Test -> testSearchbtn Is Starting
2025-12-28 16:45:59,534 [main] INFO com.tests.HomePageTest - Test - >testSearchbtn Is Passed
2025-12-28 16:46:03,550 [main] INFO com.tests.HomePageTest - Test -> testAddToCart Is Starting
2025-12-28 16:46:08,014 [main] INFO com.tests.HomePageTest - Test is Finished
2025-12-28 16:48:41,855 [main] INFO com.tests.HomePageTest - Starting the report generation part....
2025-12-28 16:48:42,169 [main] INFO com.tests.HomePageTest - Test -> testSearchBox Is Starting
2025-12-28 16:48:42,274 [main] INFO com.tests.HomePageTest - Inside get getSearchvalue method
2025-12-28 16:48:42,306 [main] INFO com.tests.HomePageTest - The Value seacrched is = iMac
2025-12-28 16:48:46,346 [main] INFO com.tests.HomePageTest - Test -> testSearchbtn Is Starting
2025-12-28 16:48:46,953 [main] INFO com.tests.HomePageTest - The ProdcutsSize is = 1
2025-12-28 16:48:46,963 [main] INFO com.tests.HomePageTest - Test - >testSearchbtn Is Passed
2025-12-28 16:48:50,978 [main] INFO com.tests.HomePageTest - Test -> testAddToCart Is Starting
2025-12-28 16:48:55,513 [main] INFO com.tests.HomePageTest - Test is Finished
2025-12-28 16:50:09,419 [main] INFO com.tests.HomePageTest - Starting the report generation part....
2025-12-28 16:50:09,762 [main] INFO com.tests.HomePageTest - Test -> testSearchBox Is Starting
2025-12-28 16:50:09,860 [main] INFO com.tests.HomePageTest - Inside get getSearchvalue method
2025-12-28 16:50:09,893 [main] INFO com.tests.HomePageTest - The Value seacrched is = iMac
2025-12-28 16:50:13,925 [main] INFO com.tests.HomePageTest - Test -> testSearchbtn Is Starting
2025-12-28 16:50:14,542 [main] INFO com.tests.HomePageTest - The ProdcutsSize is = 1
2025-12-28 16:50:14,551 [main] INFO com.tests.HomePageTest - Test - >testSearchbtn Is Passed
2025-12-28 16:50:18,552 [main] INFO com.tests.HomePageTest - Test -> testAddToCart Is Starting
2025-12-28 16:50:22,969 [main] INFO com.tests.HomePageTest - Test is Finished
2025-12-28 17:00:24,242 [main] INFO com.tests.HomePageTest - Starting the report generation part....
2025-12-28 17:00:24,608 [main] INFO com.tests.HomePageTest - Test -> testSearchBox Is Starting
2025-12-28 17:00:24,714 [main] INFO com.tests.HomePageTest - Inside get getSearchvalue method
2025-12-28 17:00:24,748 [main] INFO com.tests.HomePageTest - The Value seacrched is = iMac
2025-12-28 17:00:28,789 [main] INFO com.tests.HomePageTest - Test -> testSearchbtn Is Starting
2025-12-28 17:00:29,441 [main] INFO com.tests.HomePageTest - The ProdcutsSize is = 1
2025-12-28 17:00:29,441 [main] INFO com.tests.HomePageTest - Test - >testSearchbtn Is Passed
2025-12-28 17:00:33,462 [main] INFO com.tests.HomePageTest - Test -> testAddToCart Is Starting
2025-12-28 17:00:38,194 [main] INFO com.tests.HomePageTest - Test is Finished
2025-12-28 17:01:57,891 [main] INFO com.tests.HomePageTest - Starting the report generation part....
2025-12-28 17:01:58,297 [main] INFO com.tests.HomePageTest - Test -> testSearchBox Is Starting
2025-12-28 17:01:58,411 [main] INFO com.tests.HomePageTest - Inside get getSearchvalue method
2025-12-28 17:01:58,440 [main] INFO com.tests.HomePageTest - The Value seacrched is = iMac
2025-12-28 17:02:02,480 [main] INFO com.tests.HomePageTest - Test -> testSearchbtn Is Starting
2025-12-28 17:02:03,131 [main] INFO com.tests.HomePageTest - The ProdcutsSize is = 1
2025-12-28 17:02:03,141 [main] INFO com.tests.HomePageTest - Test - >testSearchbtn Is Passed
2025-12-28 17:02:07,158 [main] INFO com.tests.HomePageTest - Test -> testAddToCart Is Starting
2025-12-28 17:02:11,655 [main] INFO com.tests.HomePageTest - Test is Finished
2025-12-28 17:04:44,208 [main] INFO com.tests.HomePageTest - Starting the report generation part....
2025-12-28 17:04:44,558 [main] INFO com.tests.HomePageTest - Test -> testSearchBox Is Starting
2025-12-28 17:04:44,682 [main] INFO com.tests.HomePageTest - Inside get getSearchvalue method
2025-12-28 17:04:44,712 [main] INFO com.tests.HomePageTest - The Value seacrched is = iMac
2025-12-28 17:04:48,760 [main] INFO com.tests.HomePageTest - Test -> testSearchbtn Is Starting
2025-12-28 17:04:49,378 [main] INFO com.tests.HomePageTest - The ProdcutsSize is = 1
2025-12-28 17:04:49,394 [main] INFO com.tests.HomePageTest - Test - >testSearchbtn Is Passed
2025-12-28 17:04:53,396 [main] INFO com.tests.HomePageTest - Test -> testAddToCart Is Starting
2025-12-28 17:04:57,873 [main] INFO com.tests.HomePageTest - Test is Finished
2025-12-28 17:05:54,904 [main] INFO com.tests.HomePageTest - Starting the report generation part....
2025-12-28 17:05:55,232 [main] INFO com.tests.HomePageTest - Test -> testSearchBox Is Starting
2025-12-28 17:05:55,342 [main] INFO com.tests.HomePageTest - Inside get getSearchvalue method
2025-12-28 17:05:55,374 [main] INFO com.tests.HomePageTest - The Value seacrched is = iMac
2025-12-28 17:05:59,420 [main] INFO com.tests.HomePageTest - Test -> testSearchbtn Is Starting
2025-12-28 17:06:00,035 [main] INFO com.tests.HomePageTest - The ProdcutsSize is = 1
2025-12-28 17:06:00,052 [main] INFO com.tests.HomePageTest - Test - >testSearchbtn Is Passed
2025-12-28 17:06:04,056 [main] INFO com.tests.HomePageTest - Test -> testAddToCart Is Starting
2025-12-28 17:06:08,560 [main] INFO com.tests.HomePageTest - Test is Finished
2025-12-28 17:08:01,416 [main] INFO com.tests.HomePageTest - Starting the report generation part....
2025-12-28 17:08:01,860 [main] INFO com.tests.HomePageTest - Test -> testSearchBox Is Starting
2025-12-28 17:08:01,973 [main] INFO com.tests.HomePageTest - Inside get getSearchvalue method
2025-12-28 17:08:02,027 [main] INFO com.tests.HomePageTest - The Value seacrched is = iMac
2025-12-28 17:08:06,088 [main] INFO com.tests.HomePageTest - Test -> testSearchbtn Is Starting
2025-12-28 17:08:06,765 [main] INFO com.tests.HomePageTest - The ProdcutsSize is = 1
2025-12-28 17:08:06,775 [main] INFO com.tests.HomePageTest - Test - >testSearchbtn Is Passed
2025-12-28 17:08:10,783 [main] INFO com.tests.HomePageTest - Test -> testAddToCart Is Starting
2025-12-28 17:08:15,854 [main] INFO com.tests.HomePageTest - Test is Finished
2025-12-28 17:09:07,328 [main] INFO com.tests.HomePageTest - Starting the report generation part....
2025-12-28 17:09:07,807 [main] INFO com.tests.HomePageTest - Test -> testSearchBox Is Starting
2025-12-28 17:09:07,924 [main] INFO com.tests.HomePageTest - Inside get getSearchvalue method
2025-12-28 17:09:07,985 [main] INFO com.tests.HomePageTest - The Value seacrched is = iMac
2025-12-28 17:09:12,034 [main] INFO com.tests.HomePageTest - Test -> testSearchbtn Is Starting
2025-12-28 17:09:12,785 [main] INFO com.tests.HomePageTest - The ProdcutsSize is = 1
2025-12-28 17:09:12,803 [main] INFO com.tests.HomePageTest - Test - >testSearchbtn Is Passed
2025-12-28 17:09:16,816 [main] INFO com.tests.HomePageTest - Test -> testAddToCart Is Starting
2025-12-28 17:09:22,198 [main] INFO com.tests.HomePageTest - Test is Finished
2025-12-28 17:10:43,312 [main] INFO com.tests.HomePageTest - Starting the report generation part....
2025-12-28 17:10:43,661 [main] INFO com.tests.HomePageTest - Test -> testSearchBox Is Starting
2025-12-28 17:10:43,773 [main] INFO com.tests.HomePageTest - Inside get getSearchvalue method
2025-12-28 17:10:43,803 [main] INFO com.tests.HomePageTest - The Value seacrched is = iMac
2025-12-28 17:10:47,841 [main] INFO com.tests.HomePageTest - Test -> testSearchbtn Is Starting
2025-12-28 17:10:48,471 [main] INFO com.tests.HomePageTest - The ProdcutsSize is = 1
2025-12-28 17:10:48,484 [main] INFO com.tests.HomePageTest - Test - >testSearchbtn Is Passed
2025-12-28 17:10:52,499 [main] INFO com.tests.HomePageTest - Test -> testAddToCart Is Starting
2025-12-28 17:10:52,949 [main] INFO com.tests.HomePageTest - The cart value text is = 0 item(s) - $0.00
2025-12-28 17:10:57,423 [main] INFO com.tests.HomePageTest - Test is Finished
2025-12-28 17:12:04,584 [main] INFO com.tests.HomePageTest - Starting the report generation part....
2025-12-28 17:12:04,926 [main] INFO com.tests.HomePageTest - Test -> testSearchBox Is Starting
2025-12-28 17:12:05,017 [main] INFO com.tests.HomePageTest - Inside get getSearchvalue method
2025-12-28 17:12:05,050 [main] INFO com.tests.HomePageTest - The Value seacrched is = iMac
2025-12-28 17:12:09,088 [main] INFO com.tests.HomePageTest - Test -> testSearchbtn Is Starting
2025-12-28 17:12:09,725 [main] INFO com.tests.HomePageTest - The ProdcutsSize is = 1
2025-12-28 17:12:09,737 [main] INFO com.tests.HomePageTest - Test - >testSearchbtn Is Passed
2025-12-28 17:12:13,742 [main] INFO com.tests.HomePageTest - Test -> testAddToCart Is Starting
2025-12-28 17:12:14,215 [main] INFO com.tests.HomePageTest - The cart value text is = 0 item(s) - $0.00
2025-12-28 17:12:18,680 [main] INFO com.tests.HomePageTest - Test is Finished
2025-12-28 17:14:00,447 [main] INFO com.tests.HomePageTest - Starting the report generation part....
2025-12-28 17:14:00,802 [main] INFO com.tests.HomePageTest - Test -> testSearchBox Is Starting
2025-12-28 17:14:00,895 [main] INFO com.tests.HomePageTest - Inside get getSearchvalue method
2025-12-28 17:14:00,927 [main] INFO com.tests.HomePageTest - The Value seacrched is = iMac
2025-12-28 17:14:04,975 [main] INFO com.tests.HomePageTest - Test -> testSearchbtn Is Starting
2025-12-28 17:14:05,588 [main] INFO com.tests.HomePageTest - The ProdcutsSize is = 1
2025-12-28 17:14:05,597 [main] INFO com.tests.HomePageTest - Test - >testSearchbtn Is Passed
2025-12-28 17:14:09,606 [main] INFO com.tests.HomePageTest - Test -> testAddToCart Is Starting
2025-12-28 17:14:10,081 [main] INFO com.tests.HomePageTest - The cart value text is = 0 item(s) - $0.00
2025-12-28 17:14:14,471 [main] INFO com.tests.HomePageTest - Test is Finished
2025-12-28 17:15:41,241 [main] INFO com.tests.HomePageTest - Starting the report generation part....
2025-12-28 17:15:41,621 [main] INFO com.tests.HomePageTest - Test -> testSearchBox Is Starting
2025-12-28 17:15:41,723 [main] INFO com.tests.HomePageTest - Inside get getSearchvalue method
2025-12-28 17:15:41,754 [main] INFO com.tests.HomePageTest - The Value seacrched is = iMac
2025-12-28 17:15:45,811 [main] INFO com.tests.HomePageTest - Test -> testSearchbtn Is Starting
2025-12-28 17:15:46,429 [main] INFO com.tests.HomePageTest - The ProdcutsSize is = 1
2025-12-28 17:15:46,440 [main] INFO com.tests.HomePageTest - Test - >testSearchbtn Is Passed
2025-12-28 17:15:50,455 [main] INFO com.tests.HomePageTest - Test -> testAddToCart Is Starting
2025-12-28 17:15:53,630 [main] INFO com.tests.HomePageTest - The cart value text is = 1 item(s) - $122.00
2025-12-28 17:15:53,643 [main] INFO com.tests.HomePageTest - Test - >testAddToCart Is Passed
2025-12-28 17:15:58,019 [main] INFO com.tests.HomePageTest - Test is Finished
2025-12-28 17:16:47,321 [main] INFO com.tests.HomePageTest - Starting the report generation part....
2025-12-28 17:16:47,706 [main] INFO com.tests.HomePageTest - Test -> testSearchBox Is Starting
2025-12-28 17:16:47,819 [main] INFO com.tests.HomePageTest - Inside get getSearchvalue method
2025-12-28 17:16:47,848 [main] INFO com.tests.HomePageTest - The Value seacrched is = iMac
2025-12-28 17:16:51,886 [main] INFO com.tests.HomePageTest - Test -> testSearchbtn Is Starting
2025-12-28 17:16:52,545 [main] INFO com.tests.HomePageTest - The ProdcutsSize is = 1
2025-12-28 17:16:52,554 [main] INFO com.tests.HomePageTest - Test - >testSearchbtn Is Passed
2025-12-28 17:16:56,568 [main] INFO com.tests.HomePageTest - Test -> testAddToCart Is Starting
2025-12-28 17:16:59,769 [main] INFO com.tests.HomePageTest - The cart value text is = 1 item(s) - $122.00
2025-12-28 17:16:59,791 [main] INFO com.tests.HomePageTest - Test - >testAddToCart Is Passed
2025-12-28 17:17:04,169 [main] INFO com.tests.HomePageTest - Test is Finished
2025-12-28 17:34:30,174 [main] INFO com.tests.HomePageTest - Starting the report generation part....
2025-12-28 17:34:30,557 [main] INFO com.tests.HomePageTest - Test -> testSearchBox Is Starting
2025-12-28 17:34:30,642 [main] INFO com.tests.HomePageTest - Inside get getSearchvalue method
2025-12-28 17:34:30,673 [main] INFO com.tests.HomePageTest - The Value seacrched is = iMac
2025-12-28 17:34:34,737 [main] INFO com.tests.HomePageTest - Test -> testSearchbtn Is Starting
2025-12-28 17:34:35,353 [main] INFO com.tests.HomePageTest - The ProdcutsSize is = 1
2025-12-28 17:34:35,371 [main] INFO com.tests.HomePageTest - Test - >testSearchbtn Is Passed
2025-12-28 17:34:39,378 [main] INFO com.tests.HomePageTest - Test -> testAddToCart Is Starting
2025-12-28 17:34:42,589 [main] INFO com.tests.HomePageTest - The cart value text is = 1 item(s) - $122.00
2025-12-28 17:34:42,620 [main] INFO com.tests.HomePageTest - Test - >testAddToCart Is Passed
2025-12-28 17:34:46,638 [main] INFO com.tests.HomePageTest - Test -> testShoppingCartBtn Is Starting
2025-12-28 17:34:46,638 [main] INFO com.tests.HomePageTest - Clicking the shopping cart btn
2025-12-28 17:34:47,357 [main] INFO com.tests.HomePageTest - The page title is = Shopping Cart
2025-12-28 17:34:47,371 [main] INFO com.tests.HomePageTest - Test -> testCheckoutBtn Is Starting
2025-12-28 17:34:47,371 [main] INFO com.tests.HomePageTest - Clicking checkout btn
2025-12-28 17:34:48,454 [main] INFO com.tests.HomePageTest - Test is Finished
2025-12-28 17:36:09,988 [main] INFO com.tests.HomePageTest - Starting the report generation part....
2025-12-28 17:36:10,382 [main] INFO com.tests.HomePageTest - Test -> testSearchBox Is Starting
2025-12-28 17:36:10,482 [main] INFO com.tests.HomePageTest - Inside get getSearchvalue method
2025-12-28 17:36:10,517 [main] INFO com.tests.HomePageTest - The Value seacrched is = iMac
2025-12-28 17:36:14,566 [main] INFO com.tests.HomePageTest - Test -> testSearchbtn Is Starting
2025-12-28 17:36:15,173 [main] INFO com.tests.HomePageTest - The ProdcutsSize is = 1
2025-12-28 17:36:15,177 [main] INFO com.tests.HomePageTest - Test - >testSearchbtn Is Passed
2025-12-28 17:36:19,192 [main] INFO com.tests.HomePageTest - Test -> testAddToCart Is Starting
2025-12-28 17:36:22,381 [main] INFO com.tests.HomePageTest - The cart value text is = 1 item(s) - $122.00
2025-12-28 17:36:22,413 [main] INFO com.tests.HomePageTest - Test - >testAddToCart Is Passed
2025-12-28 17:36:32,452 [main] INFO com.tests.HomePageTest - Test -> testShoppingCartBtn Is Starting
2025-12-28 17:36:32,452 [main] INFO com.tests.HomePageTest - Clicking the shopping cart btn
2025-12-28 17:36:34,161 [main] INFO com.tests.HomePageTest - The page title is = Shopping Cart
2025-12-28 17:36:37,199 [main] INFO com.tests.HomePageTest - Test -> testCheckoutBtn Is Starting
2025-12-28 17:36:37,199 [main] INFO com.tests.HomePageTest - Clicking checkout btn
2025-12-28 17:36:38,309 [main] INFO com.tests.HomePageTest - Test is Finished
2025-12-28 17:40:47,558 [main] INFO com.tests.HomePageTest - Starting the report generation part....
2025-12-28 17:40:47,906 [main] INFO com.tests.HomePageTest - Test -> testSearchBox Is Starting
2025-12-28 17:40:48,017 [main] INFO com.tests.HomePageTest - Inside get getSearchvalue method
2025-12-28 17:40:48,044 [main] INFO com.tests.HomePageTest - The Value seacrched is = iMac
2025-12-28 17:40:52,089 [main] INFO com.tests.HomePageTest - Test -> testSearchbtn Is Starting
2025-12-28 17:40:52,708 [main] INFO com.tests.HomePageTest - The ProdcutsSize is = 1
2025-12-28 17:40:52,728 [main] INFO com.tests.HomePageTest - Test - >testSearchbtn Is Passed
2025-12-28 17:40:56,744 [main] INFO com.tests.HomePageTest - Test -> testAddToCart Is Starting
2025-12-28 17:40:59,949 [main] INFO com.tests.HomePageTest - The cart value text is = 1 item(s) - $122.00
2025-12-28 17:40:59,981 [main] INFO com.tests.HomePageTest - Test - >testAddToCart Is Passed
2025-12-28 17:41:10,026 [main] INFO com.tests.HomePageTest - Test -> testShoppingCartBtn Is Starting
2025-12-28 17:41:10,026 [main] INFO com.tests.HomePageTest - Clicking the shopping cart btn
2025-12-28 17:41:10,473 [main] INFO com.tests.HomePageTest - The page title is = Shopping Cart
2025-12-28 17:41:10,484 [main] INFO com.tests.HomePageTest - Test - >testShoppingCartBtn Is Passed
2025-12-28 17:41:13,501 [main] INFO com.tests.HomePageTest - Test -> testCheckoutBtn Is Starting
2025-12-28 17:41:13,501 [main] INFO com.tests.HomePageTest - Clicking checkout btn
2025-12-28 17:41:14,641 [main] INFO com.tests.HomePageTest - Test is Finished
2025-12-28 17:45:19,308 [TestNG-tests-2] INFO com.tests.HomePageTest - Test -> testSearchBox Is Starting
2025-12-28 17:45:19,308 [TestNG-tests-1] INFO com.tests.HomePageTest - Test -> testSearchBox Is Starting
2025-12-28 17:45:19,766 [TestNG-tests-2] INFO com.tests.HomePageTest - Inside get getSearchvalue method
2025-12-28 17:45:19,969 [TestNG-tests-1] INFO com.tests.HomePageTest - Inside get getSearchvalue method
2025-12-28 17:45:20,110 [TestNG-tests-2] INFO com.tests.HomePageTest - The Value seacrched is = iMaciMac
2025-12-28 17:45:20,150 [TestNG-tests-1] INFO com.tests.HomePageTest - The Value seacrched is = iMaciMac
2025-12-28 17:45:27,977 [TestNG-tests-3] INFO com.tests.HomePageTest - Test -> testSearchBox Is Starting
2025-12-28 17:45:28,255 [TestNG-tests-3] INFO com.tests.HomePageTest - Inside get getSearchvalue method
2025-12-28 17:45:28,406 [TestNG-tests-3] INFO com.tests.HomePageTest - The Value seacrched is = iMac
2025-12-28 17:45:30,288 [TestNG-tests-2] INFO com.tests.HomePageTest - Test -> testShoppingCartBtn Is Starting
2025-12-28 17:45:30,294 [TestNG-tests-2] INFO com.tests.HomePageTest - Clicking the shopping cart btn
2025-12-28 17:45:30,288 [TestNG-tests-1] INFO com.tests.HomePageTest - Test -> testShoppingCartBtn Is Starting
2025-12-28 17:45:30,300 [TestNG-tests-1] INFO com.tests.HomePageTest - Clicking the shopping cart btn
2025-12-28 17:45:31,087 [TestNG-tests-2] INFO com.tests.HomePageTest - The page title is = Your Store
2025-12-28 17:45:34,127 [TestNG-tests-2] INFO com.tests.HomePageTest - Test -> testCheckoutBtn Is Starting
2025-12-28 17:45:34,127 [TestNG-tests-2] INFO com.tests.HomePageTest - Clicking checkout btn
2025-12-28 17:45:34,143 [TestNG-tests-1] INFO com.tests.HomePageTest - Test -> testCheckoutBtn Is Starting
2025-12-28 17:45:34,143 [TestNG-tests-1] INFO com.tests.HomePageTest - Clicking checkout btn
2025-12-28 17:45:38,520 [TestNG-tests-3] INFO com.tests.HomePageTest - Test -> testShoppingCartBtn Is Starting
2025-12-28 17:45:38,520 [TestNG-tests-3] INFO com.tests.HomePageTest - Clicking the shopping cart btn
2025-12-28 17:45:38,906 [TestNG-tests-3] INFO com.tests.HomePageTest - The page title is = Shopping Cart
2025-12-28 17:45:41,921 [TestNG-tests-3] INFO com.tests.HomePageTest - Test -> testCheckoutBtn Is Starting
2025-12-28 17:45:41,921 [TestNG-tests-3] INFO com.tests.HomePageTest - Clicking checkout btn
2025-12-28 17:45:44,161 [TestNG-tests-2] INFO com.tests.HomePageTest - Test -> testSearchbtn Is Starting
2025-12-28 17:45:51,939 [TestNG-tests-3] INFO com.tests.HomePageTest - Test -> testSearchbtn Is Starting
2025-12-28 17:45:54,218 [TestNG-tests-1] INFO com.tests.HomePageTest - Test -> testSearchbtn Is Starting
2025-12-28 17:45:58,672 [TestNG-tests-1] INFO com.tests.HomePageTest - Test -> testAddToCart Is Starting
2025-12-28 17:46:12,335 [TestNG-tests-3] INFO com.tests.HomePageTest - The ProdcutsSize is = 0
2025-12-28 17:46:12,335 [TestNG-tests-3] INFO com.tests.HomePageTest - Test -> testAddToCart Is Starting
2025-12-28 17:46:24,787 [TestNG-tests-2] INFO com.tests.HomePageTest - The ProdcutsSize is = 0
2025-12-28 17:46:24,802 [TestNG-tests-2] INFO com.tests.HomePageTest - Test -> testAddToCart Is Starting
2025-12-28 17:46:25,400 [TestNG-tests-3] INFO com.tests.HomePageTest - The cart value text is = 0 item(s) - $0.00
2025-12-28 17:46:34,854 [TestNG-tests-1] INFO com.tests.HomePageTest - The cart value text is = 0 item(s) - $0.00
2025-12-28 17:46:37,874 [TestNG-tests-2] INFO com.tests.HomePageTest - The cart value text is = 0 item(s) - $0.00
2025-12-28 19:02:31,287 [main] INFO com.base.Base - Test -> testSearchBox Is Starting
2025-12-28 19:02:31,395 [main] INFO com.base.Base - Inside get getSearchvalue method
2025-12-28 19:02:31,428 [main] INFO com.base.Base - The Value seacrched is = iMac
2025-12-28 19:02:35,479 [main] INFO com.base.Base - Test -> testSearchbtn Is Starting
2025-12-28 19:02:36,103 [main] INFO com.base.Base - The ProdcutsSize is = 1
2025-12-28 19:02:36,108 [main] INFO com.base.Base - Test -> testAddToCart Is Starting
2025-12-28 19:02:46,174 [main] INFO com.base.Base - Test -> testShoppingCartBtn Is Starting
2025-12-28 19:02:46,176 [main] INFO com.base.Base - Clicking the shopping cart btn
2025-12-28 19:02:49,186 [main] INFO com.base.Base - Test -> testCheckoutBtn Is Starting
2025-12-28 19:02:49,187 [main] INFO com.base.Base - Clicking checkout btn
2025-12-28 19:03:38,203 [main] INFO com.tests.HomePageTest - Test -> testSearchBox Is Starting
2025-12-28 19:03:38,312 [main] INFO com.tests.HomePageTest - Inside get getSearchvalue method
2025-12-28 19:03:38,345 [main] INFO com.tests.HomePageTest - The Value seacrched is = iMac
2025-12-28 19:03:42,386 [main] INFO com.tests.HomePageTest - Test -> testSearchbtn Is Starting
2025-12-28 19:03:43,010 [main] INFO com.tests.HomePageTest - The ProdcutsSize is = 1
2025-12-28 19:03:43,010 [main] INFO com.tests.HomePageTest - Test -> testAddToCart Is Starting
2025-12-28 19:03:53,089 [main] INFO com.tests.HomePageTest - Test -> testShoppingCartBtn Is Starting
2025-12-28 19:03:53,089 [main] INFO com.tests.HomePageTest - Clicking the shopping cart btn
2025-12-28 19:03:56,105 [main] INFO com.tests.HomePageTest - Test -> testCheckoutBtn Is Starting
2025-12-28 19:03:56,107 [main] INFO com.tests.HomePageTest - Clicking checkout btn
2025-12-28 19:08:09,572 [main] INFO com.tests.HomePageTest - Test -> testSearchBox Is Starting
2025-12-28 19:08:09,702 [main] INFO com.tests.HomePageTest - Inside get getSearchvalue method
2025-12-28 19:08:09,745 [main] INFO com.tests.HomePageTest - The Value seacrched is = iMac
2025-12-28 19:08:13,786 [main] INFO com.tests.HomePageTest - Test -> testSearchbtn Is Starting
2025-12-28 19:08:14,427 [main] INFO com.tests.HomePageTest - The ProdcutsSize is = 1
2025-12-28 19:08:14,431 [main] INFO com.tests.HomePageTest - Test -> testAddToCart Is Starting
2025-12-28 19:08:24,492 [main] INFO com.tests.HomePageTest - Test -> testShoppingCartBtn Is Starting
2025-12-28 19:08:24,493 [main] INFO com.tests.HomePageTest - Clicking the shopping cart btn
2025-12-28 19:08:27,499 [main] INFO com.tests.HomePageTest - Test -> testCheckoutBtn Is Starting
2025-12-28 19:08:27,499 [main] INFO com.tests.HomePageTest - Clicking checkout btn
2025-12-28 19:08:28,060 [main] INFO com.tests.HomePageTest - Chrome Test is Finished
2025-12-28 19:08:28,062 [main] INFO com.tests.HomePageTest - Starting the report generation part....
2025-12-28 19:08:34,177 [main] INFO com.tests.HomePageTest - Test -> testSearchBox Is Starting
2025-12-28 19:08:34,424 [main] INFO com.tests.HomePageTest - Inside get getSearchvalue method
2025-12-28 19:08:34,452 [main] INFO com.tests.HomePageTest - The Value seacrched is = iMac
2025-12-28 19:08:38,500 [main] INFO com.tests.HomePageTest - Test -> testSearchbtn Is Starting
2025-12-28 19:08:39,294 [main] INFO com.tests.HomePageTest - The ProdcutsSize is = 1
2025-12-28 19:08:39,300 [main] INFO com.tests.HomePageTest - Test -> testAddToCart Is Starting
2025-12-28 19:08:49,433 [main] INFO com.tests.HomePageTest - Test -> testShoppingCartBtn Is Starting
2025-12-28 19:08:49,435 [main] INFO com.tests.HomePageTest - Clicking the shopping cart btn
2025-12-28 19:08:52,449 [main] INFO com.tests.HomePageTest - Test -> testCheckoutBtn Is Starting
2025-12-28 19:08:52,449 [main] INFO com.tests.HomePageTest - Clicking checkout btn
2025-12-28 19:08:52,991 [main] INFO com.tests.HomePageTest - Edge Test is Finished
2025-12-28 19:08:52,992 [main] INFO com.tests.HomePageTest - Starting the report generation part....
2025-12-28 19:09:01,687 [main] INFO com.tests.HomePageTest - Test -> testSearchBox Is Starting
2025-12-28 19:09:01,771 [main] INFO com.tests.HomePageTest - Inside get getSearchvalue method
2025-12-28 19:09:01,801 [main] INFO com.tests.HomePageTest - The Value seacrched is = iMac
2025-12-28 19:09:05,846 [main] INFO com.tests.HomePageTest - Test -> testSearchbtn Is Starting
2025-12-28 19:09:06,419 [main] INFO com.tests.HomePageTest - The ProdcutsSize is = 1
2025-12-28 19:09:06,423 [main] INFO com.tests.HomePageTest - Test -> testAddToCart Is Starting
2025-12-28 19:09:16,475 [main] INFO com.tests.HomePageTest - Test -> testShoppingCartBtn Is Starting
2025-12-28 19:09:16,476 [main] INFO com.tests.HomePageTest - Clicking the shopping cart btn
2025-12-28 19:09:19,486 [main] INFO com.tests.HomePageTest - Test -> testCheckoutBtn Is Starting
2025-12-28 19:09:19,487 [main] INFO com.tests.HomePageTest - Clicking checkout btn
2025-12-28 19:09:21,478 [main] INFO com.tests.HomePageTest - FireFox Test is Finished
2025-12-28 19:10:59,001 [main] INFO com.tests.HomePageTest - Test -> testSearchBox Is Starting
2025-12-28 19:10:59,123 [main] INFO com.tests.HomePageTest - Inside get getSearchvalue method
2025-12-28 19:10:59,165 [main] INFO com.tests.HomePageTest - The Value seacrched is = iMac
2025-12-28 19:11:03,206 [main] INFO com.tests.HomePageTest - Test -> testSearchbtn Is Starting
2025-12-28 19:11:03,846 [main] INFO com.tests.HomePageTest - The ProdcutsSize is = 1
2025-12-28 19:11:03,851 [main] INFO com.tests.HomePageTest - Test -> testAddToCart Is Starting
2025-12-28 19:11:13,935 [main] INFO com.tests.HomePageTest - Test -> testShoppingCartBtn Is Starting
2025-12-28 19:11:13,937 [main] INFO com.tests.HomePageTest - Clicking the shopping cart btn
2025-12-28 19:11:16,954 [main] INFO com.tests.HomePageTest - Test -> testCheckoutBtn Is Starting
2025-12-28 19:11:16,954 [main] INFO com.tests.HomePageTest - Clicking checkout btn
2025-12-28 19:11:17,444 [main] INFO com.tests.HomePageTest - Chrome Test is Finished
2025-12-28 19:12:39,903 [main] INFO com.tests.HomePageTest - Test -> testSearchBox Is Starting
2025-12-28 19:12:40,024 [main] INFO com.tests.HomePageTest - Inside get getSearchvalue method
2025-12-28 19:12:40,052 [main] INFO com.tests.HomePageTest - The Value seacrched is = iMac
2025-12-28 19:12:44,098 [main] INFO com.tests.HomePageTest - Test -> testSearchbtn Is Starting
2025-12-28 19:12:44,765 [main] INFO com.tests.HomePageTest - The ProdcutsSize is = 1
2025-12-28 19:12:44,765 [main] INFO com.tests.HomePageTest - Test -> testAddToCart Is Starting
2025-12-28 19:12:54,834 [main] INFO com.tests.HomePageTest - Test -> testShoppingCartBtn Is Starting
2025-12-28 19:12:54,838 [main] INFO com.tests.HomePageTest - Clicking the shopping cart btn
2025-12-28 19:12:57,860 [main] INFO com.tests.HomePageTest - Test -> testCheckoutBtn Is Starting
2025-12-28 19:12:57,860 [main] INFO com.tests.HomePageTest - Clicking checkout btn
2025-12-28 19:12:58,353 [main] INFO com.tests.HomePageTest - Chrome Test is Finished
2025-12-28 19:13:32,278 [main] INFO com.tests.HomePageTest - Test -> testSearchBox Is Starting
2025-12-28 19:13:32,412 [main] INFO com.tests.HomePageTest - Inside get getSearchvalue method
2025-12-28 19:13:32,446 [main] INFO com.tests.HomePageTest - The Value seacrched is = iMac
2025-12-28 19:13:36,479 [main] INFO com.tests.HomePageTest - Test -> testSearchbtn Is Starting
2025-12-28 19:13:37,046 [main] INFO com.tests.HomePageTest - The ProdcutsSize is = 1
2025-12-28 19:13:37,050 [main] INFO com.tests.HomePageTest - Test -> testAddToCart Is Starting
2025-12-28 19:13:47,105 [main] INFO com.tests.HomePageTest - Test -> testShoppingCartBtn Is Starting
2025-12-28 19:13:47,107 [main] INFO com.tests.HomePageTest - Clicking the shopping cart btn
2025-12-28 19:13:47,476 [main] INFO com.tests.HomePageTest - The page title is = Shopping Cart
2025-12-28 19:13:50,496 [main] INFO com.tests.HomePageTest - Test -> testCheckoutBtn Is Starting
2025-12-28 19:13:50,500 [main] INFO com.tests.HomePageTest - Clicking checkout btn
2025-12-28 19:14:01,027 [main] INFO com.tests.HomePageTest - Chrome Test is Finished
2025-12-28 19:15:03,320 [main] INFO com.tests.HomePageTest - Test -> testSearchBox Is Starting
2025-12-28 19:15:03,429 [main] INFO com.tests.HomePageTest - Inside get getSearchvalue method
2025-12-28 19:15:03,477 [main] INFO com.tests.HomePageTest - The Value seacrched is = iMac
2025-12-28 19:15:07,515 [main] INFO com.tests.HomePageTest - Test -> testSearchbtn Is Starting
2025-12-28 19:15:08,121 [main] INFO com.tests.HomePageTest - The ProdcutsSize is = 1
2025-12-28 19:15:08,133 [main] INFO com.tests.HomePageTest - Test -> testAddToCart Is Starting
2025-12-28 19:15:11,333 [main] INFO com.tests.HomePageTest - The cart value text is = 1 item(s) - $122.00
2025-12-28 19:15:17,391 [main] INFO com.tests.HomePageTest - Test -> testShoppingCartBtn Is Starting
2025-12-28 19:15:17,391 [main] INFO com.tests.HomePageTest - Clicking the shopping cart btn
2025-12-28 19:15:17,873 [main] INFO com.tests.HomePageTest - The page title is = Shopping Cart
2025-12-28 19:15:20,911 [main] INFO com.tests.HomePageTest - Test -> testCheckoutBtn Is Starting
2025-12-28 19:15:20,911 [main] INFO com.tests.HomePageTest - Clicking checkout btn
2025-12-28 19:15:22,186 [main] INFO com.tests.HomePageTest - Chrome Test is Finished
2025-12-28 19:22:49,125 [main] INFO com.tests.HomePageTest - Starting the report generation part....
2025-12-28 19:22:49,276 [main] INFO com.tests.HomePageTest - Test -> testSearchBox Is Starting
2025-12-28 19:22:49,623 [main] INFO com.tests.HomePageTest - Inside get getSearchvalue method
2025-12-28 19:22:49,962 [main] INFO com.tests.HomePageTest - The Value seacrched is = iMac
2025-12-28 19:22:54,134 [main] INFO com.tests.HomePageTest - Test -> testSearchbtn Is Starting
2025-12-28 19:22:55,219 [main] INFO com.tests.HomePageTest - The ProdcutsSize is = 1
2025-12-28 19:22:55,232 [main] INFO com.tests.HomePageTest - Test -> testAddToCart Is Starting
2025-12-28 19:23:05,365 [main] INFO com.tests.HomePageTest - Test -> testShoppingCartBtn Is Starting
2025-12-28 19:23:05,365 [main] INFO com.tests.HomePageTest - Clicking the shopping cart btn
2025-12-28 19:23:05,825 [main] INFO com.tests.HomePageTest - The page title is = Shopping Cart
2025-12-28 19:23:08,845 [main] INFO com.tests.HomePageTest - Test -> testCheckoutBtn Is Starting
2025-12-28 19:23:08,847 [main] INFO com.tests.HomePageTest - Clicking checkout btn
2025-12-29 13:50:41,708 [main] INFO com.tests.HomePageTest - Inside get getSearchvalue method
2025-12-29 13:50:41,752 [main] INFO com.tests.HomePageTest - The Value seacrched is = iMac
2025-12-29 13:50:46,326 [main] INFO com.tests.HomePageTest - The ProdcutsSize is = 1
2025-12-29 13:51:00,446 [main] INFO com.tests.HomePageTest - Clicking the shopping cart btn
2025-12-29 13:51:00,851 [main] INFO com.tests.HomePageTest - The page title is = Shopping Cart
2025-12-29 13:51:03,888 [main] INFO com.tests.HomePageTest - Clicking checkout btn
2025-12-29 13:53:06,590 [main] INFO com.tests.HomePageTest - Inside get getSearchvalue method
2025-12-29 13:53:06,618 [main] INFO com.tests.HomePageTest - The Value seacrched is = iMac
2025-12-29 13:53:11,049 [main] INFO com.tests.HomePageTest - The ProdcutsSize is = 1
2025-12-29 13:53:18,342 [main] INFO com.tests.HomePageTest - The cart value text is = 1 item(s) - $122.00
2025-12-29 13:53:28,413 [main] INFO com.tests.HomePageTest - Clicking the shopping cart btn
2025-12-29 13:53:28,834 [main] INFO com.tests.HomePageTest - The page title is = Shopping Cart
2025-12-29 13:53:31,857 [main] INFO com.tests.HomePageTest - Clicking checkout btn
2025-12-29 13:54:53,201 [main] INFO com.tests.HomePageTest - Inside get getSearchvalue method
2025-12-29 13:54:53,234 [main] INFO com.tests.HomePageTest - The Value seacrched is = iMac
2025-12-29 13:54:57,725 [main] INFO com.tests.HomePageTest - The ProdcutsSize is = 1
2025-12-29 13:55:04,989 [main] INFO com.tests.HomePageTest - The cart value text is = 1 item(s) - $122.00
2025-12-29 13:55:15,076 [main] INFO com.tests.HomePageTest - Clicking the shopping cart btn
2025-12-29 13:55:15,508 [main] INFO com.tests.HomePageTest - The page title is = Shopping Cart
2025-12-29 13:55:18,534 [main] INFO com.tests.HomePageTest - Clicking checkout btn
2025-12-29 13:57:11,369 [TestNG-tests-1] INFO com.tests.HomePageTest - Inside get getSearchvalue method
2025-12-29 13:57:11,418 [TestNG-tests-2] INFO com.tests.HomePageTest - Inside get getSearchvalue method
2025-12-29 13:57:11,438 [TestNG-tests-1] INFO com.tests.HomePageTest - The Value seacrched is = iMaciMac
2025-12-29 13:57:11,453 [TestNG-tests-2] INFO com.tests.HomePageTest - The Value seacrched is = iMaciMac
2025-12-29 13:57:21,505 [TestNG-tests-2] INFO com.tests.HomePageTest - Clicking the shopping cart btn
2025-12-29 13:57:21,505 [TestNG-tests-1] INFO com.tests.HomePageTest - Clicking the shopping cart btn
2025-12-29 13:57:21,960 [TestNG-tests-2] INFO com.tests.HomePageTest - The page title is = Shopping Cart
2025-12-29 13:57:24,985 [TestNG-tests-2] INFO com.tests.HomePageTest - Clicking checkout btn
2025-12-29 13:57:24,986 [TestNG-tests-1] INFO com.tests.HomePageTest - Clicking checkout btn
2025-12-29 13:58:15,609 [TestNG-tests-2] INFO com.tests.HomePageTest - The ProdcutsSize is = 0
2025-12-29 13:58:15,689 [TestNG-tests-1] INFO com.tests.HomePageTest - The cart value text is = 0 item(s) - $0.00
2025-12-29 13:58:35,378 [TestNG-tests-1] INFO com.tests.HomePageTest - Inside get getSearchvalue method
2025-12-29 13:58:35,400 [TestNG-tests-1] INFO com.tests.HomePageTest - The Value seacrched is = iMac
2025-12-29 13:58:45,441 [TestNG-tests-1] INFO com.tests.HomePageTest - Clicking the shopping cart btn
2025-12-29 13:58:48,453 [TestNG-tests-1] INFO com.tests.HomePageTest - Clicking checkout btn
2025-12-29 14:00:30,639 [TestNG-tests-2] INFO com.tests.HomePageTest - Inside get getSearchvalue method
2025-12-29 14:00:30,666 [TestNG-tests-1] INFO com.tests.HomePageTest - Inside get getSearchvalue method
2025-12-29 14:00:30,687 [TestNG-tests-2] INFO com.tests.HomePageTest - The Value seacrched is = iMaciMac
2025-12-29 14:00:30,692 [TestNG-tests-1] INFO com.tests.HomePageTest - The Value seacrched is = iMaciMac
2025-12-29 14:00:40,760 [TestNG-tests-1] INFO com.tests.HomePageTest - Clicking the shopping cart btn
2025-12-29 14:00:40,760 [TestNG-tests-2] INFO com.tests.HomePageTest - Clicking the shopping cart btn
2025-12-29 14:00:41,137 [TestNG-tests-2] INFO com.tests.HomePageTest - The page title is = Shopping Cart
2025-12-29 14:00:44,151 [TestNG-tests-1] INFO com.tests.HomePageTest - Clicking checkout btn
2025-12-29 14:00:44,167 [TestNG-tests-2] INFO com.tests.HomePageTest - Clicking checkout btn
2025-12-29 14:02:10,077 [TestNG-tests-1] INFO com.tests.HomePageTest - Inside get getSearchvalue method
2025-12-29 14:02:10,119 [TestNG-tests-1] INFO com.tests.HomePageTest - The Value seacrched is = iMac
2025-12-29 14:02:10,158 [TestNG-tests-2] INFO com.tests.HomePageTest - Inside get getSearchvalue method
2025-12-29 14:02:10,190 [TestNG-tests-2] INFO com.tests.HomePageTest - The Value seacrched is = iMac
2025-12-29 14:02:20,191 [TestNG-tests-1] INFO com.tests.HomePageTest - Clicking the shopping cart btn
2025-12-29 14:02:20,238 [TestNG-tests-2] INFO com.tests.HomePageTest - Clicking the shopping cart btn
2025-12-29 14:02:23,200 [TestNG-tests-1] INFO com.tests.HomePageTest - Clicking checkout btn
2025-12-29 14:02:23,248 [TestNG-tests-2] INFO com.tests.HomePageTest - Clicking checkout btn
2025-12-29 14:02:23,799 [TestNG-tests-2] INFO com.tests.HomePageTest - The ProdcutsSize is = 1
2025-12-29 14:02:23,808 [TestNG-tests-1] INFO com.tests.HomePageTest - The ProdcutsSize is = 1
2025-12-29 14:02:31,006 [TestNG-tests-2] INFO com.tests.HomePageTest - The cart value text is = 1 item(s) - $122.00
2025-12-29 14:09:05,903 [TestNG-tests-2] INFO com.tests.HomePageTest - Inside get getSearchvalue method
2025-12-29 14:09:05,929 [TestNG-tests-1] INFO com.tests.HomePageTest - Inside get getSearchvalue method
2025-12-29 14:09:05,955 [TestNG-tests-2] INFO com.tests.HomePageTest - The Value seacrched is = iMaciMac
2025-12-29 14:09:05,962 [TestNG-tests-1] INFO com.tests.HomePageTest - The Value seacrched is = iMaciMac
2025-12-29 14:09:16,019 [TestNG-tests-2] INFO com.tests.HomePageTest - Clicking the shopping cart btn
2025-12-29 14:09:16,019 [TestNG-tests-1] INFO com.tests.HomePageTest - Clicking the shopping cart btn
2025-12-29 14:09:16,439 [TestNG-tests-2] INFO com.tests.HomePageTest - The page title is = Shopping Cart
2025-12-29 14:09:19,458 [TestNG-tests-1] INFO com.tests.HomePageTest - Clicking checkout btn
2025-12-29 14:09:19,490 [TestNG-tests-2] INFO com.tests.HomePageTest - Clicking checkout btn
2025-12-29 14:09:58,468 [TestNG-tests-2] INFO com.tests.HomePageTest - Inside get getSearchvalue method
2025-12-29 14:09:58,505 [TestNG-tests-1] INFO com.tests.HomePageTest - Inside get getSearchvalue method
2025-12-29 14:09:58,542 [TestNG-tests-2] INFO com.tests.HomePageTest - The Value seacrched is = iMaciMac
2025-12-29 14:09:58,553 [TestNG-tests-1] INFO com.tests.HomePageTest - The Value seacrched is = iMaciMac
2025-12-29 14:10:08,608 [TestNG-tests-1] INFO com.tests.HomePageTest - Clicking the shopping cart btn
2025-12-29 14:10:08,625 [TestNG-tests-2] INFO com.tests.HomePageTest - Clicking the shopping cart btn
2025-12-29 14:10:12,090 [TestNG-tests-1] INFO com.tests.HomePageTest - Clicking checkout btn
2025-12-29 14:10:12,107 [TestNG-tests-2] INFO com.tests.HomePageTest - Clicking checkout btn
2025-12-29 14:10:23,993 [main] INFO com.tests.HomePageTest - Inside get getSearchvalue method
2025-12-29 14:10:24,034 [main] INFO com.tests.HomePageTest - The Value seacrched is = iMac
2025-12-29 14:10:28,525 [main] INFO com.tests.HomePageTest - The ProdcutsSize is = 1
2025-12-29 14:10:35,879 [main] INFO com.tests.HomePageTest - The cart value text is = 1 item(s) - $122.00
2025-12-29 14:10:45,968 [main] INFO com.tests.HomePageTest - Clicking the shopping cart btn
2025-12-29 14:10:49,448 [main] INFO com.tests.HomePageTest - Clicking checkout btn
2025-12-29 14:10:52,199 [main] INFO com.tests.HomePageTest - Inside get getSearchvalue method
2025-12-29 14:10:52,230 [main] INFO com.tests.HomePageTest - The Value seacrched is = iMac
2025-12-29 14:10:56,772 [main] INFO com.tests.HomePageTest - The ProdcutsSize is = 1
2025-12-29 14:11:04,106 [main] INFO com.tests.HomePageTest - The cart value text is = 1 item(s) - $122.00
2025-12-29 14:11:14,178 [main] INFO com.tests.HomePageTest - Clicking the shopping cart btn
2025-12-29 14:11:17,631 [main] INFO com.tests.HomePageTest - Clicking checkout btn
2025-12-29 14:14:16,444 [main] INFO com.tests.HomePageTest - Test -> testSearchBox Is Starting
2025-12-29 14:14:16,531 [main] INFO com.tests.HomePageTest - Inside get getSearchvalue method
2025-12-29 14:14:16,559 [main] INFO com.tests.HomePageTest - The Value seacrched is = iMac
2025-12-29 14:14:20,629 [main] INFO com.tests.HomePageTest - Test -> testSearchbtn Is Starting
2025-12-29 14:14:21,134 [main] INFO com.tests.HomePageTest - The ProdcutsSize is = 1
2025-12-29 14:14:21,147 [main] INFO com.tests.HomePageTest - Test -> testAddToCart Is Starting
2025-12-29 14:14:24,452 [main] INFO com.tests.HomePageTest - The cart value text is = 1 item(s) - $122.00
2025-12-29 14:14:30,510 [main] INFO com.tests.HomePageTest - Test -> testShoppingCartBtn Is Starting
2025-12-29 14:14:30,510 [main] INFO com.tests.HomePageTest - Clicking the shopping cart btn
2025-12-29 14:14:33,906 [main] INFO com.tests.HomePageTest - Test -> testCheckoutBtn Is Starting
2025-12-29 14:14:33,906 [main] INFO com.tests.HomePageTest - Clicking checkout btn
2025-12-29 14:18:57,539 [main] INFO com.tests.HomePageTest - Starting the report generation part....
2025-12-29 14:18:57,574 [main] INFO com.tests.HomePageTest - Test -> testSearchBox Is Starting
2025-12-29 14:18:57,580 [main] INFO com.tests.HomePageTest - Test -> testSearchbtn Is Starting
2025-12-29 14:18:57,581 [main] INFO com.tests.HomePageTest - Test -> testAddToCart Is Starting
2025-12-29 14:18:57,587 [main] INFO com.tests.HomePageTest - Test -> testShoppingCartBtn Is Starting
2025-12-29 14:18:57,589 [main] INFO com.tests.HomePageTest - Test -> testCheckoutBtn Is Starting
2025-12-29 14:18:57,656 [main] INFO com.tests.HomePageTest - chrome Test is Finished
2025-12-29 14:18:57,657 [main] INFO com.tests.HomePageTest - Starting the report generation part....
2025-12-29 14:18:57,661 [main] INFO com.tests.HomePageTest - Test -> testSearchBox Is Starting
2025-12-29 14:18:57,663 [main] INFO com.tests.HomePageTest - Test -> testSearchbtn Is Starting
2025-12-29 14:18:57,664 [main] INFO com.tests.HomePageTest - Test -> testAddToCart Is Starting
2025-12-29 14:18:57,667 [main] INFO com.tests.HomePageTest - Test -> testShoppingCartBtn Is Starting
2025-12-29 14:18:57,671 [main] INFO com.tests.HomePageTest - Test -> testCheckoutBtn Is Starting
2025-12-29 14:18:57,684 [main] INFO com.tests.HomePageTest - edge Test is Finished
2025-12-29 14:19:54,286 [main] INFO com.tests.HomePageTest - Starting the report generation part....
2025-12-29 14:19:55,583 [main] ERROR com.tests.HomePageTest - java.lang.NullPointerException: Cannot invoke "java.util.Properties.getProperty(String)" because "this.properties" is null
2025-12-29 14:19:55,622 [main] INFO com.tests.HomePageTest - Test -> testSearchBox Is Starting
2025-12-29 14:19:59,661 [main] INFO com.tests.HomePageTest - Test -> testSearchbtn Is Starting
2025-12-29 14:20:03,711 [main] INFO com.tests.HomePageTest - Test -> testAddToCart Is Starting
2025-12-29 14:20:16,821 [main] INFO com.tests.HomePageTest - Test -> testShoppingCartBtn Is Starting
2025-12-29 14:20:16,821 [main] INFO com.tests.HomePageTest - Clicking the shopping cart btn
2025-12-29 14:20:19,840 [main] INFO com.tests.HomePageTest - Test -> testCheckoutBtn Is Starting
2025-12-29 14:20:19,841 [main] INFO com.tests.HomePageTest - Clicking checkout btn
2025-12-29 14:20:19,989 [main] INFO com.tests.HomePageTest - chrome Test is Finished
2025-12-29 14:20:19,994 [main] INFO com.tests.HomePageTest - Starting the report generation part....
2025-12-29 14:20:21,837 [main] INFO com.tests.HomePageTest - Test -> testSearchBox Is Starting
2025-12-29 14:20:21,921 [main] INFO com.tests.HomePageTest - Inside get getSearchvalue method
2025-12-29 14:20:21,937 [main] INFO com.tests.HomePageTest - The Value seacrched is = iMac
2025-12-29 14:20:25,990 [main] INFO com.tests.HomePageTest - Test -> testSearchbtn Is Starting
2025-12-29 14:20:26,574 [main] INFO com.tests.HomePageTest - The ProdcutsSize is = 1
2025-12-29 14:20:26,576 [main] INFO com.tests.HomePageTest - Test -> testAddToCart Is Starting
2025-12-29 14:20:29,822 [main] INFO com.tests.HomePageTest - The cart value text is = 1 item(s) - $122.00
2025-12-29 14:20:35,871 [main] INFO com.tests.HomePageTest - Test -> testShoppingCartBtn Is Starting
2025-12-29 14:20:35,871 [main] INFO com.tests.HomePageTest - Clicking the shopping cart btn
2025-12-29 14:20:39,383 [main] INFO com.tests.HomePageTest - Test -> testCheckoutBtn Is Starting
2025-12-29 14:20:39,383 [main] INFO com.tests.HomePageTest - Clicking checkout btn
2025-12-29 14:20:40,312 [main] INFO com.tests.HomePageTest - edge Test is Finished
2025-12-29 14:24:36,625 [main] INFO com.tests.HomePageTest - Test -> testSearchBox Is Starting
2025-12-29 14:24:36,740 [main] INFO com.tests.HomePageTest - Inside get getSearchvalue method
2025-12-29 14:24:36,771 [main] INFO com.tests.HomePageTest - The Value seacrched is = iMac
2025-12-29 14:24:40,818 [main] INFO com.tests.HomePageTest - Test -> testSearchbtn Is Starting
2025-12-29 14:24:41,339 [main] INFO com.tests.HomePageTest - The ProdcutsSize is = 1
2025-12-29 14:24:41,346 [main] INFO com.tests.HomePageTest - Test -> testAddToCart Is Starting
2025-12-29 14:24:44,594 [main] INFO com.tests.HomePageTest - The cart value text is = 1 item(s) - $122.00
2025-12-29 14:24:50,671 [main] INFO com.tests.HomePageTest - Test -> testShoppingCartBtn Is Starting
2025-12-29 14:24:50,671 [main] INFO com.tests.HomePageTest - Clicking the shopping cart btn
2025-12-29 14:24:54,136 [main] INFO com.tests.HomePageTest - Test -> testCheckoutBtn Is Starting
2025-12-29 14:24:54,136 [main] INFO com.tests.HomePageTest - Clicking checkout btn
2025-12-29 14:24:54,998 [main] INFO com.tests.HomePageTest - chrome Test is Finished
2025-12-29 14:24:54,999 [main] INFO com.tests.HomePageTest - Starting the report generation part....
2025-12-29 14:24:56,780 [main] INFO com.tests.HomePageTest - Test -> testSearchBox Is Starting
2025-12-29 14:24:56,873 [main] INFO com.tests.HomePageTest - Inside get getSearchvalue method
2025-12-29 14:24:56,893 [main] INFO com.tests.HomePageTest - The Value seacrched is = iMac
2025-12-29 14:25:00,940 [main] INFO com.tests.HomePageTest - Test -> testSearchbtn Is Starting
2025-12-29 14:25:01,441 [main] INFO com.tests.HomePageTest - The ProdcutsSize is = 1
2025-12-29 14:25:01,451 [main] INFO com.tests.HomePageTest - Test -> testAddToCart Is Starting
2025-12-29 14:25:04,730 [main] INFO com.tests.HomePageTest - The cart value text is = 1 item(s) - $122.00
2025-12-29 14:25:10,816 [main] INFO com.tests.HomePageTest - Test -> testShoppingCartBtn Is Starting
2025-12-29 14:25:10,816 [main] INFO com.tests.HomePageTest - Clicking the shopping cart btn
2025-12-29 14:25:14,330 [main] INFO com.tests.HomePageTest - Test -> testCheckoutBtn Is Starting
2025-12-29 14:25:14,330 [main] INFO com.tests.HomePageTest - Clicking checkout btn
2025-12-29 14:25:15,143 [main] INFO com.tests.HomePageTest - edge Test is Finished
2025-12-29 14:26:40,222 [main] INFO com.tests.HomePageTest - Test -> testSearchBox Is Starting
2025-12-29 14:26:40,307 [main] INFO com.tests.HomePageTest - Inside get getSearchvalue method
2025-12-29 14:26:40,339 [main] INFO com.tests.HomePageTest - The Value seacrched is = iMac
2025-12-29 14:26:44,379 [main] INFO com.tests.HomePageTest - Test -> testSearchbtn Is Starting
2025-12-29 14:26:44,849 [main] INFO com.tests.HomePageTest - The ProdcutsSize is = 1
2025-12-29 14:26:44,852 [main] INFO com.tests.HomePageTest - Test -> testAddToCart Is Starting
2025-12-29 14:26:48,068 [main] INFO com.tests.HomePageTest - The cart value text is = 1 item(s) - $122.00
2025-12-29 14:26:54,121 [main] INFO com.tests.HomePageTest - Test -> testShoppingCartBtn Is Starting
2025-12-29 14:26:54,121 [main] INFO com.tests.HomePageTest - Clicking the shopping cart btn
2025-12-29 14:26:57,660 [main] INFO com.tests.HomePageTest - Test -> testCheckoutBtn Is Starting
2025-12-29 14:26:57,661 [main] INFO com.tests.HomePageTest - Clicking checkout btn
2025-12-29 14:26:58,557 [main] INFO com.tests.HomePageTest - chrome Test is Finished
2025-12-29 14:26:58,560 [main] INFO com.tests.HomePageTest - Starting the report generation part....
2025-12-29 14:27:00,401 [main] INFO com.tests.HomePageTest - Test -> testSearchBox Is Starting
2025-12-29 14:27:00,519 [main] INFO com.tests.HomePageTest - Inside get getSearchvalue method
2025-12-29 14:27:00,543 [main] INFO com.tests.HomePageTest - The Value seacrched is = iMac
2025-12-29 14:27:04,575 [main] INFO com.tests.HomePageTest - Test -> testSearchbtn Is Starting
2025-12-29 14:27:05,231 [main] INFO com.tests.HomePageTest - The ProdcutsSize is = 1
2025-12-29 14:27:05,233 [main] INFO com.tests.HomePageTest - Test -> testAddToCart Is Starting
2025-12-29 14:27:08,539 [main] INFO com.tests.HomePageTest - The cart value text is = 1 item(s) - $122.00
2025-12-29 14:27:14,580 [main] INFO com.tests.HomePageTest - Test -> testShoppingCartBtn Is Starting
2025-12-29 14:27:14,580 [main] INFO com.tests.HomePageTest - Clicking the shopping cart btn
2025-12-29 14:27:18,205 [main] INFO com.tests.HomePageTest - Test -> testCheckoutBtn Is Starting
2025-12-29 14:27:18,205 [main] INFO com.tests.HomePageTest - Clicking checkout btn
2025-12-29 14:27:19,146 [main] INFO com.tests.HomePageTest - edge Test is Finished
2025-12-29 14:30:31,374 [main] INFO com.tests.HomePageTest - Test -> testSearchBox Is Starting
2025-12-29 14:30:31,491 [main] INFO com.tests.HomePageTest - Inside get getSearchvalue method
2025-12-29 14:30:31,522 [main] INFO com.tests.HomePageTest - The Value seacrched is = iMac
2025-12-29 14:30:35,596 [main] INFO com.tests.HomePageTest - Test -> testSearchbtn Is Starting
2025-12-29 14:30:36,162 [main] INFO com.tests.HomePageTest - The ProdcutsSize is = 1
2025-12-29 14:30:36,166 [main] INFO com.tests.HomePageTest - Test -> testAddToCart Is Starting
2025-12-29 14:30:39,476 [main] INFO com.tests.HomePageTest - The cart value text is = 1 item(s) - $122.00
2025-12-29 14:30:45,538 [main] INFO com.tests.HomePageTest - Test -> testShoppingCartBtn Is Starting
2025-12-29 14:30:45,538 [main] INFO com.tests.HomePageTest - Clicking the shopping cart btn
2025-12-29 14:30:49,065 [main] INFO com.tests.HomePageTest - Test -> testCheckoutBtn Is Starting
2025-12-29 14:30:49,065 [main] INFO com.tests.HomePageTest - Clicking checkout btn
2025-12-29 14:30:50,118 [main] INFO com.tests.HomePageTest - chrome Test is Finished
2025-12-29 14:30:50,120 [main] INFO com.tests.HomePageTest - Starting the report generation part....
2025-12-29 14:30:51,966 [main] INFO com.tests.HomePageTest - Test -> testSearchBox Is Starting
2025-12-29 14:30:52,050 [main] INFO com.tests.HomePageTest - Inside get getSearchvalue method
2025-12-29 14:30:52,067 [main] INFO com.tests.HomePageTest - The Value seacrched is = iMac
2025-12-29 14:30:56,106 [main] INFO com.tests.HomePageTest - Test -> testSearchbtn Is Starting
2025-12-29 14:31:00,439 [main] INFO com.tests.HomePageTest - The ProdcutsSize is = 1
2025-12-29 14:31:00,442 [main] INFO com.tests.HomePageTest - Test -> testAddToCart Is Starting
2025-12-29 14:31:03,722 [main] INFO com.tests.HomePageTest - The cart value text is = 1 item(s) - $122.00
2025-12-29 14:31:09,800 [main] INFO com.tests.HomePageTest - Test -> testShoppingCartBtn Is Starting
2025-12-29 14:31:09,800 [main] INFO com.tests.HomePageTest - Clicking the shopping cart btn
2025-12-29 14:31:13,292 [main] INFO com.tests.HomePageTest - Test -> testCheckoutBtn Is Starting
2025-12-29 14:31:13,292 [main] INFO com.tests.HomePageTest - Clicking checkout btn
2025-12-29 14:31:14,174 [main] INFO com.tests.HomePageTest - edge Test is Finished
2025-12-29 14:32:10,895 [main] INFO com.tests.HomePageTest - Test -> testSearchBox Is Starting
2025-12-29 14:32:11,005 [main] INFO com.tests.HomePageTest - Inside get getSearchvalue method
2025-12-29 14:32:11,038 [main] INFO com.tests.HomePageTest - The Value seacrched is = iMac
2025-12-29 14:32:15,098 [main] INFO com.tests.HomePageTest - Test -> testSearchbtn Is Starting
2025-12-29 14:32:15,672 [main] INFO com.tests.HomePageTest - The ProdcutsSize is = 1
2025-12-29 14:32:15,680 [main] INFO com.tests.HomePageTest - Test -> testAddToCart Is Starting
2025-12-29 14:32:19,033 [main] INFO com.tests.HomePageTest - The cart value text is = 1 item(s) - $122.00
2025-12-29 14:32:25,109 [main] INFO com.tests.HomePageTest - Test -> testShoppingCartBtn Is Starting
2025-12-29 14:32:25,109 [main] INFO com.tests.HomePageTest - Clicking the shopping cart btn
2025-12-29 14:32:28,710 [main] INFO com.tests.HomePageTest - Test -> testCheckoutBtn Is Starting
2025-12-29 14:32:28,711 [main] INFO com.tests.HomePageTest - Clicking checkout btn
2025-12-29 14:32:29,736 [main] INFO com.tests.HomePageTest - chrome Test is Finished
2025-12-29 14:32:29,739 [main] INFO com.tests.HomePageTest - Starting the report generation part....
2025-12-29 14:32:31,782 [main] INFO com.tests.HomePageTest - Test -> testSearchBox Is Starting
2025-12-29 14:32:31,849 [main] INFO com.tests.HomePageTest - Inside get getSearchvalue method
2025-12-29 14:32:31,881 [main] INFO com.tests.HomePageTest - The Value seacrched is = iMac
2025-12-29 14:32:35,913 [main] INFO com.tests.HomePageTest - Test -> testSearchbtn Is Starting
2025-12-29 14:32:36,472 [main] INFO com.tests.HomePageTest - The ProdcutsSize is = 1
2025-12-29 14:32:36,477 [main] INFO com.tests.HomePageTest - Test -> testAddToCart Is Starting
2025-12-29 14:32:39,817 [main] INFO com.tests.HomePageTest - The cart value text is = 1 item(s) - $122.00
2025-12-29 14:32:45,851 [main] INFO com.tests.HomePageTest - Test -> testShoppingCartBtn Is Starting
2025-12-29 14:32:45,852 [main] INFO com.tests.HomePageTest - Clicking the shopping cart btn
2025-12-29 14:32:49,441 [main] INFO com.tests.HomePageTest - Test -> testCheckoutBtn Is Starting
2025-12-29 14:32:49,441 [main] INFO com.tests.HomePageTest - Clicking checkout btn
2025-12-29 14:32:50,414 [main] INFO com.tests.HomePageTest - edge Test is Finished
2025-12-29 14:33:40,683 [main] INFO com.tests.HomePageTest - Test -> testSearchBox Is Starting
2025-12-29 14:33:40,776 [main] INFO com.tests.HomePageTest - Inside get getSearchvalue method
2025-12-29 14:33:40,821 [main] INFO com.tests.HomePageTest - The Value seacrched is = iMac
2025-12-29 14:33:44,868 [main] INFO com.tests.HomePageTest - Test -> testSearchbtn Is Starting
2025-12-29 14:33:45,443 [main] INFO com.tests.HomePageTest - The ProdcutsSize is = 1
2025-12-29 14:33:45,448 [main] INFO com.tests.HomePageTest - Test -> testAddToCart Is Starting
2025-12-29 14:33:48,793 [main] INFO com.tests.HomePageTest - The cart value text is = 1 item(s) - $122.00
2025-12-29 14:33:54,854 [main] INFO com.tests.HomePageTest - Test -> testShoppingCartBtn Is Starting
2025-12-29 14:33:54,854 [main] INFO com.tests.HomePageTest - Clicking the shopping cart btn
2025-12-29 14:33:58,347 [main] INFO com.tests.HomePageTest - Test -> testCheckoutBtn Is Starting
2025-12-29 14:33:58,347 [main] INFO com.tests.HomePageTest - Clicking checkout btn
2025-12-29 14:33:59,529 [main] INFO com.tests.HomePageTest - chrome Test is Finished
2025-12-29 14:33:59,529 [main] INFO com.tests.HomePageTest - Starting the report generation part....
2025-12-29 14:34:01,534 [main] INFO com.tests.HomePageTest - Test -> testSearchBox Is Starting
2025-12-29 14:34:01,686 [main] INFO com.tests.HomePageTest - Inside get getSearchvalue method
2025-12-29 14:34:01,719 [main] INFO com.tests.HomePageTest - The Value seacrched is = iMac
2025-12-29 14:34:05,750 [main] INFO com.tests.HomePageTest - Test -> testSearchbtn Is Starting
2025-12-29 14:34:06,304 [main] INFO com.tests.HomePageTest - The ProdcutsSize is = 1
2025-12-29 14:34:06,308 [main] INFO com.tests.HomePageTest - Test -> testAddToCart Is Starting
2025-12-29 14:34:09,675 [main] INFO com.tests.HomePageTest - The cart value text is = 1 item(s) - $122.00
2025-12-29 14:34:15,737 [main] INFO com.tests.HomePageTest - Test -> testShoppingCartBtn Is Starting
2025-12-29 14:34:15,738 [main] INFO com.tests.HomePageTest - Clicking the shopping cart btn
2025-12-29 14:34:19,291 [main] INFO com.tests.HomePageTest - Test -> testCheckoutBtn Is Starting
2025-12-29 14:34:19,291 [main] INFO com.tests.HomePageTest - Clicking checkout btn
2025-12-29 14:34:20,182 [main] INFO com.tests.HomePageTest - edge Test is Finished
2025-12-29 14:34:56,771 [main] INFO com.tests.HomePageTest - Test -> testSearchBox Is Starting
2025-12-29 14:34:56,890 [main] INFO com.tests.HomePageTest - Inside get getSearchvalue method
2025-12-29 14:34:56,910 [main] INFO com.tests.HomePageTest - The Value seacrched is = iMac
2025-12-29 14:35:00,957 [main] INFO com.tests.HomePageTest - Test -> testSearchbtn Is Starting
2025-12-29 14:35:01,454 [main] INFO com.tests.HomePageTest - The ProdcutsSize is = 1
2025-12-29 14:35:01,463 [main] INFO com.tests.HomePageTest - Test -> testAddToCart Is Starting
2025-12-29 14:35:04,734 [main] INFO com.tests.HomePageTest - The cart value text is = 1 item(s) - $122.00
2025-12-29 14:35:10,775 [main] INFO com.tests.HomePageTest - Test -> testShoppingCartBtn Is Starting
2025-12-29 14:35:10,775 [main] INFO com.tests.HomePageTest - Clicking the shopping cart btn
2025-12-29 14:35:14,302 [main] INFO com.tests.HomePageTest - Test -> testCheckoutBtn Is Starting
2025-12-29 14:35:14,302 [main] INFO com.tests.HomePageTest - Clicking checkout btn
2025-12-29 14:35:15,262 [main] INFO com.tests.HomePageTest - chrome Test is Finished
2025-12-29 15:07:54,768 [main] INFO com.tests.HomePageTest - Starting the report generation part....
2025-12-29 15:07:58,724 [main] INFO com.tests.HomePageTest - Test -> testSearchBox Is Starting
2025-12-29 15:07:58,850 [main] INFO com.tests.HomePageTest - Inside get getSearchvalue method
2025-12-29 15:07:58,890 [main] INFO com.tests.HomePageTest - The Value seacrched is = iMac
2025-12-29 15:08:02,958 [main] INFO com.tests.HomePageTest - Test -> testSearchbtn Is Starting
2025-12-29 15:08:03,422 [main] INFO com.tests.HomePageTest - The ProdcutsSize is = 1
2025-12-29 15:08:03,426 [main] INFO com.tests.HomePageTest - Test -> testAddToCart Is Starting
2025-12-29 15:08:06,650 [main] INFO com.tests.HomePageTest - The cart value text is = 1 item(s) - $122.00
2025-12-29 15:08:12,703 [main] INFO com.tests.HomePageTest - Test -> testShoppingCartBtn Is Starting
2025-12-29 15:08:12,703 [main] INFO com.tests.HomePageTest - Clicking the shopping cart btn
2025-12-29 15:08:16,190 [main] INFO com.tests.HomePageTest - Test -> testCheckoutBtn Is Starting
2025-12-29 15:08:16,191 [main] INFO com.tests.HomePageTest - Clicking checkout btn
2025-12-29 15:08:16,928 [main] INFO com.tests.HomePageTest - chrome Test is Finished
2025-12-29 15:09:57,339 [main] INFO com.tests.HomePageTest - Starting the report generation part....
2025-12-29 15:10:00,093 [main] INFO com.tests.HomePageTest - Inside get getSearchvalue method
2025-12-29 15:10:00,128 [main] INFO com.tests.HomePageTest - The Value seacrched is = iMac
2025-12-29 15:10:04,642 [main] INFO com.tests.HomePageTest - The ProdcutsSize is = 1
2025-12-29 15:10:07,908 [main] INFO com.tests.HomePageTest - The cart value text is = 1 item(s) - $122.00
2025-12-29 15:10:13,954 [main] INFO com.tests.HomePageTest - Clicking the shopping cart btn
2025-12-29 15:10:17,423 [main] INFO com.tests.HomePageTest - Clicking checkout btn
2025-12-29 15:11:24,370 [main] INFO com.tests.HomePageTest - Starting the report generation part....
2025-12-29 15:11:26,942 [main] INFO com.tests.HomePageTest - Inside get getSearchvalue method
2025-12-29 15:11:27,006 [main] INFO com.tests.HomePageTest - The Value seacrched is = iMac
2025-12-29 15:11:31,537 [main] INFO com.tests.HomePageTest - The ProdcutsSize is = 1
2025-12-29 15:11:34,794 [main] INFO com.tests.HomePageTest - The cart value text is = 1 item(s) - $122.00
2025-12-29 15:11:40,849 [main] INFO com.tests.HomePageTest - Clicking the shopping cart btn
2025-12-29 15:11:41,209 [main] INFO com.tests.HomePageTest - The page title is = Shopping Cart
2025-12-29 15:11:44,230 [main] INFO com.tests.HomePageTest - Clicking checkout btn
2025-12-29 15:12:40,414 [main] INFO com.tests.HomePageTest - Starting the report generation part....
2025-12-29 15:12:43,128 [main] INFO com.tests.HomePageTest - Inside get getSearchvalue method
2025-12-29 15:12:43,162 [main] INFO com.tests.HomePageTest - The Value seacrched is = iMac
2025-12-29 15:12:47,668 [main] INFO com.tests.HomePageTest - The ProdcutsSize is = 1
2025-12-29 15:12:47,685 [main] INFO com.tests.HomePageTest - Test - >testSearchbtn Is Passed
2025-12-29 15:12:54,942 [main] INFO com.tests.HomePageTest - The cart value text is = 1 item(s) - $122.00
2025-12-29 15:12:54,963 [main] INFO com.tests.HomePageTest - Test - >testAddToCart Is Passed
2025-12-29 15:13:04,999 [main] INFO com.tests.HomePageTest - Clicking the shopping cart btn
2025-12-29 15:13:05,436 [main] INFO com.tests.HomePageTest - The page title is = Shopping Cart
2025-12-29 15:13:05,445 [main] INFO com.tests.HomePageTest - Test - >testShoppingCartBtn Is Passed
2025-12-29 15:13:08,461 [main] INFO com.tests.HomePageTest - Clicking checkout btn
2025-12-29 15:15:13,876 [main] INFO com.tests.HomePageTest - Starting the report generation part....
2025-12-29 15:15:16,557 [main] INFO com.tests.HomePageTest - Inside get getSearchvalue method
2025-12-29 15:15:16,587 [main] INFO com.tests.HomePageTest - The Value seacrched is = iMac
2025-12-29 15:15:21,115 [main] INFO com.tests.HomePageTest - The ProdcutsSize is = 1
2025-12-29 15:15:21,129 [main] INFO com.tests.HomePageTest - Test - >testSearchbtn Is Passed
2025-12-29 15:15:28,425 [main] INFO com.tests.HomePageTest - The cart value text is = 1 item(s) - $122.00
2025-12-29 15:15:28,449 [main] INFO com.tests.HomePageTest - Test - >testAddToCart Is Passed
2025-12-29 15:15:38,481 [main] INFO com.tests.HomePageTest - Clicking the shopping cart btn
2025-12-29 15:15:38,922 [main] INFO com.tests.HomePageTest - The page title is = Shopping Cart
2025-12-29 15:15:38,934 [main] INFO com.tests.HomePageTest - Test - >testShoppingCartBtn Is Passed
2025-12-29 15:15:41,940 [main] INFO com.tests.HomePageTest - Clicking checkout btn
2025-12-29 15:20:56,785 [main] INFO com.tests.HomePageTest - Starting the report generation part....
2025-12-29 15:20:59,552 [main] INFO com.tests.HomePageTest - Inside get getSearchvalue method
2025-12-29 15:20:59,609 [main] INFO com.tests.HomePageTest - The Value seacrched is = iMac
2025-12-29 15:20:59,657 [main] INFO com.tests.HomePageTest - Test - >testSearchBox Is Failed
2025-12-29 15:21:04,163 [main] INFO com.tests.HomePageTest - The ProdcutsSize is = 1
2025-12-29 15:21:04,168 [main] INFO com.tests.HomePageTest - Test - >testSearchbtn Is Passed
2025-12-29 15:21:11,428 [main] INFO com.tests.HomePageTest - The cart value text is = 1 item(s) - $122.00
2025-12-29 15:21:11,455 [main] INFO com.tests.HomePageTest - Test - >testAddToCart Is Passed
2025-12-29 15:21:21,486 [main] INFO com.tests.HomePageTest - Clicking the shopping cart btn
2025-12-29 15:21:21,805 [main] INFO com.tests.HomePageTest - The page title is = Shopping Cart
2025-12-29 15:21:21,818 [main] INFO com.tests.HomePageTest - Test - >testShoppingCartBtn Is Passed
2025-12-29 15:21:24,834 [main] INFO com.tests.HomePageTest - Clicking checkout btn
2025-12-29 15:21:25,296 [main] INFO com.tests.HomePageTest - Test - >testCheckoutBtn Is Failed
2025-12-29 15:23:11,656 [main] INFO com.tests.HomePageTest - Starting the report generation part....
2025-12-29 15:23:14,489 [main] INFO com.tests.HomePageTest - Inside get getSearchvalue method
2025-12-29 15:23:14,526 [main] INFO com.tests.HomePageTest - The Value seacrched is = iMac
2025-12-29 15:23:14,584 [main] INFO com.tests.HomePageTest - Test - >testSearchBox Is Failed
2025-12-29 15:23:19,060 [main] INFO com.tests.HomePageTest - The ProdcutsSize is = 1
2025-12-29 15:23:19,062 [main] INFO com.tests.HomePageTest - Test - >testSearchbtn Is Passed
2025-12-29 15:23:26,304 [main] INFO com.tests.HomePageTest - The cart value text is = 1 item(s) - $122.00
2025-12-29 15:23:26,339 [main] INFO com.tests.HomePageTest - Test - >testAddToCart Is Passed
2025-12-29 15:23:36,373 [main] INFO com.tests.HomePageTest - Clicking the shopping cart btn
2025-12-29 15:23:36,816 [main] INFO com.tests.HomePageTest - The page title is = Shopping Cart
2025-12-29 15:23:36,828 [main] INFO com.tests.HomePageTest - Test - >testShoppingCartBtn Is Passed
2025-12-29 15:23:39,833 [main] INFO com.tests.HomePageTest - Clicking checkout btn
2025-12-29 15:23:40,474 [main] INFO com.tests.HomePageTest - Test - >testCheckoutBtn Is Failed
2025-12-29 15:26:21,913 [main] INFO com.tests.HomePageTest - Starting the report generation part....
2025-12-29 15:26:24,588 [main] INFO com.tests.HomePageTest - Inside get getSearchvalue method
2025-12-29 15:26:24,614 [main] INFO com.tests.HomePageTest - The Value seacrched is = iMac
2025-12-29 15:26:24,663 [main] INFO com.tests.HomePageTest - Test - >testSearchBox Is Failed
2025-12-29 15:26:29,116 [main] INFO com.tests.HomePageTest - The ProdcutsSize is = 1
2025-12-29 15:26:29,121 [main] INFO com.tests.HomePageTest - Test - >testSearchbtn Is Passed
2025-12-29 15:26:36,366 [main] INFO com.tests.HomePageTest - The cart value text is = 1 item(s) - $122.00
2025-12-29 15:26:36,398 [main] INFO com.tests.HomePageTest - Test - >testAddToCart Is Passed
2025-12-29 15:26:46,426 [main] INFO com.tests.HomePageTest - Clicking the shopping cart btn
2025-12-29 15:26:46,844 [main] INFO com.tests.HomePageTest - The page title is = Shopping Cart
2025-12-29 15:26:46,858 [main] INFO com.tests.HomePageTest - Test - >testShoppingCartBtn Is Passed
2025-12-29 15:26:49,873 [main] INFO com.tests.HomePageTest - Clicking checkout btn
2025-12-29 15:26:50,387 [main] INFO com.tests.HomePageTest - Test - >testCheckoutBtn Is Failed
2025-12-29 15:27:58,688 [main] INFO com.tests.HomePageTest - Starting the report generation part....
2025-12-29 15:28:02,806 [main] INFO com.tests.HomePageTest - Inside get getSearchvalue method
2025-12-29 15:28:02,878 [main] INFO com.tests.HomePageTest - The Value seacrched is = iMac
2025-12-29 15:28:02,988 [main] INFO com.tests.HomePageTest - Test - >testSearchBox Is Failed
2025-12-29 15:28:07,413 [main] INFO com.tests.HomePageTest - The ProdcutsSize is = 1
2025-12-29 15:28:07,415 [main] INFO com.tests.HomePageTest - Test - >testSearchbtn Is Passed
2025-12-29 15:28:14,651 [main] INFO com.tests.HomePageTest - The cart value text is = 1 item(s) - $122.00
2025-12-29 15:28:14,682 [main] INFO com.tests.HomePageTest - Test - >testAddToCart Is Passed
2025-12-29 15:28:24,713 [main] INFO com.tests.HomePageTest - Clicking the shopping cart btn
2025-12-29 15:28:25,676 [main] INFO com.tests.HomePageTest - The page title is = Shopping Cart
2025-12-29 15:28:25,691 [main] INFO com.tests.HomePageTest - Test - >testShoppingCartBtn Is Passed
2025-12-29 15:28:28,708 [main] INFO com.tests.HomePageTest - Clicking checkout btn
2025-12-29 15:28:29,237 [main] INFO com.tests.HomePageTest - Test - >testCheckoutBtn Is Failed
2025-12-29 15:30:37,577 [main] INFO com.tests.HomePageTest - Starting the report generation part....
2025-12-29 15:30:39,186 [main] INFO com.tests.HomePageTest - Test - >testSearchBox Is Skipped
2025-12-29 15:30:39,193 [main] INFO com.tests.HomePageTest - Test - >testSearchbtn Is Skipped
2025-12-29 15:30:39,197 [main] INFO com.tests.HomePageTest - Test - >testAddToCart Is Skipped
2025-12-29 15:30:39,203 [main] INFO com.tests.HomePageTest - Test - >testShoppingCartBtn Is Skipped
2025-12-29 15:30:39,206 [main] INFO com.tests.HomePageTest - Test - >testCheckoutBtn Is Skipped
2025-12-29 15:30:41,462 [main] INFO com.tests.HomePageTest - Inside get getSearchvalue method
2025-12-29 15:30:41,536 [main] INFO com.tests.HomePageTest - The Value seacrched is = iMac
2025-12-29 15:30:41,597 [main] INFO com.tests.HomePageTest - Test - >testSearchBox Is Failed
2025-12-29 15:30:46,119 [main] INFO com.tests.HomePageTest - The ProdcutsSize is = 1
2025-12-29 15:30:46,122 [main] INFO com.tests.HomePageTest - Test - >testSearchbtn Is Passed
2025-12-29 15:30:53,388 [main] INFO com.tests.HomePageTest - The cart value text is = 1 item(s) - $122.00
2025-12-29 15:30:53,427 [main] INFO com.tests.HomePageTest - Test - >testAddToCart Is Passed
2025-12-29 15:31:03,462 [main] INFO com.tests.HomePageTest - Clicking the shopping cart btn
2025-12-29 15:31:03,943 [main] INFO com.tests.HomePageTest - The page title is = Shopping Cart
2025-12-29 15:31:03,952 [main] INFO com.tests.HomePageTest - Test - >testShoppingCartBtn Is Passed
2025-12-29 15:31:06,966 [main] INFO com.tests.HomePageTest - Clicking checkout btn
2025-12-29 15:31:07,458 [main] INFO com.tests.HomePageTest - Test - >testCheckoutBtn Is Failed
2025-12-29 15:31:42,065 [main] INFO com.tests.HomePageTest - Starting the report generation part....
2025-12-29 15:31:43,847 [main] INFO com.tests.HomePageTest - Test - >testSearchBox Is Skipped
2025-12-29 15:31:43,852 [main] INFO com.tests.HomePageTest - Test - >testSearchbtn Is Skipped
2025-12-29 15:31:43,855 [main] INFO com.tests.HomePageTest - Test - >testAddToCart Is Skipped
2025-12-29 15:31:43,860 [main] INFO com.tests.HomePageTest - Test - >testShoppingCartBtn Is Skipped
2025-12-29 15:31:43,864 [main] INFO com.tests.HomePageTest - Test - >testCheckoutBtn Is Skipped
2025-12-29 15:31:46,368 [main] INFO com.tests.HomePageTest - Inside get getSearchvalue method
2025-12-29 15:31:46,418 [main] INFO com.tests.HomePageTest - The Value seacrched is = iMac
2025-12-29 15:31:46,461 [main] INFO com.tests.HomePageTest - Test - >testSearchBox Is Failed
2025-12-29 15:31:50,962 [main] INFO com.tests.HomePageTest - The ProdcutsSize is = 1
2025-12-29 15:31:50,962 [main] INFO com.tests.HomePageTest - Test - >testSearchbtn Is Passed
2025-12-29 15:31:58,186 [main] INFO com.tests.HomePageTest - The cart value text is = 1 item(s) - $122.00
2025-12-29 15:31:58,229 [main] INFO com.tests.HomePageTest - Test - >testAddToCart Is Passed
2025-12-29 15:32:08,267 [main] INFO com.tests.HomePageTest - Clicking the shopping cart btn
2025-12-29 15:32:08,748 [main] INFO com.tests.HomePageTest - The page title is = Shopping Cart
2025-12-29 15:32:08,758 [main] INFO com.tests.HomePageTest - Test - >testShoppingCartBtn Is Passed
2025-12-29 15:32:11,770 [main] INFO com.tests.HomePageTest - Clicking checkout btn
2025-12-29 15:32:12,322 [main] INFO com.tests.HomePageTest - Test - >testCheckoutBtn Is Failed
2025-12-29 15:33:23,079 [main] INFO com.tests.HomePageTest - Starting the report generation part....
2025-12-29 15:33:26,127 [main] INFO com.tests.HomePageTest - Inside get getSearchvalue method
2025-12-29 15:33:26,182 [main] INFO com.tests.HomePageTest - The Value seacrched is = iMac
2025-12-29 15:33:26,342 [main] INFO com.tests.HomePageTest - Test - >testSearchBox Is Failed
2025-12-29 15:33:30,826 [main] INFO com.tests.HomePageTest - The ProdcutsSize is = 1
2025-12-29 15:33:30,826 [main] INFO com.tests.HomePageTest - Test - >testSearchbtn Is Passed
2025-12-29 15:33:38,048 [main] INFO com.tests.HomePageTest - The cart value text is = 1 item(s) - $122.00
2025-12-29 15:33:38,084 [main] INFO com.tests.HomePageTest - Test - >testAddToCart Is Passed
2025-12-29 15:33:48,119 [main] INFO com.tests.HomePageTest - Clicking the shopping cart btn
2025-12-29 15:33:48,601 [main] INFO com.tests.HomePageTest - The page title is = Shopping Cart
2025-12-29 15:33:48,609 [main] INFO com.tests.HomePageTest - Test - >testShoppingCartBtn Is Passed
2025-12-29 15:33:51,627 [main] INFO com.tests.HomePageTest - Clicking checkout btn
2025-12-29 15:33:52,173 [main] INFO com.tests.HomePageTest - Test - >testCheckoutBtn Is Failed
2025-12-29 15:33:54,484 [main] INFO com.tests.HomePageTest - Inside get getSearchvalue method
2025-12-29 15:33:54,539 [main] INFO com.tests.HomePageTest - The Value seacrched is = iMac
2025-12-29 15:33:54,576 [main] INFO com.tests.HomePageTest - Test - >testSearchBox Is Failed
2025-12-29 15:33:59,039 [main] INFO com.tests.HomePageTest - The ProdcutsSize is = 1
2025-12-29 15:33:59,042 [main] INFO com.tests.HomePageTest - Test - >testSearchbtn Is Passed
2025-12-29 15:34:06,272 [main] INFO com.tests.HomePageTest - The cart value text is = 1 item(s) - $122.00
2025-12-29 15:34:06,319 [main] INFO com.tests.HomePageTest - Test - >testAddToCart Is Passed
2025-12-29 15:34:16,359 [main] INFO com.tests.HomePageTest - Clicking the shopping cart btn
2025-12-29 15:34:16,741 [main] INFO com.tests.HomePageTest - The page title is = Shopping Cart
2025-12-29 15:34:16,748 [main] INFO com.tests.HomePageTest - Test - >testShoppingCartBtn Is Passed
2025-12-29 15:34:19,754 [main] INFO com.tests.HomePageTest - Clicking checkout btn
2025-12-29 15:34:20,240 [main] INFO com.tests.HomePageTest - Test - >testCheckoutBtn Is Failed
2025-12-29 15:35:40,550 [main] INFO com.tests.HomePageTest - Starting the report generation part....
2025-12-29 15:35:44,074 [TestNG-tests-2] INFO com.tests.HomePageTest - Inside get getSearchvalue method
2025-12-29 15:35:44,159 [TestNG-tests-1] INFO com.tests.HomePageTest - Inside get getSearchvalue method
2025-12-29 15:35:44,230 [TestNG-tests-2] INFO com.tests.HomePageTest - The Value seacrched is = iMaciMac
2025-12-29 15:35:44,235 [TestNG-tests-1] INFO com.tests.HomePageTest - The Value seacrched is = iMaciMac
2025-12-29 15:35:44,353 [TestNG-tests-1] INFO com.tests.HomePageTest - Test - >testSearchBox Is Failed
2025-12-29 15:35:44,353 [TestNG-tests-2] INFO com.tests.HomePageTest - Test - >testSearchBox Is Failed
2025-12-29 15:35:54,382 [TestNG-tests-2] INFO com.tests.HomePageTest - Clicking the shopping cart btn
2025-12-29 15:35:54,382 [TestNG-tests-1] INFO com.tests.HomePageTest - Clicking the shopping cart btn
2025-12-29 15:35:54,721 [TestNG-tests-1] INFO com.tests.HomePageTest - The page title is = Shopping Cart
2025-12-29 15:35:54,729 [TestNG-tests-2] INFO com.tests.HomePageTest - Test - >testShoppingCartBtn Is Failed
2025-12-29 15:35:54,740 [TestNG-tests-1] INFO com.tests.HomePageTest - Test - >testShoppingCartBtn Is Passed
2025-12-29 15:35:57,743 [TestNG-tests-1] INFO com.tests.HomePageTest - Clicking checkout btn
2025-12-29 15:35:57,743 [TestNG-tests-2] INFO com.tests.HomePageTest - Clicking checkout btn
2025-12-29 15:36:07,770 [TestNG-tests-1] INFO com.tests.HomePageTest - Test - >testCheckoutBtn Is Failed
2025-12-29 15:36:17,798 [TestNG-tests-2] INFO com.tests.HomePageTest - Test - >testCheckoutBtn Is Failed
2025-12-29 15:36:18,205 [TestNG-tests-2] INFO com.tests.HomePageTest - Test - >testSearchbtn Is Failed
2025-12-29 15:36:48,291 [TestNG-tests-1] INFO com.tests.HomePageTest - The ProdcutsSize is = 0
2025-12-29 15:36:48,300 [TestNG-tests-1] INFO com.tests.HomePageTest - Test - >testSearchbtn Is Passed
2025-12-29 15:36:48,348 [TestNG-tests-2] INFO com.tests.HomePageTest - The cart value text is = 0 item(s) - $0.00
2025-12-29 15:36:48,390 [TestNG-tests-2] INFO com.tests.HomePageTest - Test - >testAddToCart Is Failed
2025-12-29 15:37:05,345 [TestNG-tests-1] INFO com.tests.HomePageTest - Test - >testAddToCart Is Failed
2025-12-29 15:40:11,361 [main] INFO com.tests.HomePageTest - Starting the report generation part....
2025-12-29 15:40:14,889 [TestNG-tests-1] INFO com.tests.HomePageTest - Inside get getSearchvalue method
2025-12-29 15:40:14,940 [TestNG-tests-2] INFO com.tests.HomePageTest - Inside get getSearchvalue method
2025-12-29 15:40:14,981 [TestNG-tests-1] INFO com.tests.HomePageTest - The Value seacrched is = iMaciMac
2025-12-29 15:40:14,992 [TestNG-tests-2] INFO com.tests.HomePageTest - The Value seacrched is = iMaciMac
2025-12-29 15:40:15,110 [TestNG-tests-1] INFO com.tests.HomePageTest - Test - >testSearchBox Is Failed
2025-12-29 15:40:15,110 [TestNG-tests-2] INFO com.tests.HomePageTest - Test - >testSearchBox Is Failed
2025-12-29 15:40:25,136 [TestNG-tests-1] INFO com.tests.HomePageTest - Clicking the shopping cart btn
2025-12-29 15:40:25,141 [TestNG-tests-2] INFO com.tests.HomePageTest - Clicking the shopping cart btn
2025-12-29 15:40:25,151 [TestNG-tests-1] INFO com.tests.HomePageTest - Test - >testShoppingCartBtn Is Failed
2025-12-29 15:40:25,215 [TestNG-tests-2] INFO com.tests.HomePageTest - Test - >testShoppingCartBtn Is Failed
2025-12-29 15:40:28,166 [TestNG-tests-1] INFO com.tests.HomePageTest - Clicking checkout btn
2025-12-29 15:40:28,174 [TestNG-tests-1] INFO com.tests.HomePageTest - Test - >testCheckoutBtn Is Failed
2025-12-29 15:40:28,181 [TestNG-tests-1] INFO com.tests.HomePageTest - Test - >testSearchbtn Is Failed
2025-12-29 15:40:28,228 [TestNG-tests-2] INFO com.tests.HomePageTest - Clicking checkout btn
2025-12-29 15:40:28,232 [TestNG-tests-2] INFO com.tests.HomePageTest - Test - >testCheckoutBtn Is Failed
2025-12-29 15:40:28,238 [TestNG-tests-2] INFO com.tests.HomePageTest - Test - >testSearchbtn Is Failed
2025-12-29 15:40:32,199 [TestNG-tests-1] INFO com.tests.HomePageTest - Test - >testAddToCart Is Failed
2025-12-29 15:40:32,244 [TestNG-tests-2] INFO com.tests.HomePageTest - Test - >testAddToCart Is Failed
2025-12-29 15:46:26,478 [main] INFO com.tests.HomePageTest - Starting the report generation part....
2025-12-29 15:46:29,599 [TestNG-tests-2] INFO com.tests.HomePageTest - Inside get getSearchvalue method
2025-12-29 15:46:29,664 [TestNG-tests-1] INFO com.tests.HomePageTest - Inside get getSearchvalue method
2025-12-29 15:46:29,675 [TestNG-tests-2] INFO com.tests.HomePageTest - The Value seacrched is = iMac
2025-12-29 15:46:29,703 [TestNG-tests-1] INFO com.tests.HomePageTest - The Value seacrched is = iMac
2025-12-29 15:46:29,759 [TestNG-tests-2] INFO com.tests.HomePageTest - Test - >testSearchBox Is Failed
2025-12-29 15:46:29,759 [TestNG-tests-1] INFO com.tests.HomePageTest - Test - >testSearchBox Is Failed
2025-12-29 15:46:39,809 [TestNG-tests-1] INFO com.tests.HomePageTest - Clicking the shopping cart btn
2025-12-29 15:46:39,809 [TestNG-tests-2] INFO com.tests.HomePageTest - Clicking the shopping cart btn
2025-12-29 15:46:40,163 [TestNG-tests-1] INFO com.tests.HomePageTest - The page title is = Shopping Cart
2025-12-29 15:46:40,170 [TestNG-tests-2] INFO com.tests.HomePageTest - The page title is = Shopping Cart
2025-12-29 15:46:40,176 [TestNG-tests-1] INFO com.tests.HomePageTest - Test - >testShoppingCartBtn Is Passed
2025-12-29 15:46:40,182 [TestNG-tests-2] INFO com.tests.HomePageTest - Test - >testShoppingCartBtn Is Passed
2025-12-29 15:46:43,185 [TestNG-tests-1] INFO com.tests.HomePageTest - Clicking checkout btn
2025-12-29 15:46:43,200 [TestNG-tests-2] INFO com.tests.HomePageTest - Clicking checkout btn
2025-12-29 15:46:53,232 [TestNG-tests-1] INFO com.tests.HomePageTest - Test - >testCheckoutBtn Is Failed
2025-12-29 15:46:53,266 [TestNG-tests-2] INFO com.tests.HomePageTest - Test - >testCheckoutBtn Is Failed
2025-12-29 15:47:13,637 [TestNG-tests-2] INFO com.tests.HomePageTest - The ProdcutsSize is = 0
2025-12-29 15:47:13,639 [TestNG-tests-2] INFO com.tests.HomePageTest - Test - >testSearchbtn Is Passed
2025-12-29 15:47:13,653 [TestNG-tests-1] INFO com.tests.HomePageTest - The ProdcutsSize is = 0
2025-12-29 15:47:13,654 [TestNG-tests-1] INFO com.tests.HomePageTest - Test - >testSearchbtn Is Passed
2025-12-29 15:47:30,726 [TestNG-tests-2] INFO com.tests.HomePageTest - The cart value text is = 0 item(s) - $0.00
2025-12-29 15:47:30,742 [TestNG-tests-1] INFO com.tests.HomePageTest - The cart value text is = 0 item(s) - $0.00
2025-12-29 15:47:30,755 [TestNG-tests-2] INFO com.tests.HomePageTest - Test - >testAddToCart Is Failed
2025-12-29 15:47:30,773 [TestNG-tests-1] INFO com.tests.HomePageTest - Test - >testAddToCart Is Failed
2025-12-29 15:49:52,593 [main] INFO com.tests.HomePageTest - Starting the report generation part....
2025-12-29 15:49:55,529 [TestNG-tests-2] INFO com.tests.HomePageTest - Inside get getSearchvalue method
2025-12-29 15:49:55,609 [TestNG-tests-1] INFO com.tests.HomePageTest - Inside get getSearchvalue method
2025-12-29 15:49:55,633 [TestNG-tests-2] INFO com.tests.HomePageTest - The Value seacrched is = iMac
2025-12-29 15:49:55,666 [TestNG-tests-1] INFO com.tests.HomePageTest - The Value seacrched is = iMac
2025-12-29 15:49:55,696 [TestNG-tests-2] INFO com.tests.HomePageTest - Test - >testSearchBox Is Failed
2025-12-29 15:49:55,726 [TestNG-tests-1] INFO com.tests.HomePageTest - Test - >testSearchBox Is Failed
2025-12-29 15:50:05,715 [TestNG-tests-2] INFO com.tests.HomePageTest - Clicking the shopping cart btn
2025-12-29 15:50:05,758 [TestNG-tests-1] INFO com.tests.HomePageTest - Clicking the shopping cart btn
2025-12-29 15:50:06,153 [TestNG-tests-2] INFO com.tests.HomePageTest - The page title is = Shopping Cart
2025-12-29 15:50:06,158 [TestNG-tests-1] INFO com.tests.HomePageTest - The page title is = Shopping Cart
2025-12-29 15:50:06,174 [TestNG-tests-2] INFO com.tests.HomePageTest - Test - >testShoppingCartBtn Is Passed
2025-12-29 15:50:06,181 [TestNG-tests-1] INFO com.tests.HomePageTest - Test - >testShoppingCartBtn Is Passed
2025-12-29 15:50:09,180 [TestNG-tests-2] INFO com.tests.HomePageTest - Clicking checkout btn
2025-12-29 15:50:09,195 [TestNG-tests-1] INFO com.tests.HomePageTest - Clicking checkout btn
2025-12-29 15:50:19,197 [TestNG-tests-2] INFO com.tests.HomePageTest - Test - >testCheckoutBtn Is Failed
2025-12-29 15:50:19,226 [TestNG-tests-1] INFO com.tests.HomePageTest - Test - >testCheckoutBtn Is Failed
2025-12-29 15:50:39,668 [TestNG-tests-2] INFO com.tests.HomePageTest - The ProdcutsSize is = 0
2025-12-29 15:50:39,669 [TestNG-tests-2] INFO com.tests.HomePageTest - Test - >testSearchbtn Is Passed
2025-12-29 15:50:39,725 [TestNG-tests-1] INFO com.tests.HomePageTest - The ProdcutsSize is = 0
2025-12-29 15:50:39,726 [TestNG-tests-1] INFO com.tests.HomePageTest - Test - >testSearchbtn Is Passed
2025-12-29 15:50:56,785 [TestNG-tests-2] INFO com.tests.HomePageTest - The cart value text is = 0 item(s) - $0.00
2025-12-29 15:50:56,797 [TestNG-tests-1] INFO com.tests.HomePageTest - The cart value text is = 0 item(s) - $0.00
2025-12-29 15:50:56,814 [TestNG-tests-2] INFO com.tests.HomePageTest - Test - >testAddToCart Is Failed
2025-12-29 15:50:56,827 [TestNG-tests-1] INFO com.tests.HomePageTest - Test - >testAddToCart Is Failed
2025-12-29 15:52:16,551 [main] INFO com.tests.HomePageTest - Starting the report generation part....
2025-12-29 15:52:19,739 [TestNG-tests-1] INFO com.tests.HomePageTest - Inside get getSearchvalue method
2025-12-29 15:52:19,817 [TestNG-tests-1] INFO com.tests.HomePageTest - The Value seacrched is = iMac
2025-12-29 15:52:19,846 [TestNG-tests-2] INFO com.tests.HomePageTest - Inside get getSearchvalue method
2025-12-29 15:52:19,913 [TestNG-tests-2] INFO com.tests.HomePageTest - The Value seacrched is = iMac
2025-12-29 15:52:19,943 [TestNG-tests-1] INFO com.tests.HomePageTest - Test - >testSearchBox Is Failed
2025-12-29 15:52:19,967 [TestNG-tests-2] INFO com.tests.HomePageTest - Test - >testSearchBox Is Failed
2025-12-29 15:52:29,978 [TestNG-tests-1] INFO com.tests.HomePageTest - Clicking the shopping cart btn
2025-12-29 15:52:29,993 [TestNG-tests-2] INFO com.tests.HomePageTest - Clicking the shopping cart btn
2025-12-29 15:52:30,340 [TestNG-tests-1] INFO com.tests.HomePageTest - The page title is = Shopping Cart
2025-12-29 15:52:30,345 [TestNG-tests-2] INFO com.tests.HomePageTest - The page title is = Shopping Cart
2025-12-29 15:52:30,356 [TestNG-tests-1] INFO com.tests.HomePageTest - Test - >testShoppingCartBtn Is Passed
2025-12-29 15:52:30,362 [TestNG-tests-2] INFO com.tests.HomePageTest - Test - >testShoppingCartBtn Is Passed
2025-12-29 15:52:33,371 [TestNG-tests-2] INFO com.tests.HomePageTest - Clicking checkout btn
2025-12-29 15:52:33,371 [TestNG-tests-1] INFO com.tests.HomePageTest - Clicking checkout btn
2025-12-29 15:52:43,394 [TestNG-tests-2] INFO com.tests.HomePageTest - Test - >testCheckoutBtn Is Failed
2025-12-29 15:52:43,406 [TestNG-tests-1] INFO com.tests.HomePageTest - Test - >testCheckoutBtn Is Failed
2025-12-29 15:53:03,837 [TestNG-tests-2] INFO com.tests.HomePageTest - The ProdcutsSize is = 0
2025-12-29 15:53:03,839 [TestNG-tests-2] INFO com.tests.HomePageTest - Test - >testSearchbtn Is Passed
2025-12-29 15:53:03,841 [TestNG-tests-1] INFO com.tests.HomePageTest - The ProdcutsSize is = 0
2025-12-29 15:53:03,845 [TestNG-tests-1] INFO com.tests.HomePageTest - Test - >testSearchbtn Is Passed
2025-12-29 15:53:20,931 [TestNG-tests-1] INFO com.tests.HomePageTest - The cart value text is = 0 item(s) - $0.00
2025-12-29 15:53:20,963 [TestNG-tests-1] INFO com.tests.HomePageTest - Test - >testAddToCart Is Failed
2025-12-29 15:53:20,964 [TestNG-tests-2] INFO com.tests.HomePageTest - The cart value text is = 0 item(s) - $0.00
2025-12-29 15:53:20,993 [TestNG-tests-2] INFO com.tests.HomePageTest - Test - >testAddToCart Is Failed
2025-12-29 15:55:11,152 [main] INFO com.tests.HomePageTest - Starting the report generation part....
2025-12-29 15:55:16,478 [TestNG-tests-1] INFO com.tests.HomePageTest - Inside get getSearchvalue method
2025-12-29 15:55:16,530 [TestNG-tests-2] INFO com.tests.HomePageTest - Inside get getSearchvalue method
2025-12-29 15:55:16,537 [TestNG-tests-1] INFO com.tests.HomePageTest - The Value seacrched is = iMac
2025-12-29 15:55:16,607 [TestNG-tests-2] INFO com.tests.HomePageTest - The Value seacrched is = iMac
2025-12-29 15:55:16,628 [TestNG-tests-1] INFO com.tests.HomePageTest - Test - >testSearchBox Is Failed
2025-12-29 15:55:16,658 [TestNG-tests-2] INFO com.tests.HomePageTest - Test - >testSearchBox Is Failed
2025-12-29 15:55:24,659 [TestNG-tests-1] INFO com.tests.HomePageTest - Clicking the shopping cart btn
2025-12-29 15:55:24,688 [TestNG-tests-2] INFO com.tests.HomePageTest - Clicking the shopping cart btn
2025-12-29 15:55:25,110 [TestNG-tests-1] INFO com.tests.HomePageTest - The page title is = Shopping Cart
2025-12-29 15:55:25,115 [TestNG-tests-2] INFO com.tests.HomePageTest - The page title is = Shopping Cart
2025-12-29 15:55:25,128 [TestNG-tests-1] INFO com.tests.HomePageTest - Test - >testShoppingCartBtn Is Passed
2025-12-29 15:55:25,135 [TestNG-tests-2] INFO com.tests.HomePageTest - Test - >testShoppingCartBtn Is Passed
2025-12-29 15:55:28,139 [TestNG-tests-2] INFO com.tests.HomePageTest - Clicking checkout btn
2025-12-29 15:55:28,139 [TestNG-tests-1] INFO com.tests.HomePageTest - Clicking checkout btn
2025-12-29 15:55:38,168 [TestNG-tests-1] INFO com.tests.HomePageTest - Test - >testCheckoutBtn Is Failed
2025-12-29 15:55:38,205 [TestNG-tests-2] INFO com.tests.HomePageTest - Test - >testCheckoutBtn Is Failed
2025-12-29 15:55:40,177 [TestNG-tests-1] INFO com.tests.HomePageTest - Click SearchButton
2025-12-29 15:55:40,208 [TestNG-tests-2] INFO com.tests.HomePageTest - Click SearchButton
2025-12-29 15:56:00,618 [TestNG-tests-1] INFO com.tests.HomePageTest - The ProdcutsSize is = 0
2025-12-29 15:56:00,620 [TestNG-tests-1] INFO com.tests.HomePageTest - Test - >testSearchbtn Is Passed
2025-12-29 15:56:00,683 [TestNG-tests-2] INFO com.tests.HomePageTest - The ProdcutsSize is = 0
2025-12-29 15:56:00,685 [TestNG-tests-2] INFO com.tests.HomePageTest - Test - >testSearchbtn Is Passed
2025-12-29 15:56:17,699 [TestNG-tests-1] INFO com.tests.HomePageTest - The cart value text is = 0 item(s) - $0.00
2025-12-29 15:56:17,717 [TestNG-tests-1] INFO com.tests.HomePageTest - Test - >testAddToCart Is Failed
2025-12-29 15:56:17,803 [TestNG-tests-2] INFO com.tests.HomePageTest - The cart value text is = 0 item(s) - $0.00
2025-12-29 15:56:17,823 [TestNG-tests-2] INFO com.tests.HomePageTest - Test - >testAddToCart Is Failed
2025-12-29 15:56:32,735 [main] INFO com.tests.HomePageTest - Starting the report generation part....
2025-12-29 15:56:37,825 [TestNG-tests-1] INFO com.tests.HomePageTest - Inside get getSearchvalue method
2025-12-29 15:56:37,844 [TestNG-tests-2] INFO com.tests.HomePageTest - Inside get getSearchvalue method
2025-12-29 15:56:37,869 [TestNG-tests-1] INFO com.tests.HomePageTest - The Value seacrched is = iMac
2025-12-29 15:56:37,897 [TestNG-tests-2] INFO com.tests.HomePageTest - The Value seacrched is = iMac
2025-12-29 15:56:37,955 [TestNG-tests-2] INFO com.tests.HomePageTest - Test - >testSearchBox Is Failed
2025-12-29 15:56:37,955 [TestNG-tests-1] INFO com.tests.HomePageTest - Test - >testSearchBox Is Failed
2025-12-29 15:56:41,973 [TestNG-tests-1] INFO com.tests.HomePageTest - Click SearchButton
2025-12-29 15:56:41,973 [TestNG-tests-2] INFO com.tests.HomePageTest - Click SearchButton
2025-12-29 15:56:42,420 [TestNG-tests-1] INFO com.tests.HomePageTest - The ProdcutsSize is = 1
2025-12-29 15:56:42,421 [TestNG-tests-1] INFO com.tests.HomePageTest - Test - >testSearchbtn Is Passed
2025-12-29 15:56:42,457 [TestNG-tests-2] INFO com.tests.HomePageTest - The ProdcutsSize is = 1
2025-12-29 15:56:42,459 [TestNG-tests-2] INFO com.tests.HomePageTest - Test - >testSearchbtn Is Passed
2025-12-29 15:56:46,645 [TestNG-tests-2] INFO com.tests.HomePageTest - Test - >testAddToCart Is Failed
2025-12-29 15:56:49,672 [TestNG-tests-1] INFO com.tests.HomePageTest - The cart value text is = 1 item(s) - $122.00
2025-12-29 15:56:49,719 [TestNG-tests-1] INFO com.tests.HomePageTest - Test - >testAddToCart Is Passed
2025-12-29 15:56:54,678 [TestNG-tests-2] INFO com.tests.HomePageTest - Clicking the shopping cart btn
2025-12-29 15:56:55,029 [TestNG-tests-2] INFO com.tests.HomePageTest - The page title is = Search - iMac
2025-12-29 15:56:55,038 [TestNG-tests-2] INFO com.tests.HomePageTest - Test - >testShoppingCartBtn Is Failed
2025-12-29 15:56:57,755 [TestNG-tests-1] INFO com.tests.HomePageTest - Clicking the shopping cart btn
2025-12-29 15:56:58,049 [TestNG-tests-2] INFO com.tests.HomePageTest - Clicking checkout btn
2025-12-29 15:56:58,102 [TestNG-tests-1] INFO com.tests.HomePageTest - The page title is = Shopping Cart
2025-12-29 15:56:58,119 [TestNG-tests-1] INFO com.tests.HomePageTest - Test - >testShoppingCartBtn Is Passed
2025-12-29 15:57:01,135 [TestNG-tests-1] INFO com.tests.HomePageTest - Clicking checkout btn
2025-12-29 15:57:01,621 [TestNG-tests-1] INFO com.tests.HomePageTest - Test - >testCheckoutBtn Is Failed
2025-12-29 15:57:08,116 [TestNG-tests-2] INFO com.tests.HomePageTest - Test - >testCheckoutBtn Is Failed
2025-12-29 15:57:58,996 [main] INFO com.tests.HomePageTest - Starting the report generation part....
2025-12-29 15:58:14,301 [main] INFO com.tests.HomePageTest - Starting the report generation part....
2025-12-29 15:58:19,348 [TestNG-tests-2] INFO com.tests.HomePageTest - Inside get getSearchvalue method
2025-12-29 15:58:19,411 [TestNG-tests-2] INFO com.tests.HomePageTest - The Value seacrched is = iMac
2025-12-29 15:58:19,481 [TestNG-tests-1] INFO com.tests.HomePageTest - Inside get getSearchvalue method
2025-12-29 15:58:19,516 [TestNG-tests-2] INFO com.tests.HomePageTest - Test - >testSearchBox Is Failed
2025-12-29 15:58:19,537 [TestNG-tests-1] INFO com.tests.HomePageTest - The Value seacrched is = iMac
2025-12-29 15:58:19,584 [TestNG-tests-1] INFO com.tests.HomePageTest - Test - >testSearchBox Is Failed
2025-12-29 15:58:23,538 [TestNG-tests-2] INFO com.tests.HomePageTest - Click SearchButton
2025-12-29 15:58:23,601 [TestNG-tests-1] INFO com.tests.HomePageTest - Click SearchButton
2025-12-29 15:58:24,012 [TestNG-tests-2] INFO com.tests.HomePageTest - The ProdcutsSize is = 1
2025-12-29 15:58:24,015 [TestNG-tests-2] INFO com.tests.HomePageTest - Test - >testSearchbtn Is Passed
2025-12-29 15:58:24,019 [TestNG-tests-1] INFO com.tests.HomePageTest - The ProdcutsSize is = 1
2025-12-29 15:58:24,021 [TestNG-tests-1] INFO com.tests.HomePageTest - Test - >testSearchbtn Is Passed
2025-12-29 15:58:28,104 [TestNG-tests-2] INFO com.tests.HomePageTest - Test - >testAddToCart Is Failed
2025-12-29 15:58:31,278 [TestNG-tests-1] INFO com.tests.HomePageTest - The cart value text is = 1 item(s) - $122.00
2025-12-29 15:58:31,326 [TestNG-tests-1] INFO com.tests.HomePageTest - Test - >testAddToCart Is Passed
2025-12-29 15:58:36,134 [TestNG-tests-2] INFO com.tests.HomePageTest - Clicking the shopping cart btn
2025-12-29 15:58:36,476 [TestNG-tests-2] INFO com.tests.HomePageTest - The page title is = Search - iMac
2025-12-29 15:58:36,498 [TestNG-tests-2] INFO com.tests.HomePageTest - Test - >testShoppingCartBtn Is Failed
2025-12-29 15:58:39,357 [TestNG-tests-1] INFO com.tests.HomePageTest - Clicking the shopping cart btn
2025-12-29 15:58:39,503 [TestNG-tests-2] INFO com.tests.HomePageTest - Clicking checkout btn
2025-12-29 15:58:39,809 [TestNG-tests-1] INFO com.tests.HomePageTest - The page title is = Shopping Cart
2025-12-29 15:58:39,832 [TestNG-tests-1] INFO com.tests.HomePageTest - Test - >testShoppingCartBtn Is Passed
2025-12-29 15:58:42,842 [TestNG-tests-1] INFO com.tests.HomePageTest - Clicking checkout btn
2025-12-29 15:58:43,417 [TestNG-tests-1] INFO com.tests.HomePageTest - Test - >testCheckoutBtn Is Failed
2025-12-29 15:58:49,547 [TestNG-tests-2] INFO com.tests.HomePageTest - Test - >testCheckoutBtn Is Failed
2025-12-29 16:01:01,002 [main] INFO com.tests.HomePageTest - Starting the report generation part....
2025-12-29 16:01:06,199 [TestNG-tests-2] INFO com.tests.HomePageTest - Inside get getSearchvalue method
2025-12-29 16:01:06,244 [TestNG-tests-1] INFO com.tests.HomePageTest - Inside get getSearchvalue method
2025-12-29 16:01:06,266 [TestNG-tests-2] INFO com.tests.HomePageTest - The Value seacrched is = iMac
2025-12-29 16:01:06,298 [TestNG-tests-1] INFO com.tests.HomePageTest - The Value seacrched is = iMac
2025-12-29 16:01:06,352 [TestNG-tests-2] INFO com.tests.HomePageTest - Test - >testSearchBox Is Failed
2025-12-29 16:01:06,352 [TestNG-tests-1] INFO com.tests.HomePageTest - Test - >testSearchBox Is Failed
2025-12-29 16:01:10,376 [TestNG-tests-2] INFO com.tests.HomePageTest - Click SearchButton
2025-12-29 16:01:10,376 [TestNG-tests-1] INFO com.tests.HomePageTest - Click SearchButton
2025-12-29 16:01:10,819 [TestNG-tests-2] INFO com.tests.HomePageTest - The ProdcutsSize is = 1
2025-12-29 16:01:10,823 [TestNG-tests-2] INFO com.tests.HomePageTest - Test - >testSearchbtn Is Passed
2025-12-29 16:01:10,885 [TestNG-tests-1] INFO com.tests.HomePageTest - The ProdcutsSize is = 1
2025-12-29 16:01:10,885 [TestNG-tests-1] INFO com.tests.HomePageTest - Test - >testSearchbtn Is Passed
2025-12-29 16:01:18,062 [TestNG-tests-2] INFO com.tests.HomePageTest - The cart value text is = 1 item(s) - $122.00
2025-12-29 16:01:18,093 [TestNG-tests-1] INFO com.tests.HomePageTest - The cart value text is = 1 item(s) - $122.00
2025-12-29 16:01:18,098 [TestNG-tests-2] INFO com.tests.HomePageTest - Test - >testAddToCart Is Passed
2025-12-29 16:01:18,138 [TestNG-tests-1] INFO com.tests.HomePageTest - Test - >testAddToCart Is Passed
2025-12-29 16:01:26,115 [TestNG-tests-2] INFO com.tests.HomePageTest - Clicking the shopping cart btn
2025-12-29 16:01:26,162 [TestNG-tests-1] INFO com.tests.HomePageTest - Clicking the shopping cart btn
2025-12-29 16:01:26,550 [TestNG-tests-2] INFO com.tests.HomePageTest - The page title is = Shopping Cart
2025-12-29 16:01:26,558 [TestNG-tests-1] INFO com.tests.HomePageTest - The page title is = Shopping Cart
2025-12-29 16:01:26,565 [TestNG-tests-2] INFO com.tests.HomePageTest - Test - >testShoppingCartBtn Is Passed
2025-12-29 16:01:26,581 [TestNG-tests-1] INFO com.tests.HomePageTest - Test - >testShoppingCartBtn Is Passed
2025-12-29 16:01:29,580 [TestNG-tests-2] INFO com.tests.HomePageTest - Clicking checkout btn
2025-12-29 16:01:29,596 [TestNG-tests-1] INFO com.tests.HomePageTest - Clicking checkout btn
2025-12-29 16:01:30,080 [TestNG-tests-2] INFO com.tests.HomePageTest - Test - >testCheckoutBtn Is Failed
2025-12-29 16:01:30,189 [TestNG-tests-1] INFO com.tests.HomePageTest - Test - >testCheckoutBtn Is Failed
2025-12-29 16:02:33,152 [main] INFO com.tests.HomePageTest - Starting the report generation part....
2025-12-29 16:02:38,461 [TestNG-tests-1] INFO com.tests.HomePageTest - Inside get getSearchvalue method
2025-12-29 16:02:38,510 [TestNG-tests-1] INFO com.tests.HomePageTest - The Value seacrched is = iMac
2025-12-29 16:02:38,569 [TestNG-tests-1] INFO com.tests.HomePageTest - Test - >testSearchBox Is Failed
2025-12-29 16:02:39,461 [TestNG-tests-2] INFO com.tests.HomePageTest - Inside get getSearchvalue method
2025-12-29 16:02:39,503 [TestNG-tests-2] INFO com.tests.HomePageTest - The Value seacrched is = iMac
2025-12-29 16:02:39,548 [TestNG-tests-2] INFO com.tests.HomePageTest - Test - >testSearchBox Is Failed
2025-12-29 16:02:42,574 [TestNG-tests-1] INFO com.tests.HomePageTest - Click SearchButton
2025-12-29 16:02:43,173 [TestNG-tests-1] INFO com.tests.HomePageTest - The ProdcutsSize is = 1
2025-12-29 16:02:43,178 [TestNG-tests-1] INFO com.tests.HomePageTest - Test - >testSearchbtn Is Passed
2025-12-29 16:02:43,569 [TestNG-tests-2] INFO com.tests.HomePageTest - Click SearchButton
2025-12-29 16:02:44,266 [TestNG-tests-2] INFO com.tests.HomePageTest - The ProdcutsSize is = 1
2025-12-29 16:02:44,266 [TestNG-tests-2] INFO com.tests.HomePageTest - Test - >testSearchbtn Is Passed
2025-12-29 16:02:49,825 [TestNG-tests-3] INFO com.tests.HomePageTest - Inside get getSearchvalue method
2025-12-29 16:02:49,862 [TestNG-tests-3] INFO com.tests.HomePageTest - The Value seacrched is = iMac
2025-12-29 16:02:49,905 [TestNG-tests-3] INFO com.tests.HomePageTest - Test - >testSearchBox Is Failed
2025-12-29 16:02:50,572 [TestNG-tests-1] INFO com.tests.HomePageTest - The cart value text is = 1 item(s) - $122.00
2025-12-29 16:02:50,622 [TestNG-tests-1] INFO com.tests.HomePageTest - Test - >testAddToCart Is Passed
2025-12-29 16:02:51,675 [TestNG-tests-2] INFO com.tests.HomePageTest - The cart value text is = 1 item(s) - $122.00
2025-12-29 16:02:51,719 [TestNG-tests-2] INFO com.tests.HomePageTest - Test - >testAddToCart Is Passed
2025-12-29 16:02:53,920 [TestNG-tests-3] INFO com.tests.HomePageTest - Click SearchButton
2025-12-29 16:02:54,367 [TestNG-tests-3] INFO com.tests.HomePageTest - The ProdcutsSize is = 1
2025-12-29 16:02:54,369 [TestNG-tests-3] INFO com.tests.HomePageTest - Test - >testSearchbtn Is Passed
2025-12-29 16:02:58,666 [TestNG-tests-1] INFO com.tests.HomePageTest - Clicking the shopping cart btn
2025-12-29 16:02:59,123 [TestNG-tests-1] INFO com.tests.HomePageTest - The page title is = Search - iMac
2025-12-29 16:02:59,137 [TestNG-tests-1] INFO com.tests.HomePageTest - Test - >testShoppingCartBtn Is Failed
2025-12-29 16:02:59,756 [TestNG-tests-2] INFO com.tests.HomePageTest - Clicking the shopping cart btn
2025-12-29 16:03:00,248 [TestNG-tests-2] INFO com.tests.HomePageTest - The page title is = Shopping Cart
2025-12-29 16:03:00,261 [TestNG-tests-2] INFO com.tests.HomePageTest - Test - >testShoppingCartBtn Is Passed
2025-12-29 16:03:01,542 [TestNG-tests-3] INFO com.tests.HomePageTest - The cart value text is = 1 item(s) - $122.00
2025-12-29 16:03:01,556 [TestNG-tests-3] INFO com.tests.HomePageTest - Test - >testAddToCart Is Passed
2025-12-29 16:03:02,146 [TestNG-tests-1] INFO com.tests.HomePageTest - Clicking checkout btn
2025-12-29 16:03:02,743 [TestNG-tests-1] INFO com.tests.HomePageTest - Test - >testCheckoutBtn Is Failed
2025-12-29 16:03:03,274 [TestNG-tests-2] INFO com.tests.HomePageTest - Clicking checkout btn
2025-12-29 16:03:03,783 [TestNG-tests-2] INFO com.tests.HomePageTest - Test - >testCheckoutBtn Is Failed
2025-12-29 16:03:09,606 [TestNG-tests-3] INFO com.tests.HomePageTest - Clicking the shopping cart btn
2025-12-29 16:03:09,997 [TestNG-tests-3] INFO com.tests.HomePageTest - The page title is = Shopping Cart
2025-12-29 16:03:10,018 [TestNG-tests-3] INFO com.tests.HomePageTest - Test - >testShoppingCartBtn Is Passed
2025-12-29 16:03:13,025 [TestNG-tests-3] INFO com.tests.HomePageTest - Clicking checkout btn
2025-12-29 16:03:13,432 [TestNG-tests-3] INFO com.tests.HomePageTest - Test - >testCheckoutBtn Is Failed
2025-12-29 16:06:24,513 [main] INFO com.tests.HomePageTest - Starting the report generation part....
2025-12-29 16:06:29,694 [TestNG-tests-2] INFO com.tests.HomePageTest - Inside get getSearchvalue method
2025-12-29 16:06:29,702 [TestNG-tests-1] INFO com.tests.HomePageTest - Inside get getSearchvalue method
2025-12-29 16:06:29,758 [TestNG-tests-2] INFO com.tests.HomePageTest - The Value seacrched is = iMac
2025-12-29 16:06:29,764 [TestNG-tests-1] INFO com.tests.HomePageTest - The Value seacrched is = iMac
2025-12-29 16:06:29,837 [TestNG-tests-1] INFO com.tests.HomePageTest - Test - >testSearchBox Is Failed
2025-12-29 16:06:29,837 [TestNG-tests-2] INFO com.tests.HomePageTest - Test - >testSearchBox Is Failed
2025-12-29 16:06:33,880 [TestNG-tests-1] INFO com.tests.HomePageTest - Click SearchButton
2025-12-29 16:06:33,880 [TestNG-tests-2] INFO com.tests.HomePageTest - Click SearchButton
2025-12-29 16:06:34,488 [TestNG-tests-2] INFO com.tests.HomePageTest - The ProdcutsSize is = 1
2025-12-29 16:06:34,488 [TestNG-tests-2] INFO com.tests.HomePageTest - Test - >testSearchbtn Is Passed
2025-12-29 16:06:34,614 [TestNG-tests-1] INFO com.tests.HomePageTest - The ProdcutsSize is = 1
2025-12-29 16:06:34,614 [TestNG-tests-1] INFO com.tests.HomePageTest - Test - >testSearchbtn Is Passed
2025-12-29 16:06:35,514 [TestNG-tests-3] INFO com.tests.HomePageTest - Inside get getSearchvalue method
2025-12-29 16:06:35,536 [TestNG-tests-3] INFO com.tests.HomePageTest - The Value seacrched is = iMac
2025-12-29 16:06:35,591 [TestNG-tests-3] INFO com.tests.HomePageTest - Test - >testSearchBox Is Failed
2025-12-29 16:06:39,610 [TestNG-tests-3] INFO com.tests.HomePageTest - Click SearchButton
2025-12-29 16:06:40,033 [TestNG-tests-3] INFO com.tests.HomePageTest - The ProdcutsSize is = 1
2025-12-29 16:06:40,035 [TestNG-tests-3] INFO com.tests.HomePageTest - Test - >testSearchbtn Is Passed
2025-12-29 16:06:41,774 [TestNG-tests-2] INFO com.tests.HomePageTest - The cart value text is = 1 item(s) - $122.00
2025-12-29 16:06:41,820 [TestNG-tests-2] INFO com.tests.HomePageTest - Test - >testAddToCart Is Passed
2025-12-29 16:06:41,936 [TestNG-tests-1] INFO com.tests.HomePageTest - The cart value text is = 1 item(s) - $122.00
2025-12-29 16:06:41,980 [TestNG-tests-1] INFO com.tests.HomePageTest - Test - >testAddToCart Is Passed
2025-12-29 16:06:47,251 [TestNG-tests-3] INFO com.tests.HomePageTest - The cart value text is = 1 item(s) - $122.00
2025-12-29 16:06:47,274 [TestNG-tests-3] INFO com.tests.HomePageTest - Test - >testAddToCart Is Passed
2025-12-29 16:06:49,861 [TestNG-tests-2] INFO com.tests.HomePageTest - Clicking the shopping cart btn
2025-12-29 16:06:50,000 [TestNG-tests-1] INFO com.tests.HomePageTest - Clicking the shopping cart btn
2025-12-29 16:06:50,231 [TestNG-tests-2] INFO com.tests.HomePageTest - The page title is = Search - iMac
2025-12-29 16:06:50,240 [TestNG-tests-2] INFO com.tests.HomePageTest - Test - >testShoppingCartBtn Is Failed
2025-12-29 16:06:50,438 [TestNG-tests-1] INFO com.tests.HomePageTest - The page title is = Search - iMac
2025-12-29 16:06:50,447 [TestNG-tests-1] INFO com.tests.HomePageTest - Test - >testShoppingCartBtn Is Failed
2025-12-29 16:06:53,258 [TestNG-tests-2] INFO com.tests.HomePageTest - Clicking checkout btn
2025-12-29 16:06:53,459 [TestNG-tests-1] INFO com.tests.HomePageTest - Clicking checkout btn
2025-12-29 16:06:53,778 [TestNG-tests-2] INFO com.tests.HomePageTest - Test - >testCheckoutBtn Is Failed
2025-12-29 16:06:53,973 [TestNG-tests-1] INFO com.tests.HomePageTest - Test - >testCheckoutBtn Is Failed
2025-12-29 16:06:55,312 [TestNG-tests-3] INFO com.tests.HomePageTest - Clicking the shopping cart btn
2025-12-29 16:06:55,609 [TestNG-tests-3] INFO com.tests.HomePageTest - The page title is = Shopping Cart
2025-12-29 16:06:55,632 [TestNG-tests-3] INFO com.tests.HomePageTest - Test - >testShoppingCartBtn Is Passed
2025-12-29 16:06:58,643 [TestNG-tests-3] INFO com.tests.HomePageTest - Clicking checkout btn
2025-12-29 16:06:59,129 [TestNG-tests-3] INFO com.tests.HomePageTest - Test - >testCheckoutBtn Is Failed
2025-12-29 16:08:44,497 [main] INFO com.tests.HomePageTest - Starting the report generation part....
2025-12-29 16:08:50,008 [TestNG-tests-1] INFO com.tests.HomePageTest - Inside get getSearchvalue method
2025-12-29 16:08:50,083 [TestNG-tests-2] INFO com.tests.HomePageTest - Inside get getSearchvalue method
2025-12-29 16:08:50,137 [TestNG-tests-1] INFO com.tests.HomePageTest - The Value seacrched is = iMaciMac
2025-12-29 16:08:50,155 [TestNG-tests-2] INFO com.tests.HomePageTest - The Value seacrched is = iMaciMac
2025-12-29 16:08:50,237 [TestNG-tests-1] INFO com.tests.HomePageTest - Test - >testSearchBox Is Failed
2025-12-29 16:08:50,237 [TestNG-tests-2] INFO com.tests.HomePageTest - Test - >testSearchBox Is Failed
2025-12-29 16:08:56,491 [TestNG-tests-3] INFO com.tests.HomePageTest - Inside get getSearchvalue method
2025-12-29 16:08:56,513 [TestNG-tests-3] INFO com.tests.HomePageTest - The Value seacrched is = iMac
2025-12-29 16:08:56,541 [TestNG-tests-3] INFO com.tests.HomePageTest - Test - >testSearchBox Is Failed
2025-12-29 16:08:58,280 [TestNG-tests-1] INFO com.tests.HomePageTest - Clicking the shopping cart btn
2025-12-29 16:08:58,280 [TestNG-tests-2] INFO com.tests.HomePageTest - Clicking the shopping cart btn
2025-12-29 16:08:58,647 [TestNG-tests-2] INFO com.tests.HomePageTest - The page title is = Your Store
2025-12-29 16:08:58,658 [TestNG-tests-2] INFO com.tests.HomePageTest - Test - >testShoppingCartBtn Is Failed
2025-12-29 16:08:58,665 [TestNG-tests-1] INFO com.tests.HomePageTest - Test - >testShoppingCartBtn Is Failed
2025-12-29 16:09:01,675 [TestNG-tests-2] INFO com.tests.HomePageTest - Clicking checkout btn
2025-12-29 16:09:01,677 [TestNG-tests-1] INFO com.tests.HomePageTest - Clicking checkout btn
2025-12-29 16:09:04,571 [TestNG-tests-3] INFO com.tests.HomePageTest - Clicking checkout btn
2025-12-29 16:09:05,581 [TestNG-tests-1] INFO com.tests.HomePageTest - Test - >testCheckoutBtn Is Failed
2025-12-29 16:09:05,581 [TestNG-tests-2] INFO com.tests.HomePageTest - Test - >testCheckoutBtn Is Failed
2025-12-29 16:09:06,667 [TestNG-tests-3] INFO com.tests.HomePageTest - Test - >testCheckoutBtn Is Failed
2025-12-30 09:14:51,722 [main] INFO com.tests.HomePageTest - Starting the report generation part....
2025-12-30 09:15:00,640 [TestNG-tests-2] INFO com.tests.HomePageTest - Inside get getSearchvalue method
2025-12-30 09:15:00,748 [TestNG-tests-1] INFO com.tests.HomePageTest - Inside get getSearchvalue method
2025-12-30 09:15:00,803 [TestNG-tests-2] INFO com.tests.HomePageTest - The Value seacrched is = iMaciMac
2025-12-30 09:15:00,818 [TestNG-tests-1] INFO com.tests.HomePageTest - The Value seacrched is = iMaciMac
2025-12-30 09:15:00,911 [TestNG-tests-1] INFO com.tests.HomePageTest - Test - >testSearchBox Is Failed
2025-12-30 09:15:00,911 [TestNG-tests-2] INFO com.tests.HomePageTest - Test - >testSearchBox Is Failed
2025-12-30 09:15:03,467 [TestNG-tests-3] INFO com.tests.HomePageTest - Inside get getSearchvalue method
2025-12-30 09:15:03,492 [TestNG-tests-3] INFO com.tests.HomePageTest - The Value seacrched is = iMac
2025-12-30 09:15:03,509 [TestNG-tests-3] INFO com.tests.HomePageTest - Test - >testSearchBox Is Failed
2025-12-30 09:15:04,954 [TestNG-tests-2] INFO com.tests.HomePageTest - Click SearchButton
2025-12-30 09:15:04,954 [TestNG-tests-1] INFO com.tests.HomePageTest - Click SearchButton
2025-12-30 09:15:05,575 [TestNG-tests-1] INFO com.tests.HomePageTest - Test - >testSearchbtn Is Failed
2025-12-30 09:15:07,521 [TestNG-tests-3] INFO com.tests.HomePageTest - Click SearchButton
2025-12-30 09:15:08,280 [TestNG-tests-3] INFO com.tests.HomePageTest - The ProdcutsSize is = 1
2025-12-30 09:15:08,280 [TestNG-tests-3] INFO com.tests.HomePageTest - Test - >testSearchbtn Is Passed
2025-12-30 09:15:15,477 [TestNG-tests-3] INFO com.tests.HomePageTest - The cart value text is = 1 item(s) - $122.00
2025-12-30 09:15:15,499 [TestNG-tests-3] INFO com.tests.HomePageTest - Test - >testAddToCart Is Passed
2025-12-30 09:15:23,541 [TestNG-tests-3] INFO com.tests.HomePageTest - Clicking the shopping cart btn
2025-12-30 09:15:24,109 [TestNG-tests-3] INFO com.tests.HomePageTest - The page title is = Shopping Cart
2025-12-30 09:15:24,129 [TestNG-tests-3] INFO com.tests.HomePageTest - Test - >testShoppingCartBtn Is Passed
2025-12-30 09:15:27,141 [TestNG-tests-3] INFO com.tests.HomePageTest - Clicking checkout btn
2025-12-30 09:15:28,079 [TestNG-tests-3] INFO com.tests.HomePageTest - Test - >testCheckoutBtn Is Failed
2025-12-30 09:15:35,728 [TestNG-tests-2] INFO com.tests.HomePageTest - The ProdcutsSize is = 0
2025-12-30 09:15:35,729 [TestNG-tests-2] INFO com.tests.HomePageTest - Test - >testSearchbtn Is Passed
2025-12-30 09:15:35,772 [TestNG-tests-1] INFO com.tests.HomePageTest - The cart value text is = 0 item(s) - $0.00
2025-12-30 09:15:35,798 [TestNG-tests-1] INFO com.tests.HomePageTest - Test - >testAddToCart Is Failed
2025-12-30 09:15:43,834 [TestNG-tests-1] INFO com.tests.HomePageTest - Clicking the shopping cart btn
2025-12-30 09:15:50,268 [TestNG-tests-1] INFO com.tests.HomePageTest - The page title is = Shopping Cart
2025-12-30 09:15:50,278 [TestNG-tests-1] INFO com.tests.HomePageTest - Test - >testShoppingCartBtn Is Passed
2025-12-30 09:15:52,789 [TestNG-tests-2] INFO com.tests.HomePageTest - The cart value text is = 0 item(s) - $0.00
2025-12-30 09:15:52,813 [TestNG-tests-2] INFO com.tests.HomePageTest - Test - >testAddToCart Is Failed
2025-12-30 09:15:53,282 [TestNG-tests-1] INFO com.tests.HomePageTest - Clicking checkout btn
2025-12-30 09:16:00,836 [TestNG-tests-2] INFO com.tests.HomePageTest - Clicking the shopping cart btn
2025-12-30 09:16:03,336 [TestNG-tests-1] INFO com.tests.HomePageTest - Test - >testCheckoutBtn Is Failed
2025-12-30 09:19:39,621 [main] INFO com.tests.HomePageTest - Starting the report generation part....
2025-12-30 09:19:46,561 [main] INFO com.tests.HomePageTest - Inside get getSearchvalue method
2025-12-30 09:19:46,590 [main] INFO com.tests.HomePageTest - The Value seacrched is = iMac
2025-12-30 09:19:46,652 [main] INFO com.tests.HomePageTest - Test - >testSearchBox Is Failed
2025-12-30 09:19:50,678 [main] INFO com.tests.HomePageTest - Click SearchButton
2025-12-30 09:19:51,494 [main] INFO com.tests.HomePageTest - The ProdcutsSize is = 1
2025-12-30 09:19:51,494 [main] INFO com.tests.HomePageTest - Test - >testSearchbtn Is Passed
2025-12-30 09:19:58,778 [main] INFO com.tests.HomePageTest - The cart value text is = 1 item(s) - $122.00
2025-12-30 09:19:58,814 [main] INFO com.tests.HomePageTest - Test - >testAddToCart Is Passed
2025-12-30 09:20:06,845 [main] INFO com.tests.HomePageTest - Clicking the shopping cart btn
2025-12-30 09:20:07,429 [main] INFO com.tests.HomePageTest - The page title is = Shopping Cart
2025-12-30 09:20:07,437 [main] INFO com.tests.HomePageTest - Test - >testShoppingCartBtn Is Passed
2025-12-30 09:20:10,453 [main] INFO com.tests.HomePageTest - Clicking checkout btn
2025-12-30 09:20:11,335 [main] INFO com.tests.HomePageTest - Test - >testCheckoutBtn Is Failed
2025-12-30 09:20:17,043 [main] INFO com.tests.HomePageTest - Inside get getSearchvalue method
2025-12-30 09:20:17,071 [main] INFO com.tests.HomePageTest - The Value seacrched is = iMac
2025-12-30 09:20:17,099 [main] INFO com.tests.HomePageTest - Test - >testSearchBox Is Failed
2025-12-30 09:20:21,105 [main] INFO com.tests.HomePageTest - Click SearchButton
2025-12-30 09:20:21,920 [main] INFO com.tests.HomePageTest - The ProdcutsSize is = 1
2025-12-30 09:20:21,920 [main] INFO com.tests.HomePageTest - Test - >testSearchbtn Is Passed
2025-12-30 09:20:29,161 [main] INFO com.tests.HomePageTest - The cart value text is = 1 item(s) - $122.00
2025-12-30 09:20:29,192 [main] INFO com.tests.HomePageTest - Test - >testAddToCart Is Passed
2025-12-30 09:20:37,238 [main] INFO com.tests.HomePageTest - Clicking the shopping cart btn
2025-12-30 09:20:37,802 [main] INFO com.tests.HomePageTest - The page title is = Shopping Cart
2025-12-30 09:20:37,816 [main] INFO com.tests.HomePageTest - Test - >testShoppingCartBtn Is Passed
2025-12-30 09:20:40,824 [main] INFO com.tests.HomePageTest - Clicking checkout btn
2025-12-30 09:20:41,733 [main] INFO com.tests.HomePageTest - Test - >testCheckoutBtn Is Failed
2025-12-30 09:20:49,663 [main] INFO com.tests.HomePageTest - Inside get getSearchvalue method
2025-12-30 09:20:49,685 [main] INFO com.tests.HomePageTest - The Value seacrched is = iMac
2025-12-30 09:20:49,708 [main] INFO com.tests.HomePageTest - Test - >testSearchBox Is Failed
2025-12-30 09:20:53,723 [main] INFO com.tests.HomePageTest - Click SearchButton
2025-12-30 09:20:54,512 [main] INFO com.tests.HomePageTest - The ProdcutsSize is = 1
2025-12-30 09:20:54,515 [main] INFO com.tests.HomePageTest - Test - >testSearchbtn Is Passed
2025-12-30 09:21:01,676 [main] INFO com.tests.HomePageTest - The cart value text is = 1 item(s) - $122.00
2025-12-30 09:21:01,699 [main] INFO com.tests.HomePageTest - Test - >testAddToCart Is Passed
2025-12-30 09:21:09,715 [main] INFO com.tests.HomePageTest - Clicking the shopping cart btn
2025-12-30 09:21:10,233 [main] INFO com.tests.HomePageTest - The page title is = Shopping Cart
2025-12-30 09:21:10,243 [main] INFO com.tests.HomePageTest - Test - >testShoppingCartBtn Is Passed
2025-12-30 09:21:13,252 [main] INFO com.tests.HomePageTest - Clicking checkout btn
2025-12-30 09:21:14,017 [main] INFO com.tests.HomePageTest - Test - >testCheckoutBtn Is Failed
2025-12-30 09:28:41,583 [main] INFO com.tests.HomePageTest - Starting the report generation part....
2025-12-30 09:28:50,590 [main] INFO com.tests.HomePageTest - Inside get getSearchvalue method
2025-12-30 09:28:50,617 [main] INFO com.tests.HomePageTest - The Value seacrched is = iMac
2025-12-30 09:28:50,663 [main] INFO com.tests.HomePageTest - Test - >testSearchBox Is Failed
2025-12-30 09:28:54,694 [main] INFO com.tests.HomePageTest - Click SearchButton
2025-12-30 09:28:55,507 [main] INFO com.tests.HomePageTest - The ProdcutsSize is = 1
2025-12-30 09:28:55,507 [main] INFO com.tests.HomePageTest - Test - >testSearchbtn Is Passed
2025-12-30 09:29:02,752 [main] INFO com.tests.HomePageTest - The cart value text is = 1 item(s) - $122.00
2025-12-30 09:29:02,784 [main] INFO com.tests.HomePageTest - Test - >testAddToCart Is Passed
2025-12-30 09:29:10,851 [main] INFO com.tests.HomePageTest - Clicking the shopping cart btn
2025-12-30 09:29:11,348 [main] INFO com.tests.HomePageTest - The page title is = Shopping Cart
2025-12-30 09:29:11,354 [main] INFO com.tests.HomePageTest - Test - >testShoppingCartBtn Is Passed
2025-12-30 09:29:14,376 [main] INFO com.tests.HomePageTest - Clicking checkout btn
2025-12-30 09:29:15,200 [main] INFO com.tests.HomePageTest - Test - >testCheckoutBtn Is Failed
2025-12-30 09:29:22,818 [main] INFO com.tests.HomePageTest - Inside get getSearchvalue method
2025-12-30 09:29:22,843 [main] INFO com.tests.HomePageTest - The Value seacrched is = iMac
2025-12-30 09:29:22,863 [main] INFO com.tests.HomePageTest - Test - >testSearchBox Is Failed
2025-12-30 09:29:26,875 [main] INFO com.tests.HomePageTest - Click SearchButton
2025-12-30 09:29:27,633 [main] INFO com.tests.HomePageTest - The ProdcutsSize is = 1
2025-12-30 09:29:27,633 [main] INFO com.tests.HomePageTest - Test - >testSearchbtn Is Passed
2025-12-30 09:29:34,915 [main] INFO com.tests.HomePageTest - The cart value text is = 1 item(s) - $122.00
2025-12-30 09:29:34,942 [main] INFO com.tests.HomePageTest - Test - >testAddToCart Is Passed
2025-12-30 09:29:42,961 [main] INFO com.tests.HomePageTest - Clicking the shopping cart btn
2025-12-30 09:29:43,482 [main] INFO com.tests.HomePageTest - The page title is = Shopping Cart
2025-12-30 09:29:43,488 [main] INFO com.tests.HomePageTest - Test - >testShoppingCartBtn Is Passed
2025-12-30 09:29:46,494 [main] INFO com.tests.HomePageTest - Clicking checkout btn
2025-12-30 09:29:47,249 [main] INFO com.tests.HomePageTest - Test - >testCheckoutBtn Is Failed
2025-12-30 09:29:54,684 [main] INFO com.tests.HomePageTest - Inside get getSearchvalue method
2025-12-30 09:29:54,704 [main] INFO com.tests.HomePageTest - The Value seacrched is = iMac
2025-12-30 09:29:54,723 [main] INFO com.tests.HomePageTest - Test - >testSearchBox Is Failed
2025-12-30 09:29:58,750 [main] INFO com.tests.HomePageTest - Click SearchButton
2025-12-30 09:29:59,590 [main] INFO com.tests.HomePageTest - The ProdcutsSize is = 1
2025-12-30 09:29:59,592 [main] INFO com.tests.HomePageTest - Test - >testSearchbtn Is Passed
2025-12-30 09:30:06,757 [main] INFO com.tests.HomePageTest - The cart value text is = 1 item(s) - $122.00
2025-12-30 09:30:06,776 [main] INFO com.tests.HomePageTest - Test - >testAddToCart Is Passed
2025-12-30 09:30:14,814 [main] INFO com.tests.HomePageTest - Clicking the shopping cart btn
2025-12-30 09:30:15,298 [main] INFO com.tests.HomePageTest - The page title is = Shopping Cart
2025-12-30 09:30:15,304 [main] INFO com.tests.HomePageTest - Test - >testShoppingCartBtn Is Passed
2025-12-30 09:30:18,315 [main] INFO com.tests.HomePageTest - Clicking checkout btn
2025-12-30 09:30:19,090 [main] INFO com.tests.HomePageTest - Test - >testCheckoutBtn Is Failed
