<!DOCTYPE html PUBLIC "-//W3C//DTD XHTML 1.1//EN" "https://www.w3.org/TR/xhtml11/DTD/xhtml11.dtd">
<html xmlns="https://www.w3.org/1999/xhtml">
<head>
<meta http-equiv="content-type" content="text/html; charset=UTF-8"/>
<title>TestNG Report</title>
<style type="text/css">table {margin-bottom:10px;border-collapse:collapse;empty-cells:show}th,td {border:1px solid #009;padding:.25em .5em}th {vertical-align:bottom}td {vertical-align:top}table a {font-weight:bold}.stripe td {background-color: #E6EBF9}.num {text-align:right}.passedodd td {background-color: #3F3}.passedeven td {background-color: #0A0}.skippedodd td {background-color: #DDD}.skippedeven td {background-color: #CCC}.failedodd td,.attn {background-color: #F33}.failedeven td,.stripe .attn {background-color: #D00}.stacktrace {white-space:pre;font-family:monospace}.totop {font-size:85%;text-align:center;border-bottom:2px solid #000}.invisible {display:none}</style>
</head>
<body>
<table>
<tr><th>Test</th><th># Passed</th><th># Skipped</th><th># Retried</th><th># Failed</th><th>Time (ms)</th><th>Included Groups</th><th>Excluded Groups</th></tr>
<tr><th colspan="8">Suite</th></tr>
<tr><td><a href="#t0">edge Test</a></td><td class="num">3</td><td class="num">0</td><td class="num">0</td><td class="num attn">2</td><td class="num">33,631</td><td></td><td></td></tr>
<tr class="stripe"><td><a href="#t1">chrome Test</a></td><td class="num">3</td><td class="num">0</td><td class="num">0</td><td class="num attn">2</td><td class="num">31,998</td><td></td><td></td></tr>
<tr><td><a href="#t2">firefox Test</a></td><td class="num">3</td><td class="num">0</td><td class="num">0</td><td class="num attn">2</td><td class="num">32,544</td><td></td><td></td></tr>
<tr><th>Total</th><th class="num">9</th><th class="num">0</th><th class="num">0</th><th class="num attn">6</th><th class="num">98,173</th><th colspan="2"></th></tr>
</table>
<table id='summary'><thead><tr><th>Class</th><th>Method</th><th>Start</th><th>Time (ms)</th></tr></thead><tbody><tr><th colspan="4">Suite</th></tr></tbody><tbody id="t0"><tr><th colspan="4">edge Test &#8212; failed</th></tr><tr class="failedeven"><td rowspan="1">com.tests.HomePageTest</td><td><a href="#m0">testSearchBox</a></td><td rowspan="1">1767067130474</td><td rowspan="1">175</td></tr><tr class="failedodd"><td rowspan="1">com.tests.ShoppingCartTest</td><td><a href="#m1">testCheckoutBtn</a></td><td rowspan="1">1767067154376</td><td rowspan="1">824</td></tr><tr><th colspan="4">edge Test &#8212; passed</th></tr><tr class="passedeven"><td rowspan="2">com.tests.HomePageTest</td><td><a href="#m2">testAddToCart</a></td><td rowspan="1">1767067139539</td><td rowspan="1">3245</td></tr><tr class="passedeven"><td><a href="#m3">testSearchbtn</a></td><td rowspan="1">1767067134694</td><td rowspan="1">813</td></tr><tr class="passedodd"><td rowspan="1">com.tests.ShoppingCartTest</td><td><a href="#m4">testShoppingCartBtn</a></td><td rowspan="1">1767067150851</td><td rowspan="1">503</td></tr></tbody>
<tbody id="t1"><tr><th colspan="4">chrome Test &#8212; failed</th></tr><tr class="failedeven"><td rowspan="1">com.tests.HomePageTest</td><td><a href="#m5">testSearchBox</a></td><td rowspan="1">1767067162714</td><td rowspan="1">147</td></tr><tr class="failedodd"><td rowspan="1">com.tests.ShoppingCartTest</td><td><a href="#m6">testCheckoutBtn</a></td><td rowspan="1">1767067186494</td><td rowspan="1">755</td></tr><tr><th colspan="4">chrome Test &#8212; passed</th></tr><tr class="passedeven"><td rowspan="2">com.tests.HomePageTest</td><td><a href="#m7">testAddToCart</a></td><td rowspan="1">1767067171667</td><td rowspan="1">3275</td></tr><tr class="passedeven"><td><a href="#m8">testSearchbtn</a></td><td rowspan="1">1767067166875</td><td rowspan="1">758</td></tr><tr class="passedodd"><td rowspan="1">com.tests.ShoppingCartTest</td><td><a href="#m9">testShoppingCartBtn</a></td><td rowspan="1">1767067182961</td><td rowspan="1">527</td></tr></tbody>
<tbody id="t2"><tr><th colspan="4">firefox Test &#8212; failed</th></tr><tr class="failedeven"><td rowspan="1">com.tests.HomePageTest</td><td><a href="#m10">testSearchBox</a></td><td rowspan="1">1767067194598</td><td rowspan="1">125</td></tr><tr class="failedodd"><td rowspan="1">com.tests.ShoppingCartTest</td><td><a href="#m11">testCheckoutBtn</a></td><td rowspan="1">1767067218315</td><td rowspan="1">775</td></tr><tr><th colspan="4">firefox Test &#8212; passed</th></tr><tr class="passedeven"><td rowspan="2">com.tests.HomePageTest</td><td><a href="#m12">testAddToCart</a></td><td rowspan="1">1767067203612</td><td rowspan="1">3164</td></tr><tr class="passedeven"><td><a href="#m13">testSearchbtn</a></td><td rowspan="1">1767067198750</td><td rowspan="1">841</td></tr><tr class="passedodd"><td rowspan="1">com.tests.ShoppingCartTest</td><td><a href="#m14">testShoppingCartBtn</a></td><td rowspan="1">1767067214814</td><td rowspan="1">488</td></tr></tbody>
</table>
<h2>edge Test</h2><h3 id="m0">com.tests.HomePageTest#testSearchBox</h3><table class="result"><tr><th>Exception</th></tr><tr><td><div class="stacktrace">java.lang.AssertionError: expected [true] but found [false]
	at com.tests.HomePageTest.testSearchBox(HomePageTest.java:49)
	at java.base/java.util.ArrayList.forEach(ArrayList.java:1511)
... Removed 35 stack frames</div></td></tr></table><p class="totop"><a href="#summary">back to summary</a></p>
<h3 id="m1">com.tests.ShoppingCartTest#testCheckoutBtn</h3><table class="result"><tr><th>Exception</th></tr><tr><td><div class="stacktrace">java.lang.AssertionError: expected [true] but found [false]
	at com.tests.ShoppingCartTest.testCheckoutBtn(ShoppingCartTest.java:46)
	at java.base/java.util.ArrayList.forEach(ArrayList.java:1511)
... Removed 35 stack frames</div></td></tr></table><p class="totop"><a href="#summary">back to summary</a></p>
<h3 id="m2">com.tests.HomePageTest#testAddToCart</h3><table class="result"><tr><th class="invisible"/></tr></table><p class="totop"><a href="#summary">back to summary</a></p>
<h3 id="m3">com.tests.HomePageTest#testSearchbtn</h3><table class="result"><tr><th class="invisible"/></tr></table><p class="totop"><a href="#summary">back to summary</a></p>
<h3 id="m4">com.tests.ShoppingCartTest#testShoppingCartBtn</h3><table class="result"><tr><th class="invisible"/></tr></table><p class="totop"><a href="#summary">back to summary</a></p>
<h2>chrome Test</h2><h3 id="m5">com.tests.HomePageTest#testSearchBox</h3><table class="result"><tr><th>Exception</th></tr><tr><td><div class="stacktrace">java.lang.AssertionError: expected [true] but found [false]
	at com.tests.HomePageTest.testSearchBox(HomePageTest.java:49)
	at java.base/java.util.ArrayList.forEach(ArrayList.java:1511)
... Removed 35 stack frames</div></td></tr></table><p class="totop"><a href="#summary">back to summary</a></p>
<h3 id="m6">com.tests.ShoppingCartTest#testCheckoutBtn</h3><table class="result"><tr><th>Exception</th></tr><tr><td><div class="stacktrace">java.lang.AssertionError: expected [true] but found [false]
	at com.tests.ShoppingCartTest.testCheckoutBtn(ShoppingCartTest.java:46)
	at java.base/java.util.ArrayList.forEach(ArrayList.java:1511)
... Removed 35 stack frames</div></td></tr></table><p class="totop"><a href="#summary">back to summary</a></p>
<h3 id="m7">com.tests.HomePageTest#testAddToCart</h3><table class="result"><tr><th class="invisible"/></tr></table><p class="totop"><a href="#summary">back to summary</a></p>
<h3 id="m8">com.tests.HomePageTest#testSearchbtn</h3><table class="result"><tr><th class="invisible"/></tr></table><p class="totop"><a href="#summary">back to summary</a></p>
<h3 id="m9">com.tests.ShoppingCartTest#testShoppingCartBtn</h3><table class="result"><tr><th class="invisible"/></tr></table><p class="totop"><a href="#summary">back to summary</a></p>
<h2>firefox Test</h2><h3 id="m10">com.tests.HomePageTest#testSearchBox</h3><table class="result"><tr><th>Exception</th></tr><tr><td><div class="stacktrace">java.lang.AssertionError: expected [true] but found [false]
	at com.tests.HomePageTest.testSearchBox(HomePageTest.java:49)
	at java.base/java.util.ArrayList.forEach(ArrayList.java:1511)
... Removed 35 stack frames</div></td></tr></table><p class="totop"><a href="#summary">back to summary</a></p>
<h3 id="m11">com.tests.ShoppingCartTest#testCheckoutBtn</h3><table class="result"><tr><th>Exception</th></tr><tr><td><div class="stacktrace">java.lang.AssertionError: expected [true] but found [false]
	at com.tests.ShoppingCartTest.testCheckoutBtn(ShoppingCartTest.java:46)
	at java.base/java.util.ArrayList.forEach(ArrayList.java:1511)
... Removed 35 stack frames</div></td></tr></table><p class="totop"><a href="#summary">back to summary</a></p>
<h3 id="m12">com.tests.HomePageTest#testAddToCart</h3><table class="result"><tr><th class="invisible"/></tr></table><p class="totop"><a href="#summary">back to summary</a></p>
<h3 id="m13">com.tests.HomePageTest#testSearchbtn</h3><table class="result"><tr><th class="invisible"/></tr></table><p class="totop"><a href="#summary">back to summary</a></p>
<h3 id="m14">com.tests.ShoppingCartTest#testShoppingCartBtn</h3><table class="result"><tr><th class="invisible"/></tr></table><p class="totop"><a href="#summary">back to summary</a></p>
</body>
</html>
