<?xml version="1.0" encoding="UTF-8"?>
<testng-results ignored="0" total="15" passed="9" failed="6" skipped="0">
  <reporter-output>
  </reporter-output>
  <suite started-at="2025-12-30T09:28:41 IST" name="Suite" finished-at="2025-12-30T09:30:20 IST" duration-ms="98212">
    <groups>
    </groups>
    <test started-at="2025-12-30T09:28:41 IST" name="edge Test" finished-at="2025-12-30T09:29:15 IST" duration-ms="33631">
      <class name="com.tests.ShoppingCartTest">
        <test-method is-config="true" signature="setupClass()[pri:0, instance:com.tests.ShoppingCartTest@202b0582]" started-at="2025-12-30T09:29:04 IST" name="setupClass" finished-at="2025-12-30T09:29:07 IST" duration-ms="3036" status="PASS">
          <reporter-output>
          </reporter-output>
        </test-method> <!-- setupClass -->
        <test-method is-config="true" signature="waitsome()[pri:0, instance:com.tests.ShoppingCartTest@202b0582]" started-at="2025-12-30T09:29:07 IST" name="waitsome" finished-at="2025-12-30T09:29:10 IST" duration-ms="3011" status="PASS">
          <reporter-output>
          </reporter-output>
        </test-method> <!-- waitsome -->
        <test-method signature="testShoppingCartBtn()[pri:3, instance:com.tests.ShoppingCartTest@202b0582]" started-at="2025-12-30T09:29:10 IST" name="testShoppingCartBtn" finished-at="2025-12-30T09:29:11 IST" duration-ms="503" status="PASS">
          <reporter-output>
          </reporter-output>
        </test-method> <!-- testShoppingCartBtn -->
        <test-method is-config="true" signature="waitsome()[pri:0, instance:com.tests.ShoppingCartTest@202b0582]" started-at="2025-12-30T09:29:11 IST" name="waitsome" finished-at="2025-12-30T09:29:14 IST" duration-ms="3022" status="PASS">
          <reporter-output>
          </reporter-output>
        </test-method> <!-- waitsome -->
        <test-method signature="testCheckoutBtn()[pri:4, instance:com.tests.ShoppingCartTest@202b0582]" started-at="2025-12-30T09:29:14 IST" name="testCheckoutBtn" finished-at="2025-12-30T09:29:15 IST" duration-ms="824" status="FAIL">
          <exception class="java.lang.AssertionError">
            <message>
              <![CDATA[expected [true] but found [false]]]>
            </message>
            <full-stacktrace>
              <![CDATA[java.lang.AssertionError: expected [true] but found [false]
at org.testng.Assert.fail(Assert.java:111)
at org.testng.Assert.failNotEquals(Assert.java:1590)
at org.testng.Assert.assertTrue(Assert.java:57)
at org.testng.Assert.assertTrue(Assert.java:67)
at com.tests.ShoppingCartTest.testCheckoutBtn(ShoppingCartTest.java:46)
at java.base/jdk.internal.reflect.NativeMethodAccessorImpl.invoke0(Native Method)
at java.base/jdk.internal.reflect.NativeMethodAccessorImpl.invoke(NativeMethodAccessorImpl.java:77)
at java.base/jdk.internal.reflect.DelegatingMethodAccessorImpl.invoke(DelegatingMethodAccessorImpl.java:43)
at java.base/java.lang.reflect.Method.invoke(Method.java:568)
at org.testng.internal.invokers.MethodInvocationHelper.invokeMethod(MethodInvocationHelper.java:141)
at org.testng.internal.invokers.TestInvoker.invokeMethod(TestInvoker.java:687)
at org.testng.internal.invokers.TestInvoker.invokeTestMethod(TestInvoker.java:230)
at org.testng.internal.invokers.MethodRunner.runInSequence(MethodRunner.java:63)
at org.testng.internal.invokers.TestInvoker$MethodInvocationAgent.invoke(TestInvoker.java:995)
at org.testng.internal.invokers.TestInvoker.invokeTestMethods(TestInvoker.java:203)
at org.testng.internal.invokers.TestMethodWorker.invokeTestMethods(TestMethodWorker.java:154)
at org.testng.internal.invokers.TestMethodWorker.run(TestMethodWorker.java:134)
at java.base/java.util.ArrayList.forEach(ArrayList.java:1511)
at org.testng.TestRunner.privateRun(TestRunner.java:741)
at org.testng.TestRunner.run(TestRunner.java:616)
at org.testng.SuiteRunner.runTest(SuiteRunner.java:421)
at org.testng.SuiteRunner.runSequentially(SuiteRunner.java:413)
at org.testng.SuiteRunner.privateRun(SuiteRunner.java:373)
at org.testng.SuiteRunner.run(SuiteRunner.java:312)
at org.testng.SuiteRunnerWorker.runSuite(SuiteRunnerWorker.java:52)
at org.testng.SuiteRunnerWorker.run(SuiteRunnerWorker.java:95)
at org.testng.TestNG.runSuitesSequentially(TestNG.java:1274)
at org.testng.TestNG.runSuitesLocally(TestNG.java:1208)
at org.testng.TestNG.runSuites(TestNG.java:1112)
at org.testng.TestNG.run(TestNG.java:1079)
at org.apache.maven.surefire.testng.TestNGExecutor.run(TestNGExecutor.java:308)
at org.apache.maven.surefire.testng.TestNGXmlTestSuite.execute(TestNGXmlTestSuite.java:71)
at org.apache.maven.surefire.testng.TestNGProvider.invoke(TestNGProvider.java:113)
at org.apache.maven.surefire.booter.ForkedBooter.runSuitesInProcess(ForkedBooter.java:385)
at org.apache.maven.surefire.booter.ForkedBooter.execute(ForkedBooter.java:162)
at org.apache.maven.surefire.booter.ForkedBooter.run(ForkedBooter.java:507)
at org.apache.maven.surefire.booter.ForkedBooter.main(ForkedBooter.java:495)
]]>
            </full-stacktrace>
          </exception> <!-- java.lang.AssertionError -->
          <reporter-output>
          </reporter-output>
        </test-method> <!-- testCheckoutBtn -->
      </class> <!-- com.tests.ShoppingCartTest -->
      <class name="com.tests.HomePageTest">
        <test-method is-config="true" signature="testSetup(java.lang.String)[pri:0, instance:com.tests.HomePageTest@543295b0]" started-at="2025-12-30T09:28:41 IST" name="testSetup" finished-at="2025-12-30T09:28:48 IST" duration-ms="6577" status="PASS">
          <params>
            <param index="0">
              <value>
                <![CDATA[edge]]>
              </value>
            </param>
          </params>
          <reporter-output>
          </reporter-output>
        </test-method> <!-- testSetup -->
        <test-method is-config="true" signature="setupClass()[pri:0, instance:com.tests.HomePageTest@543295b0]" started-at="2025-12-30T09:28:48 IST" name="setupClass" finished-at="2025-12-30T09:28:48 IST" duration-ms="58" status="PASS">
          <reporter-output>
          </reporter-output>
        </test-method> <!-- setupClass -->
        <test-method is-config="true" signature="waitSomeBefore()[pri:0, instance:com.tests.HomePageTest@543295b0]" started-at="2025-12-30T09:28:48 IST" name="waitSomeBefore" finished-at="2025-12-30T09:28:50 IST" duration-ms="2008" status="PASS">
          <reporter-output>
          </reporter-output>
        </test-method> <!-- waitSomeBefore -->
        <test-method signature="testSearchBox()[pri:0, instance:com.tests.HomePageTest@543295b0]" started-at="2025-12-30T09:28:50 IST" name="testSearchBox" finished-at="2025-12-30T09:28:50 IST" duration-ms="175" status="FAIL">
          <exception class="java.lang.AssertionError">
            <message>
              <![CDATA[expected [true] but found [false]]]>
            </message>
            <full-stacktrace>
              <![CDATA[java.lang.AssertionError: expected [true] but found [false]
at org.testng.Assert.fail(Assert.java:111)
at org.testng.Assert.failNotEquals(Assert.java:1590)
at org.testng.Assert.assertTrue(Assert.java:57)
at org.testng.Assert.assertTrue(Assert.java:67)
at com.tests.HomePageTest.testSearchBox(HomePageTest.java:49)
at java.base/jdk.internal.reflect.NativeMethodAccessorImpl.invoke0(Native Method)
at java.base/jdk.internal.reflect.NativeMethodAccessorImpl.invoke(NativeMethodAccessorImpl.java:77)
at java.base/jdk.internal.reflect.DelegatingMethodAccessorImpl.invoke(DelegatingMethodAccessorImpl.java:43)
at java.base/java.lang.reflect.Method.invoke(Method.java:568)
at org.testng.internal.invokers.MethodInvocationHelper.invokeMethod(MethodInvocationHelper.java:141)
at org.testng.internal.invokers.TestInvoker.invokeMethod(TestInvoker.java:687)
at org.testng.internal.invokers.TestInvoker.invokeTestMethod(TestInvoker.java:230)
at org.testng.internal.invokers.MethodRunner.runInSequence(MethodRunner.java:63)
at org.testng.internal.invokers.TestInvoker$MethodInvocationAgent.invoke(TestInvoker.java:995)
at org.testng.internal.invokers.TestInvoker.invokeTestMethods(TestInvoker.java:203)
at org.testng.internal.invokers.TestMethodWorker.invokeTestMethods(TestMethodWorker.java:154)
at org.testng.internal.invokers.TestMethodWorker.run(TestMethodWorker.java:134)
at java.base/java.util.ArrayList.forEach(ArrayList.java:1511)
at org.testng.TestRunner.privateRun(TestRunner.java:741)
at org.testng.TestRunner.run(TestRunner.java:616)
at org.testng.SuiteRunner.runTest(SuiteRunner.java:421)
at org.testng.SuiteRunner.runSequentially(SuiteRunner.java:413)
at org.testng.SuiteRunner.privateRun(SuiteRunner.java:373)
at org.testng.SuiteRunner.run(SuiteRunner.java:312)
at org.testng.SuiteRunnerWorker.runSuite(SuiteRunnerWorker.java:52)
at org.testng.SuiteRunnerWorker.run(SuiteRunnerWorker.java:95)
at org.testng.TestNG.runSuitesSequentially(TestNG.java:1274)
at org.testng.TestNG.runSuitesLocally(TestNG.java:1208)
at org.testng.TestNG.runSuites(TestNG.java:1112)
at org.testng.TestNG.run(TestNG.java:1079)
at org.apache.maven.surefire.testng.TestNGExecutor.run(TestNGExecutor.java:308)
at org.apache.maven.surefire.testng.TestNGXmlTestSuite.execute(TestNGXmlTestSuite.java:71)
at org.apache.maven.surefire.testng.TestNGProvider.invoke(TestNGProvider.java:113)
at org.apache.maven.surefire.booter.ForkedBooter.runSuitesInProcess(ForkedBooter.java:385)
at org.apache.maven.surefire.booter.ForkedBooter.execute(ForkedBooter.java:162)
at org.apache.maven.surefire.booter.ForkedBooter.run(ForkedBooter.java:507)
at org.apache.maven.surefire.booter.ForkedBooter.main(ForkedBooter.java:495)
]]>
            </full-stacktrace>
          </exception> <!-- java.lang.AssertionError -->
          <reporter-output>
          </reporter-output>
        </test-method> <!-- testSearchBox -->
        <test-method is-config="true" signature="waitSome()[pri:0, instance:com.tests.HomePageTest@543295b0]" started-at="2025-12-30T09:28:50 IST" name="waitSome" finished-at="2025-12-30T09:28:52 IST" duration-ms="2007" status="PASS">
          <reporter-output>
          </reporter-output>
        </test-method> <!-- waitSome -->
        <test-method is-config="true" signature="waitSomeBefore()[pri:0, instance:com.tests.HomePageTest@543295b0]" started-at="2025-12-30T09:28:52 IST" name="waitSomeBefore" finished-at="2025-12-30T09:28:54 IST" duration-ms="2019" status="PASS">
          <reporter-output>
          </reporter-output>
        </test-method> <!-- waitSomeBefore -->
        <test-method signature="testSearchbtn()[pri:1, instance:com.tests.HomePageTest@543295b0]" started-at="2025-12-30T09:28:54 IST" name="testSearchbtn" finished-at="2025-12-30T09:28:55 IST" duration-ms="813" status="PASS">
          <reporter-output>
          </reporter-output>
        </test-method> <!-- testSearchbtn -->
        <test-method is-config="true" signature="waitSome()[pri:0, instance:com.tests.HomePageTest@543295b0]" started-at="2025-12-30T09:28:55 IST" name="waitSome" finished-at="2025-12-30T09:28:57 IST" duration-ms="2028" status="PASS">
          <reporter-output>
          </reporter-output>
        </test-method> <!-- waitSome -->
        <test-method is-config="true" signature="waitSomeBefore()[pri:0, instance:com.tests.HomePageTest@543295b0]" started-at="2025-12-30T09:28:57 IST" name="waitSomeBefore" finished-at="2025-12-30T09:28:59 IST" duration-ms="2004" status="PASS">
          <reporter-output>
          </reporter-output>
        </test-method> <!-- waitSomeBefore -->
        <test-method signature="testAddToCart()[pri:2, instance:com.tests.HomePageTest@543295b0]" started-at="2025-12-30T09:28:59 IST" name="testAddToCart" finished-at="2025-12-30T09:29:02 IST" duration-ms="3245" status="PASS">
          <reporter-output>
          </reporter-output>
        </test-method> <!-- testAddToCart -->
        <test-method is-config="true" signature="waitSome()[pri:0, instance:com.tests.HomePageTest@543295b0]" started-at="2025-12-30T09:29:02 IST" name="waitSome" finished-at="2025-12-30T09:29:04 IST" duration-ms="2020" status="PASS">
          <reporter-output>
          </reporter-output>
        </test-method> <!-- waitSome -->
        <test-method is-config="true" signature="suiteTearDown()[pri:0, instance:com.tests.HomePageTest@543295b0]" started-at="2025-12-30T09:29:15 IST" name="suiteTearDown" finished-at="2025-12-30T09:29:15 IST" duration-ms="214" status="PASS">
          <reporter-output>
          </reporter-output>
        </test-method> <!-- suiteTearDown -->
      </class> <!-- com.tests.HomePageTest -->
    </test> <!-- edge Test -->
    <test started-at="2025-12-30T09:29:15 IST" name="chrome Test" finished-at="2025-12-30T09:29:47 IST" duration-ms="31998">
      <class name="com.tests.ShoppingCartTest">
        <test-method is-config="true" signature="setupClass()[pri:0, instance:com.tests.ShoppingCartTest@7ce026d3]" started-at="2025-12-30T09:29:36 IST" name="setupClass" finished-at="2025-12-30T09:29:39 IST" duration-ms="3007" status="PASS">
          <reporter-output>
          </reporter-output>
        </test-method> <!-- setupClass -->
        <test-method is-config="true" signature="waitsome()[pri:0, instance:com.tests.ShoppingCartTest@7ce026d3]" started-at="2025-12-30T09:29:39 IST" name="waitsome" finished-at="2025-12-30T09:29:42 IST" duration-ms="3004" status="PASS">
          <reporter-output>
          </reporter-output>
        </test-method> <!-- waitsome -->
        <test-method signature="testShoppingCartBtn()[pri:3, instance:com.tests.ShoppingCartTest@7ce026d3]" started-at="2025-12-30T09:29:42 IST" name="testShoppingCartBtn" finished-at="2025-12-30T09:29:43 IST" duration-ms="527" status="PASS">
          <reporter-output>
          </reporter-output>
        </test-method> <!-- testShoppingCartBtn -->
        <test-method is-config="true" signature="waitsome()[pri:0, instance:com.tests.ShoppingCartTest@7ce026d3]" started-at="2025-12-30T09:29:43 IST" name="waitsome" finished-at="2025-12-30T09:29:46 IST" duration-ms="3006" status="PASS">
          <reporter-output>
          </reporter-output>
        </test-method> <!-- waitsome -->
        <test-method signature="testCheckoutBtn()[pri:4, instance:com.tests.ShoppingCartTest@7ce026d3]" started-at="2025-12-30T09:29:46 IST" name="testCheckoutBtn" finished-at="2025-12-30T09:29:47 IST" duration-ms="755" status="FAIL">
          <exception class="java.lang.AssertionError">
            <message>
              <![CDATA[expected [true] but found [false]]]>
            </message>
            <full-stacktrace>
              <![CDATA[java.lang.AssertionError: expected [true] but found [false]
at org.testng.Assert.fail(Assert.java:111)
at org.testng.Assert.failNotEquals(Assert.java:1590)
at org.testng.Assert.assertTrue(Assert.java:57)
at org.testng.Assert.assertTrue(Assert.java:67)
at com.tests.ShoppingCartTest.testCheckoutBtn(ShoppingCartTest.java:46)
at java.base/jdk.internal.reflect.NativeMethodAccessorImpl.invoke0(Native Method)
at java.base/jdk.internal.reflect.NativeMethodAccessorImpl.invoke(NativeMethodAccessorImpl.java:77)
at java.base/jdk.internal.reflect.DelegatingMethodAccessorImpl.invoke(DelegatingMethodAccessorImpl.java:43)
at java.base/java.lang.reflect.Method.invoke(Method.java:568)
at org.testng.internal.invokers.MethodInvocationHelper.invokeMethod(MethodInvocationHelper.java:141)
at org.testng.internal.invokers.TestInvoker.invokeMethod(TestInvoker.java:687)
at org.testng.internal.invokers.TestInvoker.invokeTestMethod(TestInvoker.java:230)
at org.testng.internal.invokers.MethodRunner.runInSequence(MethodRunner.java:63)
at org.testng.internal.invokers.TestInvoker$MethodInvocationAgent.invoke(TestInvoker.java:995)
at org.testng.internal.invokers.TestInvoker.invokeTestMethods(TestInvoker.java:203)
at org.testng.internal.invokers.TestMethodWorker.invokeTestMethods(TestMethodWorker.java:154)
at org.testng.internal.invokers.TestMethodWorker.run(TestMethodWorker.java:134)
at java.base/java.util.ArrayList.forEach(ArrayList.java:1511)
at org.testng.TestRunner.privateRun(TestRunner.java:741)
at org.testng.TestRunner.run(TestRunner.java:616)
at org.testng.SuiteRunner.runTest(SuiteRunner.java:421)
at org.testng.SuiteRunner.runSequentially(SuiteRunner.java:413)
at org.testng.SuiteRunner.privateRun(SuiteRunner.java:373)
at org.testng.SuiteRunner.run(SuiteRunner.java:312)
at org.testng.SuiteRunnerWorker.runSuite(SuiteRunnerWorker.java:52)
at org.testng.SuiteRunnerWorker.run(SuiteRunnerWorker.java:95)
at org.testng.TestNG.runSuitesSequentially(TestNG.java:1274)
at org.testng.TestNG.runSuitesLocally(TestNG.java:1208)
at org.testng.TestNG.runSuites(TestNG.java:1112)
at org.testng.TestNG.run(TestNG.java:1079)
at org.apache.maven.surefire.testng.TestNGExecutor.run(TestNGExecutor.java:308)
at org.apache.maven.surefire.testng.TestNGXmlTestSuite.execute(TestNGXmlTestSuite.java:71)
at org.apache.maven.surefire.testng.TestNGProvider.invoke(TestNGProvider.java:113)
at org.apache.maven.surefire.booter.ForkedBooter.runSuitesInProcess(ForkedBooter.java:385)
at org.apache.maven.surefire.booter.ForkedBooter.execute(ForkedBooter.java:162)
at org.apache.maven.surefire.booter.ForkedBooter.run(ForkedBooter.java:507)
at org.apache.maven.surefire.booter.ForkedBooter.main(ForkedBooter.java:495)
]]>
            </full-stacktrace>
          </exception> <!-- java.lang.AssertionError -->
          <reporter-output>
          </reporter-output>
        </test-method> <!-- testCheckoutBtn -->
      </class> <!-- com.tests.ShoppingCartTest -->
      <class name="com.tests.HomePageTest">
        <test-method is-config="true" signature="testSetup(java.lang.String)[pri:0, instance:com.tests.HomePageTest@1caa0244]" started-at="2025-12-30T09:29:15 IST" name="testSetup" finished-at="2025-12-30T09:29:20 IST" duration-ms="5248" status="PASS">
          <params>
            <param index="0">
              <value>
                <![CDATA[chrome]]>
              </value>
            </param>
          </params>
          <reporter-output>
          </reporter-output>
        </test-method> <!-- testSetup -->
        <test-method is-config="true" signature="setupClass()[pri:0, instance:com.tests.HomePageTest@1caa0244]" started-at="2025-12-30T09:29:20 IST" name="setupClass" finished-at="2025-12-30T09:29:20 IST" duration-ms="0" status="PASS">
          <reporter-output>
          </reporter-output>
        </test-method> <!-- setupClass -->
        <test-method is-config="true" signature="waitSomeBefore()[pri:0, instance:com.tests.HomePageTest@1caa0244]" started-at="2025-12-30T09:29:20 IST" name="waitSomeBefore" finished-at="2025-12-30T09:29:22 IST" duration-ms="2014" status="PASS">
          <reporter-output>
          </reporter-output>
        </test-method> <!-- waitSomeBefore -->
        <test-method signature="testSearchBox()[pri:0, instance:com.tests.HomePageTest@1caa0244]" started-at="2025-12-30T09:29:22 IST" name="testSearchBox" finished-at="2025-12-30T09:29:22 IST" duration-ms="147" status="FAIL">
          <exception class="java.lang.AssertionError">
            <message>
              <![CDATA[expected [true] but found [false]]]>
            </message>
            <full-stacktrace>
              <![CDATA[java.lang.AssertionError: expected [true] but found [false]
at org.testng.Assert.fail(Assert.java:111)
at org.testng.Assert.failNotEquals(Assert.java:1590)
at org.testng.Assert.assertTrue(Assert.java:57)
at org.testng.Assert.assertTrue(Assert.java:67)
at com.tests.HomePageTest.testSearchBox(HomePageTest.java:49)
at java.base/jdk.internal.reflect.NativeMethodAccessorImpl.invoke0(Native Method)
at java.base/jdk.internal.reflect.NativeMethodAccessorImpl.invoke(NativeMethodAccessorImpl.java:77)
at java.base/jdk.internal.reflect.DelegatingMethodAccessorImpl.invoke(DelegatingMethodAccessorImpl.java:43)
at java.base/java.lang.reflect.Method.invoke(Method.java:568)
at org.testng.internal.invokers.MethodInvocationHelper.invokeMethod(MethodInvocationHelper.java:141)
at org.testng.internal.invokers.TestInvoker.invokeMethod(TestInvoker.java:687)
at org.testng.internal.invokers.TestInvoker.invokeTestMethod(TestInvoker.java:230)
at org.testng.internal.invokers.MethodRunner.runInSequence(MethodRunner.java:63)
at org.testng.internal.invokers.TestInvoker$MethodInvocationAgent.invoke(TestInvoker.java:995)
at org.testng.internal.invokers.TestInvoker.invokeTestMethods(TestInvoker.java:203)
at org.testng.internal.invokers.TestMethodWorker.invokeTestMethods(TestMethodWorker.java:154)
at org.testng.internal.invokers.TestMethodWorker.run(TestMethodWorker.java:134)
at java.base/java.util.ArrayList.forEach(ArrayList.java:1511)
at org.testng.TestRunner.privateRun(TestRunner.java:741)
at org.testng.TestRunner.run(TestRunner.java:616)
at org.testng.SuiteRunner.runTest(SuiteRunner.java:421)
at org.testng.SuiteRunner.runSequentially(SuiteRunner.java:413)
at org.testng.SuiteRunner.privateRun(SuiteRunner.java:373)
at org.testng.SuiteRunner.run(SuiteRunner.java:312)
at org.testng.SuiteRunnerWorker.runSuite(SuiteRunnerWorker.java:52)
at org.testng.SuiteRunnerWorker.run(SuiteRunnerWorker.java:95)
at org.testng.TestNG.runSuitesSequentially(TestNG.java:1274)
at org.testng.TestNG.runSuitesLocally(TestNG.java:1208)
at org.testng.TestNG.runSuites(TestNG.java:1112)
at org.testng.TestNG.run(TestNG.java:1079)
at org.apache.maven.surefire.testng.TestNGExecutor.run(TestNGExecutor.java:308)
at org.apache.maven.surefire.testng.TestNGXmlTestSuite.execute(TestNGXmlTestSuite.java:71)
at org.apache.maven.surefire.testng.TestNGProvider.invoke(TestNGProvider.java:113)
at org.apache.maven.surefire.booter.ForkedBooter.runSuitesInProcess(ForkedBooter.java:385)
at org.apache.maven.surefire.booter.ForkedBooter.execute(ForkedBooter.java:162)
at org.apache.maven.surefire.booter.ForkedBooter.run(ForkedBooter.java:507)
at org.apache.maven.surefire.booter.ForkedBooter.main(ForkedBooter.java:495)
]]>
            </full-stacktrace>
          </exception> <!-- java.lang.AssertionError -->
          <reporter-output>
          </reporter-output>
        </test-method> <!-- testSearchBox -->
        <test-method is-config="true" signature="waitSome()[pri:0, instance:com.tests.HomePageTest@1caa0244]" started-at="2025-12-30T09:29:22 IST" name="waitSome" finished-at="2025-12-30T09:29:24 IST" duration-ms="2002" status="PASS">
          <reporter-output>
          </reporter-output>
        </test-method> <!-- waitSome -->
        <test-method is-config="true" signature="waitSomeBefore()[pri:0, instance:com.tests.HomePageTest@1caa0244]" started-at="2025-12-30T09:29:24 IST" name="waitSomeBefore" finished-at="2025-12-30T09:29:26 IST" duration-ms="2009" status="PASS">
          <reporter-output>
          </reporter-output>
        </test-method> <!-- waitSomeBefore -->
        <test-method signature="testSearchbtn()[pri:1, instance:com.tests.HomePageTest@1caa0244]" started-at="2025-12-30T09:29:26 IST" name="testSearchbtn" finished-at="2025-12-30T09:29:27 IST" duration-ms="758" status="PASS">
          <reporter-output>
          </reporter-output>
        </test-method> <!-- testSearchbtn -->
        <test-method is-config="true" signature="waitSome()[pri:0, instance:com.tests.HomePageTest@1caa0244]" started-at="2025-12-30T09:29:27 IST" name="waitSome" finished-at="2025-12-30T09:29:29 IST" duration-ms="2016" status="PASS">
          <reporter-output>
          </reporter-output>
        </test-method> <!-- waitSome -->
        <test-method is-config="true" signature="waitSomeBefore()[pri:0, instance:com.tests.HomePageTest@1caa0244]" started-at="2025-12-30T09:29:29 IST" name="waitSomeBefore" finished-at="2025-12-30T09:29:31 IST" duration-ms="2018" status="PASS">
          <reporter-output>
          </reporter-output>
        </test-method> <!-- waitSomeBefore -->
        <test-method signature="testAddToCart()[pri:2, instance:com.tests.HomePageTest@1caa0244]" started-at="2025-12-30T09:29:31 IST" name="testAddToCart" finished-at="2025-12-30T09:29:34 IST" duration-ms="3275" status="PASS">
          <reporter-output>
          </reporter-output>
        </test-method> <!-- testAddToCart -->
        <test-method is-config="true" signature="waitSome()[pri:0, instance:com.tests.HomePageTest@1caa0244]" started-at="2025-12-30T09:29:34 IST" name="waitSome" finished-at="2025-12-30T09:29:36 IST" duration-ms="2008" status="PASS">
          <reporter-output>
          </reporter-output>
        </test-method> <!-- waitSome -->
        <test-method is-config="true" signature="suiteTearDown()[pri:0, instance:com.tests.HomePageTest@1caa0244]" started-at="2025-12-30T09:29:47 IST" name="suiteTearDown" finished-at="2025-12-30T09:29:47 IST" duration-ms="195" status="PASS">
          <reporter-output>
          </reporter-output>
        </test-method> <!-- suiteTearDown -->
      </class> <!-- com.tests.HomePageTest -->
    </test> <!-- chrome Test -->
    <test started-at="2025-12-30T09:29:47 IST" name="firefox Test" finished-at="2025-12-30T09:30:20 IST" duration-ms="32544">
      <class name="com.tests.ShoppingCartTest">
        <test-method is-config="true" signature="setupClass()[pri:0, instance:com.tests.ShoppingCartTest@5b247367]" started-at="2025-12-30T09:30:08 IST" name="setupClass" finished-at="2025-12-30T09:30:11 IST" duration-ms="3015" status="PASS">
          <reporter-output>
          </reporter-output>
        </test-method> <!-- setupClass -->
        <test-method is-config="true" signature="waitsome()[pri:0, instance:com.tests.ShoppingCartTest@5b247367]" started-at="2025-12-30T09:30:11 IST" name="waitsome" finished-at="2025-12-30T09:30:14 IST" duration-ms="3017" status="PASS">
          <reporter-output>
          </reporter-output>
        </test-method> <!-- waitsome -->
        <test-method signature="testShoppingCartBtn()[pri:3, instance:com.tests.ShoppingCartTest@5b247367]" started-at="2025-12-30T09:30:14 IST" name="testShoppingCartBtn" finished-at="2025-12-30T09:30:15 IST" duration-ms="488" status="PASS">
          <reporter-output>
          </reporter-output>
        </test-method> <!-- testShoppingCartBtn -->
        <test-method is-config="true" signature="waitsome()[pri:0, instance:com.tests.ShoppingCartTest@5b247367]" started-at="2025-12-30T09:30:15 IST" name="waitsome" finished-at="2025-12-30T09:30:18 IST" duration-ms="3008" status="PASS">
          <reporter-output>
          </reporter-output>
        </test-method> <!-- waitsome -->
        <test-method signature="testCheckoutBtn()[pri:4, instance:com.tests.ShoppingCartTest@5b247367]" started-at="2025-12-30T09:30:18 IST" name="testCheckoutBtn" finished-at="2025-12-30T09:30:19 IST" duration-ms="775" status="FAIL">
          <exception class="java.lang.AssertionError">
            <message>
              <![CDATA[expected [true] but found [false]]]>
            </message>
            <full-stacktrace>
              <![CDATA[java.lang.AssertionError: expected [true] but found [false]
at org.testng.Assert.fail(Assert.java:111)
at org.testng.Assert.failNotEquals(Assert.java:1590)
at org.testng.Assert.assertTrue(Assert.java:57)
at org.testng.Assert.assertTrue(Assert.java:67)
at com.tests.ShoppingCartTest.testCheckoutBtn(ShoppingCartTest.java:46)
at java.base/jdk.internal.reflect.NativeMethodAccessorImpl.invoke0(Native Method)
at java.base/jdk.internal.reflect.NativeMethodAccessorImpl.invoke(NativeMethodAccessorImpl.java:77)
at java.base/jdk.internal.reflect.DelegatingMethodAccessorImpl.invoke(DelegatingMethodAccessorImpl.java:43)
at java.base/java.lang.reflect.Method.invoke(Method.java:568)
at org.testng.internal.invokers.MethodInvocationHelper.invokeMethod(MethodInvocationHelper.java:141)
at org.testng.internal.invokers.TestInvoker.invokeMethod(TestInvoker.java:687)
at org.testng.internal.invokers.TestInvoker.invokeTestMethod(TestInvoker.java:230)
at org.testng.internal.invokers.MethodRunner.runInSequence(MethodRunner.java:63)
at org.testng.internal.invokers.TestInvoker$MethodInvocationAgent.invoke(TestInvoker.java:995)
at org.testng.internal.invokers.TestInvoker.invokeTestMethods(TestInvoker.java:203)
at org.testng.internal.invokers.TestMethodWorker.invokeTestMethods(TestMethodWorker.java:154)
at org.testng.internal.invokers.TestMethodWorker.run(TestMethodWorker.java:134)
at java.base/java.util.ArrayList.forEach(ArrayList.java:1511)
at org.testng.TestRunner.privateRun(TestRunner.java:741)
at org.testng.TestRunner.run(TestRunner.java:616)
at org.testng.SuiteRunner.runTest(SuiteRunner.java:421)
at org.testng.SuiteRunner.runSequentially(SuiteRunner.java:413)
at org.testng.SuiteRunner.privateRun(SuiteRunner.java:373)
at org.testng.SuiteRunner.run(SuiteRunner.java:312)
at org.testng.SuiteRunnerWorker.runSuite(SuiteRunnerWorker.java:52)
at org.testng.SuiteRunnerWorker.run(SuiteRunnerWorker.java:95)
at org.testng.TestNG.runSuitesSequentially(TestNG.java:1274)
at org.testng.TestNG.runSuitesLocally(TestNG.java:1208)
at org.testng.TestNG.runSuites(TestNG.java:1112)
at org.testng.TestNG.run(TestNG.java:1079)
at org.apache.maven.surefire.testng.TestNGExecutor.run(TestNGExecutor.java:308)
at org.apache.maven.surefire.testng.TestNGXmlTestSuite.execute(TestNGXmlTestSuite.java:71)
at org.apache.maven.surefire.testng.TestNGProvider.invoke(TestNGProvider.java:113)
at org.apache.maven.surefire.booter.ForkedBooter.runSuitesInProcess(ForkedBooter.java:385)
at org.apache.maven.surefire.booter.ForkedBooter.execute(ForkedBooter.java:162)
at org.apache.maven.surefire.booter.ForkedBooter.run(ForkedBooter.java:507)
at org.apache.maven.surefire.booter.ForkedBooter.main(ForkedBooter.java:495)
]]>
            </full-stacktrace>
          </exception> <!-- java.lang.AssertionError -->
          <reporter-output>
          </reporter-output>
        </test-method> <!-- testCheckoutBtn -->
      </class> <!-- com.tests.ShoppingCartTest -->
      <class name="com.tests.HomePageTest">
        <test-method is-config="true" signature="suitSetup()[pri:0, instance:com.tests.HomePageTest@1750fbeb]" started-at="2025-12-30T09:28:41 IST" name="suitSetup" finished-at="2025-12-30T09:28:41 IST" duration-ms="723" status="PASS">
          <reporter-output>
          </reporter-output>
        </test-method> <!-- suitSetup -->
        <test-method is-config="true" signature="testSetup(java.lang.String)[pri:0, instance:com.tests.HomePageTest@1750fbeb]" started-at="2025-12-30T09:29:47 IST" name="testSetup" finished-at="2025-12-30T09:29:52 IST" duration-ms="5123" status="PASS">
          <params>
            <param index="0">
              <value>
                <![CDATA[firefox]]>
              </value>
            </param>
          </params>
          <reporter-output>
          </reporter-output>
        </test-method> <!-- testSetup -->
        <test-method is-config="true" signature="setupClass()[pri:0, instance:com.tests.HomePageTest@1750fbeb]" started-at="2025-12-30T09:29:52 IST" name="setupClass" finished-at="2025-12-30T09:29:52 IST" duration-ms="2" status="PASS">
          <reporter-output>
          </reporter-output>
        </test-method> <!-- setupClass -->
        <test-method is-config="true" signature="waitSomeBefore()[pri:0, instance:com.tests.HomePageTest@1750fbeb]" started-at="2025-12-30T09:29:52 IST" name="waitSomeBefore" finished-at="2025-12-30T09:29:54 IST" duration-ms="2016" status="PASS">
          <reporter-output>
          </reporter-output>
        </test-method> <!-- waitSomeBefore -->
        <test-method signature="testSearchBox()[pri:0, instance:com.tests.HomePageTest@1750fbeb]" started-at="2025-12-30T09:29:54 IST" name="testSearchBox" finished-at="2025-12-30T09:29:54 IST" duration-ms="125" status="FAIL">
          <exception class="java.lang.AssertionError">
            <message>
              <![CDATA[expected [true] but found [false]]]>
            </message>
            <full-stacktrace>
              <![CDATA[java.lang.AssertionError: expected [true] but found [false]
at org.testng.Assert.fail(Assert.java:111)
at org.testng.Assert.failNotEquals(Assert.java:1590)
at org.testng.Assert.assertTrue(Assert.java:57)
at org.testng.Assert.assertTrue(Assert.java:67)
at com.tests.HomePageTest.testSearchBox(HomePageTest.java:49)
at java.base/jdk.internal.reflect.NativeMethodAccessorImpl.invoke0(Native Method)
at java.base/jdk.internal.reflect.NativeMethodAccessorImpl.invoke(NativeMethodAccessorImpl.java:77)
at java.base/jdk.internal.reflect.DelegatingMethodAccessorImpl.invoke(DelegatingMethodAccessorImpl.java:43)
at java.base/java.lang.reflect.Method.invoke(Method.java:568)
at org.testng.internal.invokers.MethodInvocationHelper.invokeMethod(MethodInvocationHelper.java:141)
at org.testng.internal.invokers.TestInvoker.invokeMethod(TestInvoker.java:687)
at org.testng.internal.invokers.TestInvoker.invokeTestMethod(TestInvoker.java:230)
at org.testng.internal.invokers.MethodRunner.runInSequence(MethodRunner.java:63)
at org.testng.internal.invokers.TestInvoker$MethodInvocationAgent.invoke(TestInvoker.java:995)
at org.testng.internal.invokers.TestInvoker.invokeTestMethods(TestInvoker.java:203)
at org.testng.internal.invokers.TestMethodWorker.invokeTestMethods(TestMethodWorker.java:154)
at org.testng.internal.invokers.TestMethodWorker.run(TestMethodWorker.java:134)
at java.base/java.util.ArrayList.forEach(ArrayList.java:1511)
at org.testng.TestRunner.privateRun(TestRunner.java:741)
at org.testng.TestRunner.run(TestRunner.java:616)
at org.testng.SuiteRunner.runTest(SuiteRunner.java:421)
at org.testng.SuiteRunner.runSequentially(SuiteRunner.java:413)
at org.testng.SuiteRunner.privateRun(SuiteRunner.java:373)
at org.testng.SuiteRunner.run(SuiteRunner.java:312)
at org.testng.SuiteRunnerWorker.runSuite(SuiteRunnerWorker.java:52)
at org.testng.SuiteRunnerWorker.run(SuiteRunnerWorker.java:95)
at org.testng.TestNG.runSuitesSequentially(TestNG.java:1274)
at org.testng.TestNG.runSuitesLocally(TestNG.java:1208)
at org.testng.TestNG.runSuites(TestNG.java:1112)
at org.testng.TestNG.run(TestNG.java:1079)
at org.apache.maven.surefire.testng.TestNGExecutor.run(TestNGExecutor.java:308)
at org.apache.maven.surefire.testng.TestNGXmlTestSuite.execute(TestNGXmlTestSuite.java:71)
at org.apache.maven.surefire.testng.TestNGProvider.invoke(TestNGProvider.java:113)
at org.apache.maven.surefire.booter.ForkedBooter.runSuitesInProcess(ForkedBooter.java:385)
at org.apache.maven.surefire.booter.ForkedBooter.execute(ForkedBooter.java:162)
at org.apache.maven.surefire.booter.ForkedBooter.run(ForkedBooter.java:507)
at org.apache.maven.surefire.booter.ForkedBooter.main(ForkedBooter.java:495)
]]>
            </full-stacktrace>
          </exception> <!-- java.lang.AssertionError -->
          <reporter-output>
          </reporter-output>
        </test-method> <!-- testSearchBox -->
        <test-method is-config="true" signature="waitSome()[pri:0, instance:com.tests.HomePageTest@1750fbeb]" started-at="2025-12-30T09:29:54 IST" name="waitSome" finished-at="2025-12-30T09:29:56 IST" duration-ms="2011" status="PASS">
          <reporter-output>
          </reporter-output>
        </test-method> <!-- waitSome -->
        <test-method is-config="true" signature="waitSomeBefore()[pri:0, instance:com.tests.HomePageTest@1750fbeb]" started-at="2025-12-30T09:29:56 IST" name="waitSomeBefore" finished-at="2025-12-30T09:29:58 IST" duration-ms="2010" status="PASS">
          <reporter-output>
          </reporter-output>
        </test-method> <!-- waitSomeBefore -->
        <test-method signature="testSearchbtn()[pri:1, instance:com.tests.HomePageTest@1750fbeb]" started-at="2025-12-30T09:29:58 IST" name="testSearchbtn" finished-at="2025-12-30T09:29:59 IST" duration-ms="841" status="PASS">
          <reporter-output>
          </reporter-output>
        </test-method> <!-- testSearchbtn -->
        <test-method is-config="true" signature="waitSome()[pri:0, instance:com.tests.HomePageTest@1750fbeb]" started-at="2025-12-30T09:29:59 IST" name="waitSome" finished-at="2025-12-30T09:30:01 IST" duration-ms="2007" status="PASS">
          <reporter-output>
          </reporter-output>
        </test-method> <!-- waitSome -->
        <test-method is-config="true" signature="waitSomeBefore()[pri:0, instance:com.tests.HomePageTest@1750fbeb]" started-at="2025-12-30T09:30:01 IST" name="waitSomeBefore" finished-at="2025-12-30T09:30:03 IST" duration-ms="2013" status="PASS">
          <reporter-output>
          </reporter-output>
        </test-method> <!-- waitSomeBefore -->
        <test-method signature="testAddToCart()[pri:2, instance:com.tests.HomePageTest@1750fbeb]" started-at="2025-12-30T09:30:03 IST" name="testAddToCart" finished-at="2025-12-30T09:30:06 IST" duration-ms="3164" status="PASS">
          <reporter-output>
          </reporter-output>
        </test-method> <!-- testAddToCart -->
        <test-method is-config="true" signature="waitSome()[pri:0, instance:com.tests.HomePageTest@1750fbeb]" started-at="2025-12-30T09:30:06 IST" name="waitSome" finished-at="2025-12-30T09:30:08 IST" duration-ms="2004" status="PASS">
          <reporter-output>
          </reporter-output>
        </test-method> <!-- waitSome -->
        <test-method is-config="true" signature="suiteTearDown()[pri:0, instance:com.tests.HomePageTest@1750fbeb]" started-at="2025-12-30T09:30:19 IST" name="suiteTearDown" finished-at="2025-12-30T09:30:20 IST" duration-ms="909" status="PASS">
          <reporter-output>
          </reporter-output>
        </test-method> <!-- suiteTearDown -->
        <test-method is-config="true" signature="suiteTeardownT()[pri:0, instance:com.tests.HomePageTest@1750fbeb]" started-at="2025-12-30T09:30:20 IST" name="suiteTeardownT" finished-at="2025-12-30T09:30:20 IST" duration-ms="283" status="PASS">
          <reporter-output>
          </reporter-output>
        </test-method> <!-- suiteTeardownT -->
      </class> <!-- com.tests.HomePageTest -->
    </test> <!-- firefox Test -->
  </suite> <!-- Suite -->
</testng-results>
